#
# There is insufficient memory for the Java Runtime Environment to continue.
# Native memory allocation (malloc) failed to allocate 2231376 bytes for Chunk::new
# Possible reasons:
#   The system is out of physical RAM or swap space
#   The process is running with CompressedOops enabled, and the Java Heap may be blocking the growth of the native heap
# Possible solutions:
#   Reduce memory load on the system
#   Increase physical memory or swap space
#   Check if swap backing store is full
#   Decrease Java heap size (-Xmx/-Xms)
#   Decrease number of Java threads
#   Decrease Java thread stack sizes (-Xss)
#   Set larger code cache with -XX:ReservedCodeCacheSize=
#   JVM is running with Unscaled Compressed Oops mode in which the Java heap is
#     placed in the first 4GB address space. The Java Heap base address is the
#     maximum limit for the native heap growth. Please use -XX:HeapBaseMinAddress
#     to set the Java Heap base and to place the Java Heap above 4GB virtual address.
# This output file may be truncated or incomplete.
#
#  Out of Memory Error (allocation.cpp:389), pid=2212, tid=0x0000000000004360
#
# JRE version: OpenJDK Runtime Environment (8.0_242-b01) (build 1.8.0_242-release-1644-b01)
# Java VM: OpenJDK 64-Bit Server VM (25.242-b01 mixed mode windows-amd64 compressed oops)
# Failed to write core dump. Minidumps are not enabled by default on client versions of Windows
#

---------------  T H R E A D  ---------------

Current thread (0x000000001767d800):  JavaThread "C2 CompilerThread1" daemon [_thread_in_native, id=17248, stack(0x0000000018df0000,0x0000000018ef0000)]

Stack: [0x0000000018df0000,0x0000000018ef0000]
[error occurred during error reporting (printing stack bounds), id 0xc0000005]

Native frames: (J=compiled Java code, j=interpreted, Vv=VM code, C=native code)


Current CompileTask:
C2: 447578 17030 %     4       com.android.tools.r8.ir.regalloc.a::a @ 1479 (1761 bytes)


---------------  P R O C E S S  ---------------

Java Threads: ( => current thread )
  0x00000000203db800 JavaThread "WorkerExecutor Queue Thread 5" [_thread_in_Java, id=2748, stack(0x000000002f0f0000,0x000000002f1f0000)]
  0x00000000203e1800 JavaThread "stdout" [_thread_in_native, id=6740, stack(0x000000002df00000,0x000000002e000000)]
  0x00000000203da800 JavaThread "stderr" [_thread_in_native, id=11220, stack(0x000000002de00000,0x000000002df00000)]
  0x00000000203df000 JavaThread "stdout" [_thread_in_native, id=11224, stack(0x000000002dd00000,0x000000002de00000)]
  0x00000000203e0000 JavaThread "stderr" [_thread_in_native, id=10028, stack(0x000000002dc00000,0x000000002dd00000)]
  0x000000001a8bb800 JavaThread "stdout" [_thread_in_native, id=13876, stack(0x000000002db00000,0x000000002dc00000)]
  0x000000001a8b8800 JavaThread "stderr" [_thread_in_native, id=6540, stack(0x000000002da00000,0x000000002db00000)]
  0x000000001a8b1000 JavaThread "stdout" [_thread_in_native, id=17316, stack(0x000000002d900000,0x000000002da00000)]
  0x000000001a8b6000 JavaThread "stderr" [_thread_in_native, id=4152, stack(0x000000002d6f0000,0x000000002d7f0000)]
  0x000000001a8ae800 JavaThread "pool-4-thread-1" [_thread_blocked, id=15772, stack(0x000000002d800000,0x000000002d900000)]
  0x000000001a8b2800 JavaThread "WorkerExecutor Queue Thread 4" [_thread_in_native, id=12856, stack(0x000000002d5f0000,0x000000002d6f0000)]
  0x000000001a8b3000 JavaThread "WorkerExecutor Queue Thread 3" [_thread_in_Java, id=5124, stack(0x000000002d4f0000,0x000000002d5f0000)]
  0x000000001a8b4800 JavaThread "WorkerExecutor Queue" [_thread_in_Java, id=6868, stack(0x000000002d0f0000,0x000000002d1f0000)]
  0x000000001a8af800 JavaThread "Cache worker for execution history cache (E:\Cristian Japa\Aplicativos Android\TUBOPLAST SAC\REPLICA CHEMA\SM_TUBO_PLAST\.gradle\6.5\executionHistory)" [_thread_blocked, id=16088, stack(0x000000002c7f0000,0x000000002c8f0000)]
  0x000000001df6d800 JavaThread "Execution worker for ':' Thread 3" [_thread_blocked, id=12632, stack(0x000000002c4f0000,0x000000002c5f0000)]
  0x000000001df6c800 JavaThread "Execution worker for ':' Thread 2" [_thread_blocked, id=2540, stack(0x000000002b110000,0x000000002b210000)]
  0x000000001df69800 JavaThread "Execution worker for ':'" [_thread_blocked, id=7704, stack(0x000000002a910000,0x000000002aa10000)]
  0x000000001df6b000 JavaThread "Cache worker for file content cache (E:\Cristian Japa\Aplicativos Android\TUBOPLAST SAC\REPLICA CHEMA\SM_TUBO_PLAST\.gradle\6.5\fileContent)" [_thread_blocked, id=2184, stack(0x000000002a490000,0x000000002a590000)]
  0x000000001df6a800 JavaThread "pool-3-thread-1" [_thread_blocked, id=7860, stack(0x000000002a390000,0x000000002a490000)]
  0x000000001df6c000 JavaThread "Cache worker for Build Output Cleanup Cache (E:\Cristian Japa\Aplicativos Android\TUBOPLAST SAC\REPLICA CHEMA\SM_TUBO_PLAST\.gradle\buildOutputCleanup)" [_thread_blocked, id=15288, stack(0x000000002a290000,0x000000002a390000)]
  0x000000001df6e000 JavaThread "Build operations Thread 4" [_thread_blocked, id=17432, stack(0x00000000213f0000,0x00000000214f0000)]
  0x000000001df70800 JavaThread "Build operations Thread 3" [_thread_blocked, id=2012, stack(0x00000000201e0000,0x00000000202e0000)]
  0x000000001df6f800 JavaThread "Build operations Thread 2" [_thread_blocked, id=4752, stack(0x000000001ffe0000,0x00000000200e0000)]
  0x000000001df6f000 JavaThread "Build operations" [_thread_blocked, id=18036, stack(0x000000001fee0000,0x000000001ffe0000)]
  0x000000001df69000 JavaThread "Cache worker for cache directory md-rule (C:\Users\USUARIO\.gradle\caches\6.5\md-rule)" [_thread_blocked, id=17160, stack(0x000000001fde0000,0x000000001fee0000)]
  0x000000001df61800 JavaThread "Cache worker for cache directory md-supplier (C:\Users\USUARIO\.gradle\caches\6.5\md-supplier)" [_thread_blocked, id=1124, stack(0x000000001cf40000,0x000000001d040000)]
  0x000000001df67800 JavaThread "Cache worker for checksums cache (E:\Cristian Japa\Aplicativos Android\TUBOPLAST SAC\REPLICA CHEMA\SM_TUBO_PLAST\.gradle\checksums)" [_thread_blocked, id=18336, stack(0x000000001ce40000,0x000000001cf40000)]
  0x000000001df64800 JavaThread "Cache worker for file hash cache (E:\Cristian Japa\Aplicativos Android\TUBOPLAST SAC\REPLICA CHEMA\SM_TUBO_PLAST\.gradle\6.5\fileHashes)" [_thread_blocked, id=10496, stack(0x000000001cd40000,0x000000001ce40000)]
  0x000000001df66800 JavaThread "Thread-281" [_thread_blocked, id=384, stack(0x000000001cc40000,0x000000001cd40000)]
  0x000000001df63800 JavaThread "Stdin handler" [_thread_blocked, id=8716, stack(0x000000001cb40000,0x000000001cc40000)]
  0x000000001df68000 JavaThread "Asynchronous log dispatcher for DefaultDaemonConnection: socket connection from /127.0.0.1:56586 to /127.0.0.1:56891" [_thread_blocked, id=3392, stack(0x000000001c4d0000,0x000000001c5d0000)]
  0x000000001df65000 JavaThread "Cancel handler" [_thread_blocked, id=7528, stack(0x0000000000e20000,0x0000000000f20000)]
  0x000000001df63000 JavaThread "Handler for socket connection from /127.0.0.1:56586 to /127.0.0.1:56891" [_thread_in_native, id=16624, stack(0x0000000000d20000,0x0000000000e20000)]
  0x00000000203d3000 JavaThread "jar transforms Thread 226" [_thread_blocked, id=7692, stack(0x000000002a190000,0x000000002a290000)]
  0x00000000203d9800 JavaThread "jar transforms Thread 225" [_thread_blocked, id=14148, stack(0x000000002a090000,0x000000002a190000)]
  0x00000000203d2000 JavaThread "jar transforms Thread 224" [_thread_blocked, id=17996, stack(0x0000000029f90000,0x000000002a090000)]
  0x00000000203d8000 JavaThread "jar transforms Thread 223" [_thread_blocked, id=17416, stack(0x0000000029e90000,0x0000000029f90000)]
  0x00000000203d5000 JavaThread "jar transforms Thread 222" [_thread_blocked, id=14228, stack(0x0000000029d90000,0x0000000029e90000)]
  0x00000000203d4800 JavaThread "jar transforms Thread 221" [_thread_blocked, id=16972, stack(0x0000000029c90000,0x0000000029d90000)]
  0x00000000203d6800 JavaThread "jar transforms Thread 220" [_thread_blocked, id=11192, stack(0x0000000029b90000,0x0000000029c90000)]
  0x00000000203d9000 JavaThread "jar transforms Thread 219" [_thread_blocked, id=1452, stack(0x0000000029a90000,0x0000000029b90000)]
  0x00000000203d3800 JavaThread "jar transforms Thread 218" [_thread_blocked, id=9240, stack(0x0000000029990000,0x0000000029a90000)]
  0x00000000203d6000 JavaThread "jar transforms Thread 217" [_thread_blocked, id=16788, stack(0x0000000029890000,0x0000000029990000)]
  0x00000000203d7800 JavaThread "jar transforms Thread 216" [_thread_blocked, id=8272, stack(0x0000000029790000,0x0000000029890000)]
  0x000000001dbac800 JavaThread "jar transforms Thread 215" [_thread_blocked, id=13840, stack(0x0000000029690000,0x0000000029790000)]
  0x000000001dbab800 JavaThread "jar transforms Thread 214" [_thread_blocked, id=11324, stack(0x0000000029590000,0x0000000029690000)]
  0x000000001dbaf800 JavaThread "jar transforms Thread 213" [_thread_blocked, id=11452, stack(0x0000000029490000,0x0000000029590000)]
  0x000000001dbab000 JavaThread "jar transforms Thread 212" [_thread_blocked, id=11664, stack(0x0000000029390000,0x0000000029490000)]
  0x000000001dbae800 JavaThread "jar transforms Thread 211" [_thread_blocked, id=5292, stack(0x0000000029290000,0x0000000029390000)]
  0x000000001dbaa000 JavaThread "jar transforms Thread 210" [_thread_blocked, id=9020, stack(0x0000000029190000,0x0000000029290000)]
  0x000000001dbae000 JavaThread "jar transforms Thread 209" [_thread_blocked, id=11340, stack(0x0000000029090000,0x0000000029190000)]
  0x000000001dbad000 JavaThread "jar transforms Thread 208" [_thread_blocked, id=14900, stack(0x0000000028f90000,0x0000000029090000)]
  0x000000001dba2800 JavaThread "jar transforms Thread 207" [_thread_blocked, id=408, stack(0x0000000028e90000,0x0000000028f90000)]
  0x000000001dba9800 JavaThread "jar transforms Thread 206" [_thread_blocked, id=9780, stack(0x0000000028d90000,0x0000000028e90000)]
  0x000000001dba8800 JavaThread "jar transforms Thread 205" [_thread_blocked, id=13088, stack(0x0000000028c90000,0x0000000028d90000)]
  0x000000001dba1000 JavaThread "jar transforms Thread 204" [_thread_blocked, id=4252, stack(0x0000000028b90000,0x0000000028c90000)]
  0x000000001dba8000 JavaThread "jar transforms Thread 203" [_thread_blocked, id=4616, stack(0x0000000028a90000,0x0000000028b90000)]
  0x000000001dba0800 JavaThread "jar transforms Thread 202" [_thread_blocked, id=3492, stack(0x0000000028990000,0x0000000028a90000)]
  0x000000001dba7000 JavaThread "jar transforms Thread 201" [_thread_blocked, id=364, stack(0x0000000028890000,0x0000000028990000)]
  0x000000001dba3800 JavaThread "jar transforms Thread 200" [_thread_blocked, id=5688, stack(0x0000000028790000,0x0000000028890000)]
  0x000000001dba6800 JavaThread "jar transforms Thread 199" [_thread_blocked, id=5148, stack(0x0000000028690000,0x0000000028790000)]
  0x000000001dba5800 JavaThread "jar transforms Thread 198" [_thread_blocked, id=5528, stack(0x0000000028590000,0x0000000028690000)]
  0x000000001dba5000 JavaThread "jar transforms Thread 197" [_thread_blocked, id=5192, stack(0x0000000028490000,0x0000000028590000)]
  0x000000001dba2000 JavaThread "jar transforms Thread 196" [_thread_blocked, id=6500, stack(0x0000000028390000,0x0000000028490000)]
  0x000000001dba4000 JavaThread "jar transforms Thread 195" [_thread_blocked, id=9932, stack(0x0000000028290000,0x0000000028390000)]
  0x000000001a92d800 JavaThread "jar transforms Thread 194" [_thread_blocked, id=11832, stack(0x0000000028190000,0x0000000028290000)]
  0x000000001a92f000 JavaThread "jar transforms Thread 193" [_thread_blocked, id=16988, stack(0x0000000028090000,0x0000000028190000)]
  0x000000001a92d000 JavaThread "jar transforms Thread 192" [_thread_blocked, id=11420, stack(0x0000000027f90000,0x0000000028090000)]
  0x000000001a92e800 JavaThread "jar transforms Thread 191" [_thread_blocked, id=13324, stack(0x0000000027e90000,0x0000000027f90000)]
  0x000000001a92c000 JavaThread "jar transforms Thread 190" [_thread_blocked, id=17148, stack(0x0000000027d90000,0x0000000027e90000)]
  0x000000001a92b800 JavaThread "jar transforms Thread 189" [_thread_blocked, id=12532, stack(0x0000000027c90000,0x0000000027d90000)]
  0x000000001a924000 JavaThread "jar transforms Thread 188" [_thread_blocked, id=13188, stack(0x0000000027b90000,0x0000000027c90000)]
  0x000000001a92a800 JavaThread "jar transforms Thread 187" [_thread_blocked, id=11484, stack(0x0000000027a90000,0x0000000027b90000)]
  0x000000001a929000 JavaThread "jar transforms Thread 186" [_thread_blocked, id=932, stack(0x0000000027990000,0x0000000027a90000)]
  0x000000001a925800 JavaThread "jar transforms Thread 185" [_thread_blocked, id=12908, stack(0x0000000027890000,0x0000000027990000)]
  0x000000001a92a000 JavaThread "jar transforms Thread 184" [_thread_blocked, id=7700, stack(0x0000000027790000,0x0000000027890000)]
  0x000000001a928800 JavaThread "jar transforms Thread 183" [_thread_blocked, id=10684, stack(0x0000000027690000,0x0000000027790000)]
  0x000000001a926000 JavaThread "jar transforms Thread 182" [_thread_blocked, id=12620, stack(0x0000000027590000,0x0000000027690000)]
  0x000000001a927800 JavaThread "jar transforms Thread 181" [_thread_blocked, id=12816, stack(0x0000000027490000,0x0000000027590000)]
  0x000000001a920000 JavaThread "jar transforms Thread 180" [_thread_blocked, id=13048, stack(0x0000000027390000,0x0000000027490000)]
  0x000000001a923000 JavaThread "jar transforms Thread 179" [_thread_blocked, id=12956, stack(0x0000000027290000,0x0000000027390000)]
  0x000000001a921800 JavaThread "jar transforms Thread 178" [_thread_blocked, id=14188, stack(0x0000000027190000,0x0000000027290000)]
  0x000000001a927000 JavaThread "jar transforms Thread 177" [_thread_blocked, id=6912, stack(0x0000000027090000,0x0000000027190000)]
  0x000000001a921000 JavaThread "jar transforms Thread 176" [_thread_blocked, id=13592, stack(0x0000000026f90000,0x0000000027090000)]
  0x000000001a922800 JavaThread "jar transforms Thread 175" [_thread_blocked, id=7524, stack(0x0000000026e90000,0x0000000026f90000)]
  0x000000001a924800 JavaThread "jar transforms Thread 174" [_thread_blocked, id=4876, stack(0x0000000026d90000,0x0000000026e90000)]
  0x000000001deb5800 JavaThread "jar transforms Thread 173" [_thread_blocked, id=8976, stack(0x0000000026c90000,0x0000000026d90000)]
  0x000000001deb2800 JavaThread "jar transforms Thread 172" [_thread_blocked, id=5244, stack(0x0000000026b90000,0x0000000026c90000)]
  0x000000001deb4800 JavaThread "jar transforms Thread 171" [_thread_blocked, id=13868, stack(0x0000000026a90000,0x0000000026b90000)]
  0x000000001deb4000 JavaThread "jar transforms Thread 170" [_thread_blocked, id=16044, stack(0x0000000026990000,0x0000000026a90000)]
  0x000000001deac800 JavaThread "jar transforms Thread 169" [_thread_blocked, id=15988, stack(0x0000000026890000,0x0000000026990000)]
  0x000000001deb3000 JavaThread "jar transforms Thread 168" [_thread_blocked, id=12912, stack(0x0000000026790000,0x0000000026890000)]
  0x000000001deb1800 JavaThread "jar transforms Thread 167" [_thread_blocked, id=17664, stack(0x0000000026690000,0x0000000026790000)]
  0x000000001deb1000 JavaThread "jar transforms Thread 166" [_thread_blocked, id=904, stack(0x0000000026590000,0x0000000026690000)]
  0x000000001deaf800 JavaThread "jar transforms Thread 165" [_thread_blocked, id=18076, stack(0x0000000026490000,0x0000000026590000)]
  0x000000001deab000 JavaThread "jar transforms Thread 164" [_thread_blocked, id=9628, stack(0x0000000026390000,0x0000000026490000)]
  0x000000001deb0000 JavaThread "jar transforms Thread 163" [_thread_blocked, id=16968, stack(0x0000000026290000,0x0000000026390000)]
  0x000000001deae800 JavaThread "jar transforms Thread 162" [_thread_blocked, id=15512, stack(0x0000000026190000,0x0000000026290000)]
  0x000000001dea7000 JavaThread "jar transforms Thread 161" [_thread_blocked, id=16948, stack(0x0000000026090000,0x0000000026190000)]
  0x000000001deab800 JavaThread "jar transforms Thread 160" [_thread_blocked, id=15720, stack(0x0000000025f90000,0x0000000026090000)]
  0x000000001deaa000 JavaThread "jar transforms Thread 159" [_thread_blocked, id=10196, stack(0x0000000025e90000,0x0000000025f90000)]
  0x000000001dea8800 JavaThread "jar transforms Thread 158" [_thread_blocked, id=14552, stack(0x0000000025d90000,0x0000000025e90000)]
  0x000000001deae000 JavaThread "jar transforms Thread 157" [_thread_blocked, id=13288, stack(0x0000000025c90000,0x0000000025d90000)]
  0x000000001dea9800 JavaThread "jar transforms Thread 156" [_thread_blocked, id=11820, stack(0x0000000025b90000,0x0000000025c90000)]
  0x000000001dead000 JavaThread "jar transforms Thread 155" [_thread_blocked, id=8552, stack(0x0000000025a90000,0x0000000025b90000)]
  0x000000001dea7800 JavaThread "jar transforms Thread 154" [_thread_blocked, id=13004, stack(0x0000000025990000,0x0000000025a90000)]
  0x000000001dea6000 JavaThread "jar transforms Thread 153" [_thread_blocked, id=9740, stack(0x0000000025890000,0x0000000025990000)]
  0x000000001b256800 JavaThread "jar transforms Thread 152" [_thread_blocked, id=12292, stack(0x0000000025790000,0x0000000025890000)]
  0x000000001b25a000 JavaThread "jar transforms Thread 151" [_thread_blocked, id=11732, stack(0x0000000025690000,0x0000000025790000)]
  0x000000001b257000 JavaThread "jar transforms Thread 150" [_thread_blocked, id=11360, stack(0x0000000025590000,0x0000000025690000)]
  0x000000001b255000 JavaThread "jar transforms Thread 149" [_thread_blocked, id=4996, stack(0x0000000025490000,0x0000000025590000)]
  0x000000001b254000 JavaThread "jar transforms Thread 148" [_thread_blocked, id=6752, stack(0x0000000025390000,0x0000000025490000)]
  0x000000001e333000 JavaThread "jar transforms Thread 147" [_thread_blocked, id=16500, stack(0x0000000025290000,0x0000000025390000)]
  0x000000001e332800 JavaThread "jar transforms Thread 146" [_thread_blocked, id=8524, stack(0x0000000025190000,0x0000000025290000)]
  0x000000001e330000 JavaThread "jar transforms Thread 145" [_thread_blocked, id=700, stack(0x0000000025090000,0x0000000025190000)]
  0x000000001e336000 JavaThread "jar transforms Thread 144" [_thread_blocked, id=8752, stack(0x0000000024f90000,0x0000000025090000)]
  0x000000001e335800 JavaThread "jar transforms Thread 143" [_thread_blocked, id=14520, stack(0x0000000024e90000,0x0000000024f90000)]
  0x000000001e32f800 JavaThread "jar transforms Thread 142" [_thread_blocked, id=16684, stack(0x0000000024d90000,0x0000000024e90000)]
  0x000000001e331000 JavaThread "jar transforms Thread 141" [_thread_blocked, id=9524, stack(0x0000000024c90000,0x0000000024d90000)]
  0x000000001e334000 JavaThread "jar transforms Thread 140" [_thread_blocked, id=6276, stack(0x0000000024b90000,0x0000000024c90000)]
  0x000000001e331800 JavaThread "jar transforms Thread 139" [_thread_blocked, id=8692, stack(0x0000000024a90000,0x0000000024b90000)]
  0x000000001e334800 JavaThread "jar transforms Thread 138" [_thread_blocked, id=17824, stack(0x0000000024990000,0x0000000024a90000)]
  0x000000001e328000 JavaThread "jar transforms Thread 137" [_thread_blocked, id=8468, stack(0x0000000024890000,0x0000000024990000)]
  0x000000001e32b800 JavaThread "jar transforms Thread 136" [_thread_blocked, id=12168, stack(0x0000000024790000,0x0000000024890000)]
  0x000000001e32a000 JavaThread "jar transforms Thread 135" [_thread_blocked, id=16436, stack(0x0000000024690000,0x0000000024790000)]
  0x000000001e328800 JavaThread "jar transforms Thread 134" [_thread_blocked, id=10508, stack(0x0000000024590000,0x0000000024690000)]
  0x000000001e32d000 JavaThread "jar transforms Thread 133" [_thread_blocked, id=10348, stack(0x0000000024490000,0x0000000024590000)]
  0x000000001f5e4000 JavaThread "jar transforms Thread 132" [_thread_blocked, id=16852, stack(0x0000000024390000,0x0000000024490000)]
  0x000000001f5e3800 JavaThread "jar transforms Thread 131" [_thread_blocked, id=16364, stack(0x0000000024290000,0x0000000024390000)]
  0x000000001f5e2800 JavaThread "jar transforms Thread 130" [_thread_blocked, id=10060, stack(0x0000000024190000,0x0000000024290000)]
  0x000000001f5dc800 JavaThread "jar transforms Thread 129" [_thread_blocked, id=10304, stack(0x0000000024090000,0x0000000024190000)]
  0x000000001f5e2000 JavaThread "jar transforms Thread 128" [_thread_blocked, id=6488, stack(0x0000000023f90000,0x0000000024090000)]
  0x000000001f5e1000 JavaThread "jar transforms Thread 127" [_thread_blocked, id=7228, stack(0x0000000023e90000,0x0000000023f90000)]
  0x000000001f5df800 JavaThread "jar transforms Thread 126" [_thread_blocked, id=18368, stack(0x0000000023d90000,0x0000000023e90000)]
  0x000000001f5df000 JavaThread "jar transforms Thread 125" [_thread_blocked, id=11472, stack(0x0000000023c90000,0x0000000023d90000)]
  0x000000001f5de000 JavaThread "jar transforms Thread 124" [_thread_blocked, id=12324, stack(0x0000000023b90000,0x0000000023c90000)]
  0x000000001f5dd800 JavaThread "jar transforms Thread 123" [_thread_blocked, id=12484, stack(0x0000000023a90000,0x0000000023b90000)]
  0x000000001f5e0800 JavaThread "jar transforms Thread 122" [_thread_blocked, id=5548, stack(0x0000000023990000,0x0000000023a90000)]
  0x000000001f5d5000 JavaThread "jar transforms Thread 121" [_thread_blocked, id=17252, stack(0x0000000023890000,0x0000000023990000)]
  0x000000001f5dc000 JavaThread "jar transforms Thread 120" [_thread_blocked, id=7444, stack(0x0000000023790000,0x0000000023890000)]
  0x000000001f5d5800 JavaThread "jar transforms Thread 119" [_thread_blocked, id=16828, stack(0x0000000023690000,0x0000000023790000)]
  0x000000001f5db000 JavaThread "jar transforms Thread 118" [_thread_blocked, id=12792, stack(0x0000000023590000,0x0000000023690000)]
  0x000000001f5da000 JavaThread "jar transforms Thread 117" [_thread_blocked, id=7556, stack(0x0000000023490000,0x0000000023590000)]
  0x000000001f5d9800 JavaThread "jar transforms Thread 116" [_thread_blocked, id=18064, stack(0x0000000023390000,0x0000000023490000)]
  0x000000001a8b9000 JavaThread "jar transforms Thread 115" [_thread_blocked, id=9188, stack(0x0000000023290000,0x0000000023390000)]
  0x000000001a8b7000 JavaThread "jar transforms Thread 114" [_thread_blocked, id=10832, stack(0x0000000023190000,0x0000000023290000)]
  0x000000001a8b0000 JavaThread "Daemon worker Thread 2" [_thread_blocked, id=12472, stack(0x000000001c3d0000,0x000000001c4d0000)]
  0x000000001a8b1800 JavaThread "Daemon Thread 2" [_thread_blocked, id=11904, stack(0x0000000000c20000,0x0000000000d20000)]
  0x000000001a8ba800 JavaThread "Memory manager" [_thread_blocked, id=7820, stack(0x000000002ae10000,0x000000002af10000)]
  0x000000001b258000 JavaThread "Cache worker for file content cache (C:\Users\USUARIO\.gradle\caches\6.5\fileContent)" [_thread_blocked, id=8048, stack(0x00000000212f0000,0x00000000213f0000)]
  0x000000001b25b000 JavaThread "Cache worker for execution history cache (C:\Users\USUARIO\.gradle\caches\6.5\executionHistory)" [_thread_blocked, id=8028, stack(0x00000000200e0000,0x00000000201e0000)]
  0x000000001b255800 JavaThread "Cache worker for file hash cache (C:\Users\USUARIO\.gradle\caches\6.5\fileHashes)" [_thread_blocked, id=11868, stack(0x000000001d740000,0x000000001d840000)]
  0x000000001b26c000 JavaThread "File lock request listener" [_thread_in_native, id=16008, stack(0x000000001d640000,0x000000001d740000)]
  0x000000001b29f800 JavaThread "Cache worker for journal cache (C:\Users\USUARIO\.gradle\caches\journal-1)" [_thread_blocked, id=14540, stack(0x000000001d440000,0x000000001d540000)]
  0x000000001affe800 JavaThread "Daemon periodic checks" [_thread_blocked, id=7252, stack(0x000000001c840000,0x000000001c940000)]
  0x000000001affd000 JavaThread "Incoming local TCP Connector on port 56586" [_thread_in_native, id=11268, stack(0x000000001c5d0000,0x000000001c6d0000)]
  0x000000001af27800 JavaThread "Daemon health stats" [_thread_blocked, id=8960, stack(0x000000001bf90000,0x000000001c090000)]
  0x000000001901b000 JavaThread "Service Thread" daemon [_thread_blocked, id=9504, stack(0x00000000193f0000,0x00000000194f0000)]
  0x0000000017684800 JavaThread "C1 CompilerThread2" daemon [_thread_blocked, id=2032, stack(0x0000000018ef0000,0x0000000018ff0000)]
=>0x000000001767d800 JavaThread "C2 CompilerThread1" daemon [_thread_in_native, id=17248, stack(0x0000000018df0000,0x0000000018ef0000)]
  0x0000000017678800 JavaThread "C2 CompilerThread0" daemon [_thread_in_native, id=4440, stack(0x0000000018cf0000,0x0000000018df0000)]
  0x0000000017678000 JavaThread "Attach Listener" daemon [_thread_blocked, id=16840, stack(0x0000000018bf0000,0x0000000018cf0000)]
  0x0000000017671800 JavaThread "Signal Dispatcher" daemon [_thread_blocked, id=5656, stack(0x0000000018af0000,0x0000000018bf0000)]
  0x0000000002a4b800 JavaThread "Finalizer" daemon [_thread_blocked, id=804, stack(0x00000000188d0000,0x00000000189d0000)]
  0x0000000017659000 JavaThread "Reference Handler" daemon [_thread_blocked, id=8228, stack(0x00000000187d0000,0x00000000188d0000)]
  0x0000000002952800 JavaThread "main" [_thread_blocked, id=14012, stack(0x0000000002850000,0x0000000002950000)]

Other Threads:
  0x0000000017636800 VMThread [stack: 0x00000000186d0000,0x00000000187d0000] [id=2848]
  0x000000001901b800 WatcherThread [stack: 0x00000000194f0000,0x00000000195f0000] [id=7192]

VM state:not at safepoint (normal execution)

VM Mutex/Monitor currently owned by a thread: None

heap address: 0x0000000080000000, size: 2048 MB, Compressed Oops mode: 32-bit
Narrow klass base: 0x0000000000000000, Narrow klass shift: 3
Compressed class space size: 1073741824 Address: 0x0000000100000000

Heap:
 PSYoungGen      total 446976K, used 227546K [0x00000000d5580000, 0x00000000f3400000, 0x0000000100000000)
  eden space 417280K, 47% used [0x00000000d5580000,0x00000000e16bd9d8,0x00000000eed00000)
  from space 29696K, 99% used [0x00000000f1700000,0x00000000f33f8e60,0x00000000f3400000)
  to   space 36352K, 0% used [0x00000000eed00000,0x00000000eed00000,0x00000000f1080000)
 ParOldGen       total 192512K, used 94539K [0x0000000080000000, 0x000000008bc00000, 0x00000000d5580000)
  object space 192512K, 49% used [0x0000000080000000,0x0000000085c52d40,0x000000008bc00000)
 Metaspace       used 93139K, capacity 98352K, committed 98380K, reserved 1134592K
  class space    used 12301K, capacity 13303K, committed 13312K, reserved 1048576K

Card table byte_map: [0x0000000011e10000,0x0000000012220000] byte_map_base: 0x0000000011a10000

Marking Bits: (ParMarkBitMap*) 0x0000000062f2f030
 Begin Bits: [0x00000000128d0000, 0x00000000148d0000)
 End Bits:   [0x00000000148d0000, 0x00000000168d0000)

Polling page: 0x0000000000fc0000

CodeCache: size=245760Kb used=48413Kb max_used=48413Kb free=197346Kb
 bounds [0x0000000002a50000, 0x00000000059e0000, 0x0000000011a50000]
 total_blobs=15696 nmethods=14829 adapters=776
 compilation: enabled

Compilation events (10 events):
Event: 447.513 Thread 0x0000000017684800 17379       2       com.android.tools.r8.q.a.a.b.i::hasNext (10 bytes)
Event: 447.513 Thread 0x0000000017684800 nmethod 17379 0x000000000384a050 code [0x000000000384a1c0, 0x000000000384a348]
Event: 447.537 Thread 0x0000000017684800 17380 %     3       com.android.tools.r8.ir.optimize.l::r @ 8 (2050 bytes)
Event: 447.559 Thread 0x0000000017684800 nmethod 17380% 0x00000000059a63d0 code [0x00000000059a8020, 0x00000000059bd308]
Event: 447.559 Thread 0x0000000017684800 17382       2       com.android.tools.r8.p.n.x::a (30 bytes)
Event: 447.559 Thread 0x0000000017684800 nmethod 17382 0x0000000003eab490 code [0x0000000003eab600, 0x0000000003eab7d8]
Event: 447.559 Thread 0x0000000017684800 17383       2       com.android.tools.r8.ir.conversion.N::b (118 bytes)
Event: 447.560 Thread 0x0000000017684800 nmethod 17383 0x00000000035e0710 code [0x00000000035e08c0, 0x00000000035e0c28]
Event: 447.561 Thread 0x0000000017684800 17384       2       com.android.tools.r8.p.n.V::a (12 bytes)
Event: 447.562 Thread 0x0000000017684800 nmethod 17384 0x00000000035e2310 code [0x00000000035e24c0, 0x00000000035e2988]

GC Heap History (10 events):
Event: 8.076 GC heap before
{Heap before GC invocations=11 (full 3):
 PSYoungGen      total 371200K, used 17389K [0x00000000d5580000, 0x00000000edf00000, 0x0000000100000000)
  eden space 353792K, 0% used [0x00000000d5580000,0x00000000d5580000,0x00000000eaf00000)
  from space 17408K, 99% used [0x00000000ec600000,0x00000000ed6fb718,0x00000000ed700000)
  to   space 23552K, 0% used [0x00000000eaf00000,0x00000000eaf00000,0x00000000ec600000)
 ParOldGen       total 127488K, used 23491K [0x0000000080000000, 0x0000000087c80000, 0x00000000d5580000)
  object space 127488K, 18% used [0x0000000080000000,0x00000000816f0e80,0x0000000087c80000)
 Metaspace       used 56715K, capacity 58970K, committed 59028K, reserved 1099776K
  class space    used 7693K, capacity 8182K, committed 8192K, reserved 1048576K
Event: 8.284 GC heap after
Heap after GC invocations=11 (full 3):
 PSYoungGen      total 371200K, used 0K [0x00000000d5580000, 0x00000000edf00000, 0x0000000100000000)
  eden space 353792K, 0% used [0x00000000d5580000,0x00000000d5580000,0x00000000eaf00000)
  from space 17408K, 0% used [0x00000000ec600000,0x00000000ec600000,0x00000000ed700000)
  to   space 23552K, 0% used [0x00000000eaf00000,0x00000000eaf00000,0x00000000ec600000)
 ParOldGen       total 192512K, used 37755K [0x0000000080000000, 0x000000008bc00000, 0x00000000d5580000)
  object space 192512K, 19% used [0x0000000080000000,0x00000000824dec90,0x000000008bc00000)
 Metaspace       used 56704K, capacity 58934K, committed 59028K, reserved 1099776K
  class space    used 7690K, capacity 8176K, committed 8192K, reserved 1048576K
}
Event: 11.808 GC heap before
{Heap before GC invocations=12 (full 3):
 PSYoungGen      total 371200K, used 353792K [0x00000000d5580000, 0x00000000edf00000, 0x0000000100000000)
  eden space 353792K, 100% used [0x00000000d5580000,0x00000000eaf00000,0x00000000eaf00000)
  from space 17408K, 0% used [0x00000000ec600000,0x00000000ec600000,0x00000000ed700000)
  to   space 23552K, 0% used [0x00000000eaf00000,0x00000000eaf00000,0x00000000ec600000)
 ParOldGen       total 192512K, used 37755K [0x0000000080000000, 0x000000008bc00000, 0x00000000d5580000)
  object space 192512K, 19% used [0x0000000080000000,0x00000000824dec90,0x000000008bc00000)
 Metaspace       used 69893K, capacity 72848K, committed 73176K, reserved 1112064K
  class space    used 9531K, capacity 10135K, committed 10240K, reserved 1048576K
Event: 11.834 GC heap after
Heap after GC invocations=12 (full 3):
 PSYoungGen      total 377344K, used 23522K [0x00000000d5580000, 0x00000000f3400000, 0x0000000100000000)
  eden space 353792K, 0% used [0x00000000d5580000,0x00000000d5580000,0x00000000eaf00000)
  from space 23552K, 99% used [0x00000000eaf00000,0x00000000ec5f8be8,0x00000000ec600000)
  to   space 29696K, 0% used [0x00000000f1700000,0x00000000f1700000,0x00000000f3400000)
 ParOldGen       total 192512K, used 44824K [0x0000000080000000, 0x000000008bc00000, 0x00000000d5580000)
  object space 192512K, 23% used [0x0000000080000000,0x0000000082bc62d8,0x000000008bc00000)
 Metaspace       used 69893K, capacity 72848K, committed 73176K, reserved 1112064K
  class space    used 9531K, capacity 10135K, committed 10240K, reserved 1048576K
}
Event: 434.156 GC heap before
{Heap before GC invocations=13 (full 3):
 PSYoungGen      total 377344K, used 377314K [0x00000000d5580000, 0x00000000f3400000, 0x0000000100000000)
  eden space 353792K, 100% used [0x00000000d5580000,0x00000000eaf00000,0x00000000eaf00000)
  from space 23552K, 99% used [0x00000000eaf00000,0x00000000ec5f8be8,0x00000000ec600000)
  to   space 29696K, 0% used [0x00000000f1700000,0x00000000f1700000,0x00000000f3400000)
 ParOldGen       total 192512K, used 44824K [0x0000000080000000, 0x000000008bc00000, 0x00000000d5580000)
  object space 192512K, 23% used [0x0000000080000000,0x0000000082bc62d8,0x000000008bc00000)
 Metaspace       used 77187K, capacity 80582K, committed 80728K, reserved 1120256K
  class space    used 10215K, capacity 10874K, committed 10880K, reserved 1048576K
Event: 434.187 GC heap after
Heap after GC invocations=13 (full 3):
 PSYoungGen      total 446976K, used 29673K [0x00000000d5580000, 0x00000000f3400000, 0x0000000100000000)
  eden space 417280K, 0% used [0x00000000d5580000,0x00000000d5580000,0x00000000eed00000)
  from space 29696K, 99% used [0x00000000f1700000,0x00000000f33fa540,0x00000000f3400000)
  to   space 36352K, 0% used [0x00000000eed00000,0x00000000eed00000,0x00000000f1080000)
 ParOldGen       total 192512K, used 51423K [0x0000000080000000, 0x000000008bc00000, 0x00000000d5580000)
  object space 192512K, 26% used [0x0000000080000000,0x0000000083237e08,0x000000008bc00000)
 Metaspace       used 77187K, capacity 80582K, committed 80728K, reserved 1120256K
  class space    used 10215K, capacity 10874K, committed 10880K, reserved 1048576K
}
Event: 443.277 GC heap before
{Heap before GC invocations=14 (full 3):
 PSYoungGen      total 446976K, used 446953K [0x00000000d5580000, 0x00000000f3400000, 0x0000000100000000)
  eden space 417280K, 100% used [0x00000000d5580000,0x00000000eed00000,0x00000000eed00000)
  from space 29696K, 99% used [0x00000000f1700000,0x00000000f33fa540,0x00000000f3400000)
  to   space 36352K, 0% used [0x00000000eed00000,0x00000000eed00000,0x00000000f1080000)
 ParOldGen       total 192512K, used 51423K [0x0000000080000000, 0x000000008bc00000, 0x00000000d5580000)
  object space 192512K, 26% used [0x0000000080000000,0x0000000083237e08,0x000000008bc00000)
 Metaspace       used 81534K, capacity 85232K, committed 85464K, reserved 1124352K
  class space    used 10675K, capacity 11401K, committed 11520K, reserved 1048576K
Event: 443.310 GC heap after
Heap after GC invocations=14 (full 3):
 PSYoungGen      total 453632K, used 12975K [0x00000000d5580000, 0x00000000f3400000, 0x0000000100000000)
  eden space 417280K, 0% used [0x00000000d5580000,0x00000000d5580000,0x00000000eed00000)
  from space 36352K, 35% used [0x00000000eed00000,0x00000000ef9abc80,0x00000000f1080000)
  to   space 29696K, 0% used [0x00000000f1700000,0x00000000f1700000,0x00000000f3400000)
 ParOldGen       total 192512K, used 80691K [0x0000000080000000, 0x000000008bc00000, 0x00000000d5580000)
  object space 192512K, 41% used [0x0000000080000000,0x0000000084eccf20,0x000000008bc00000)
 Metaspace       used 81534K, capacity 85232K, committed 85464K, reserved 1124352K
  class space    used 10675K, capacity 11401K, committed 11520K, reserved 1048576K
}
Event: 446.896 GC heap before
{Heap before GC invocations=15 (full 3):
 PSYoungGen      total 453632K, used 430255K [0x00000000d5580000, 0x00000000f3400000, 0x0000000100000000)
  eden space 417280K, 100% used [0x00000000d5580000,0x00000000eed00000,0x00000000eed00000)
  from space 36352K, 35% used [0x00000000eed00000,0x00000000ef9abc80,0x00000000f1080000)
  to   space 29696K, 0% used [0x00000000f1700000,0x00000000f1700000,0x00000000f3400000)
 ParOldGen       total 192512K, used 80691K [0x0000000080000000, 0x000000008bc00000, 0x00000000d5580000)
  object space 192512K, 41% used [0x0000000080000000,0x0000000084eccf20,0x000000008bc00000)
 Metaspace       used 92721K, capacity 97790K, committed 98008K, reserved 1134592K
  class space    used 12255K, capacity 13236K, committed 13312K, reserved 1048576K
Event: 446.949 GC heap after
Heap after GC invocations=15 (full 3):
 PSYoungGen      total 446976K, used 29667K [0x00000000d5580000, 0x00000000f3400000, 0x0000000100000000)
  eden space 417280K, 0% used [0x00000000d5580000,0x00000000d5580000,0x00000000eed00000)
  from space 29696K, 99% used [0x00000000f1700000,0x00000000f33f8e60,0x00000000f3400000)
  to   space 36352K, 0% used [0x00000000eed00000,0x00000000eed00000,0x00000000f1080000)
 ParOldGen       total 192512K, used 94539K [0x0000000080000000, 0x000000008bc00000, 0x00000000d5580000)
  object space 192512K, 49% used [0x0000000080000000,0x0000000085c52d40,0x000000008bc00000)
 Metaspace       used 92721K, capacity 97790K, committed 98008K, reserved 1134592K
  class space    used 12255K, capacity 13236K, committed 13312K, reserved 1048576K
}

Deoptimization events (10 events):
Event: 446.978 Thread 0x000000001a8b4800 Uncommon trap: reason=unstable_if action=reinterpret pc=0x00000000052cbc28 method=com.android.tools.r8.ir.regalloc.a.a(Lcom/android/tools/r8/s/b/k0;Lcom/android/tools/r8/ir/regalloc/a$b;)Z @ 75
Event: 447.261 Thread 0x000000001a8b3000 Uncommon trap: reason=unstable_if action=reinterpret pc=0x000000000579fef0 method=com.android.tools.r8.s.b.q1.v()Lcom/android/tools/r8/s/b/q1; @ 6
Event: 447.337 Thread 0x000000001a8b3000 Uncommon trap: reason=bimorphic action=maybe_recompile pc=0x00000000055c75b0 method=com.android.tools.r8.s.a.p.u.G()Z @ 36
Event: 447.338 Thread 0x000000001a8b3000 Uncommon trap: reason=bimorphic action=maybe_recompile pc=0x00000000055c75b0 method=com.android.tools.r8.s.a.p.u.G()Z @ 36
Event: 447.338 Thread 0x000000001a8b3000 Uncommon trap: reason=bimorphic action=maybe_recompile pc=0x00000000055c75b0 method=com.android.tools.r8.s.a.p.u.G()Z @ 36
Event: 447.398 Thread 0x000000001a8b2800 Uncommon trap: reason=unstable_if action=reinterpret pc=0x0000000003ca8590 method=java.util.stream.StreamOpFlag.getMask(I)I @ 1
Event: 447.461 Thread 0x000000001a8b2800 Uncommon trap: reason=bimorphic action=maybe_recompile pc=0x0000000002cdc6b4 method=java.util.function.Predicate.lambda$and$0(Ljava/util/function/Predicate;Ljava/lang/Object;)Z @ 2
Event: 447.461 Thread 0x000000001a8b2800 Uncommon trap: reason=bimorphic action=maybe_recompile pc=0x0000000002cdc6b4 method=java.util.function.Predicate.lambda$and$0(Ljava/util/function/Predicate;Ljava/lang/Object;)Z @ 2
Event: 447.461 Thread 0x000000001a8b2800 Uncommon trap: reason=bimorphic action=maybe_recompile pc=0x0000000002cdc6b4 method=java.util.function.Predicate.lambda$and$0(Ljava/util/function/Predicate;Ljava/lang/Object;)Z @ 2
Event: 447.461 Thread 0x000000001a8b2800 Uncommon trap: reason=bimorphic action=maybe_recompile pc=0x0000000002cdc6b4 method=java.util.function.Predicate.lambda$and$0(Ljava/util/function/Predicate;Ljava/lang/Object;)Z @ 2

Classes redefined (0 events):
No events

Internal exceptions (10 events):
Event: 443.038 Thread 0x000000001df6d800 Exception <a 'java/lang/NoSuchMethodError': <clinit>> (0x00000000ed671a60) thrown at [C:\src\AOSP-openjdk-git\hotspot\src\share\vm\prims\jni.cpp, line 1615]
Event: 443.378 Thread 0x000000001a8b0000 Exception <a 'java/lang/NoSuchMethodError': <clinit>> (0x00000000d6164930) thrown at [C:\src\AOSP-openjdk-git\hotspot\src\share\vm\prims\jni.cpp, line 1615]
Event: 443.593 Thread 0x000000001a8b0000 Exception <a 'java/lang/NoSuchMethodError': <clinit>> (0x00000000d72f4e30) thrown at [C:\src\AOSP-openjdk-git\hotspot\src\share\vm\prims\jni.cpp, line 1615]
Event: 443.593 Thread 0x000000001a8b0000 Exception <a 'java/lang/NoSuchMethodError': <clinit>> (0x00000000d7315e38) thrown at [C:\src\AOSP-openjdk-git\hotspot\src\share\vm\prims\jni.cpp, line 1615]
Event: 443.627 Thread 0x000000001a8b2800 Exception <a 'java/lang/NoSuchMethodError': java.lang.Object.lambda$asRunnable$0(Lcom/android/tools/build/apkzlib/utils/IOExceptionRunnable;)V> (0x00000000d7441768) thrown at [C:\src\AOSP-openjdk-git\hotspot\src\share\vm\interpreter\linkResolver.cpp, line
Event: 443.943 Thread 0x000000001a8b2800 Exception <a 'java/lang/NoSuchMethodError': java.lang.Object.newSystemTemporaryDirectory()Lcom/android/tools/build/apkzlib/bytestorage/TemporaryDirectory;> (0x00000000d892edb0) thrown at [C:\src\AOSP-openjdk-git\hotspot\src\share\vm\interpreter\linkResolv
Event: 443.967 Thread 0x00000000203db800 Exception <a 'java/lang/NoSuchMethodError': java.lang.Object.lambda$static$0(Ljava/lang/String;)Z> (0x00000000d8a1eaa0) thrown at [C:\src\AOSP-openjdk-git\hotspot\src\share\vm\interpreter\linkResolver.cpp, line 620]
Event: 444.336 Thread 0x000000001a8b3000 Exception <a 'java/lang/IncompatibleClassChangeError': Found class java.lang.Object, but interface was expected> (0x00000000da6cd118) thrown at [C:\src\AOSP-openjdk-git\hotspot\src\share\vm\interpreter\linkResolver.cpp, line 653]
Event: 445.096 Thread 0x000000001a8b3000 Exception <a 'java/lang/NoSuchMethodError': java.lang.Object.b(Lcom/android/tools/r8/graph/p1$b;)Lcom/android/tools/r8/graph/p1$b;> (0x00000000ddcf0648) thrown at [C:\src\AOSP-openjdk-git\hotspot\src\share\vm\interpreter\linkResolver.cpp, line 620]
Event: 445.144 Thread 0x000000001a8b4800 Exception <a 'java/lang/NoSuchMethodError': java.lang.Object.lambda$maxBy$1(Ljava/util/Comparator;Ljava/lang/Object;Ljava/lang/Object;)Ljava/lang/Object;> (0x00000000de14a2b0) thrown at [C:\src\AOSP-openjdk-git\hotspot\src\share\vm\interpreter\linkResolve

Events (10 events):
Event: 447.563 loading class com/google/common/hash/Funnels
Event: 447.563 loading class com/google/common/hash/Funnels done
Event: 447.563 loading class com/google/common/hash/Funnels$SinkAsStream
Event: 447.563 loading class com/google/common/hash/Funnels$SinkAsStream done
Event: 447.564 loading class com/google/common/hash/Funnel
Event: 447.564 loading class com/google/common/hash/Funnel done
Event: 447.564 loading class com/android/tools/build/apkzlib/zip/ZFileExtension
Event: 447.564 loading class com/android/tools/build/apkzlib/zip/ZFileExtension done
Event: 447.564 loading class com/android/tools/build/apkzlib/utils/IOExceptionFunction
Event: 447.564 loading class com/android/tools/build/apkzlib/utils/IOExceptionFunction done


Dynamic libraries:
0x00007ff7a5440000 - 0x00007ff7a5471000 	C:\Program Files\Android\Android Studio\jre\bin\java.exe
0x00007fff26130000 - 0x00007fff26325000 	C:\WINDOWS\SYSTEM32\ntdll.dll
0x00007fff24200000 - 0x00007fff242bd000 	C:\WINDOWS\System32\KERNEL32.DLL
0x00007fff23dc0000 - 0x00007fff24088000 	C:\WINDOWS\System32\KERNELBASE.dll
0x00007fff24620000 - 0x00007fff246cc000 	C:\WINDOWS\System32\ADVAPI32.dll
0x00007fff24ce0000 - 0x00007fff24d7e000 	C:\WINDOWS\System32\msvcrt.dll
0x00007fff242c0000 - 0x00007fff2435b000 	C:\WINDOWS\System32\sechost.dll
0x00007fff25910000 - 0x00007fff25a3b000 	C:\WINDOWS\System32\RPCRT4.dll
0x00007fff25ea0000 - 0x00007fff26040000 	C:\WINDOWS\System32\USER32.dll
0x00007fff23870000 - 0x00007fff23892000 	C:\WINDOWS\System32\win32u.dll
0x00007fff24770000 - 0x00007fff2479a000 	C:\WINDOWS\System32\GDI32.dll
0x00007fff238a0000 - 0x00007fff239ab000 	C:\WINDOWS\System32\gdi32full.dll
0x00007fff23ab0000 - 0x00007fff23b4d000 	C:\WINDOWS\System32\msvcp_win.dll
0x00007fff24090000 - 0x00007fff24190000 	C:\WINDOWS\System32\ucrtbase.dll
0x00007fff1c490000 - 0x00007fff1c72a000 	C:\WINDOWS\WinSxS\amd64_microsoft.windows.common-controls_6595b64144ccf1df_6.0.19041.844_none_ca00b6081b84eb1d\COMCTL32.dll
0x00007fff24510000 - 0x00007fff24540000 	C:\WINDOWS\System32\IMM32.DLL
0x000000005fab0000 - 0x000000005fb82000 	C:\Program Files\Android\Android Studio\jre\jre\bin\msvcr100.dll
0x0000000062760000 - 0x0000000062fab000 	C:\Program Files\Android\Android Studio\jre\jre\bin\server\jvm.dll
0x00007fff241f0000 - 0x00007fff241f8000 	C:\WINDOWS\System32\PSAPI.DLL
0x00007fff15350000 - 0x00007fff15359000 	C:\WINDOWS\SYSTEM32\WSOCK32.dll
0x00007fff258a0000 - 0x00007fff2590b000 	C:\WINDOWS\System32\WS2_32.dll
0x00007fff1a0c0000 - 0x00007fff1a0e7000 	C:\WINDOWS\SYSTEM32\WINMM.dll
0x00007fff1be60000 - 0x00007fff1be6a000 	C:\WINDOWS\SYSTEM32\VERSION.dll
0x00007fff1db50000 - 0x00007fff1db5f000 	C:\Program Files\Android\Android Studio\jre\jre\bin\verify.dll
0x00007fff19d90000 - 0x00007fff19db9000 	C:\Program Files\Android\Android Studio\jre\jre\bin\java.dll
0x00007fff186a0000 - 0x00007fff186b6000 	C:\Program Files\Android\Android Studio\jre\jre\bin\zip.dll
0x00007fff25140000 - 0x00007fff25882000 	C:\WINDOWS\System32\SHELL32.dll
0x00007fff219c0000 - 0x00007fff22150000 	C:\WINDOWS\SYSTEM32\windows.storage.dll
0x00007fff24de0000 - 0x00007fff25135000 	C:\WINDOWS\System32\combase.dll
0x00007fff23210000 - 0x00007fff2323c000 	C:\WINDOWS\SYSTEM32\Wldp.dll
0x00007fff26040000 - 0x00007fff260ee000 	C:\WINDOWS\System32\SHCORE.dll
0x00007fff25c10000 - 0x00007fff25c65000 	C:\WINDOWS\System32\shlwapi.dll
0x00007fff237b0000 - 0x00007fff237cf000 	C:\WINDOWS\SYSTEM32\profapi.dll
0x00007fff18680000 - 0x00007fff1869a000 	C:\Program Files\Android\Android Studio\jre\jre\bin\net.dll
0x00007fff22f80000 - 0x00007fff22fea000 	C:\WINDOWS\system32\mswsock.dll
0x00007fff18530000 - 0x00007fff18543000 	C:\Program Files\Android\Android Studio\jre\jre\bin\nio.dll
0x00007fff19cd0000 - 0x00007fff19cf7000 	C:\Users\USUARIO\.gradle\native\f6784746aeab05261644944871eae4fe03e0ef1612fff0a4a95f87b438bc6780\windows-amd64\native-platform.dll
0x00007fff1a080000 - 0x00007fff1a08d000 	C:\Program Files\Android\Android Studio\jre\jre\bin\management.dll
0x00007fff23150000 - 0x00007fff23168000 	C:\WINDOWS\SYSTEM32\CRYPTSP.dll
0x00007fff22920000 - 0x00007fff22954000 	C:\WINDOWS\system32\rsaenh.dll
0x00007fff23a80000 - 0x00007fff23aa7000 	C:\WINDOWS\System32\bcrypt.dll
0x00007fff23770000 - 0x00007fff2379e000 	C:\WINDOWS\SYSTEM32\USERENV.dll
0x00007fff23a00000 - 0x00007fff23a80000 	C:\WINDOWS\System32\bcryptprimitives.dll
0x00007fff23170000 - 0x00007fff2317c000 	C:\WINDOWS\SYSTEM32\CRYPTBASE.dll
0x00007fff22c70000 - 0x00007fff22cab000 	C:\WINDOWS\SYSTEM32\IPHLPAPI.DLL
0x00007fff24760000 - 0x00007fff24768000 	C:\WINDOWS\System32\NSI.dll
0x00007fff1e490000 - 0x00007fff1e4a7000 	C:\WINDOWS\SYSTEM32\dhcpcsvc6.DLL
0x00007fff1e470000 - 0x00007fff1e48d000 	C:\WINDOWS\SYSTEM32\dhcpcsvc.DLL
0x00007fff22cb0000 - 0x00007fff22d7c000 	C:\WINDOWS\SYSTEM32\DNSAPI.dll
0x00007fff1e4b0000 - 0x00007fff1e4bb000 	C:\WINDOWS\SYSTEM32\WINNSI.DLL
0x00007fff16130000 - 0x00007fff1614e000 	C:\Users\USUARIO\AppData\Local\Temp\native-platform458451577268700183dir\native-platform.dll
0x00007fff22590000 - 0x00007fff225c3000 	C:\WINDOWS\SYSTEM32\ntmarta.dll

VM Arguments:
jvm_args: -Xmx2048m -Dfile.encoding=UTF-8 -Duser.country=PE -Duser.language=es -Duser.variant 
java_command: org.gradle.launcher.daemon.bootstrap.GradleDaemon 6.5
java_class_path (initial): C:\Users\USUARIO\.gradle\wrapper\dists\gradle-6.5-bin\6nifqtx7604sqp1q6g8wikw7p\gradle-6.5\lib\gradle-launcher-6.5.jar
Launcher Type: SUN_STANDARD

Environment Variables:
PATH=C:\Python38\Scripts\;C:\Python38\;C:\Program Files (x86)\Common Files\Oracle\Java\javapath;C:\WINDOWS\system32;C:\WINDOWS;C:\WINDOWS\System32\Wbem;C:\WINDOWS\System32\WindowsPowerShell\v1.0\;C:\WINDOWS\System32\OpenSSH\;C:\Program Files\dotnet\;C:\Program Files\Microsoft\Web Platform Installer\;C:\Program Files (x86)\PHP\v7.4;C:\ProgramData\ComposerSetup\bin;C:\Program Files\nodejs\;C:\ProgramData\chocolatey\bin;C:\Program Files\Microsoft SQL Server\120\Tools\Binn\;C:\Program Files\Microsoft SQL Server\Client SDK\ODBC\110\Tools\Binn\;C:\Program Files (x86)\Microsoft SQL Server\120\Tools\Binn\;C:\Program Files\Microsoft SQL Server\120\DTS\Binn\;C:\Program Files (x86)\Microsoft SQL Server\120\Tools\Binn\ManagementStudio\;C:\Program Files (x86)\Microsoft SQL Server\120\DTS\Binn\;C:\Users\USUARIO\AppData\Roaming\Microsoft\Windows\Start Menu\Programs\GitHub, Inc;C:\Program Files\Git\cmd;C:\Users\USUARIO\AppData\Local\Programs\Python\Python38\Scripts\;C:\Users\USUARIO\AppData\Local\Programs\Python\Python38\;C:\Users\USUARIO\AppData\Local\Microsoft\WindowsApps;C:\Users\USUARIO\AppData\Local\Android\Sdk\platform-tools;C:\Users\USUARIO\AppData\Roaming\Composer\vendor\bin;C:\Users\USUARIO\AppData\Local\Programs\Microsoft VS Code\bin;C:\Users\USUARIO\AppData\Roaming\npm;C:\Program Files\nodejs;C:\src\flutter\bin;C:\Program Files\heroku\bin;C:\Users\USUARIO\AppData\Local\GitHubDesktop\bin;
USERNAME=USUARIO
OS=Windows_NT
PROCESSOR_IDENTIFIER=Intel64 Family 6 Model 158 Stepping 9, GenuineIntel



---------------  S Y S T E M  ---------------

OS: Windows 10.0 , 64 bit Build 19041 (10.0.19041.928)

CPU:total 4 (initial active 4) (4 cores per cpu, 1 threads per core) family 6 model 158 stepping 9, cmov, cx8, fxsr, mmx, sse, sse2, sse3, ssse3, sse4.1, sse4.2, popcnt, avx, avx2, aes, clmul, erms, 3dnowpref, lzcnt, tsc, tscinvbit, bmi1, bmi2, adx

Memory: 4k page, physical 16634000k(1348044k free), swap 66965648k(5588k free)

vm_info: OpenJDK 64-Bit Server VM (25.242-b01) for windows-amd64 JRE (1.8.0_242-release-1644-b01), built by "builder" with MS VC++ 10.0 (VS2010)

time: Mon May 17 17:49:59 2021
timezone: Hora est. Pacífico, Sudamérica
elapsed time: 447 seconds (0d 0h 7m 27s)

