#
# There is insufficient memory for the Java Runtime Environment to continue.
# Native memory allocation (malloc) failed to allocate 1513808 bytes for Chunk::new
# Possible reasons:
#   The system is out of physical RAM or swap space
#   The process is running with CompressedOops enabled, and the Java Heap may be blocking the growth of the native heap
# Possible solutions:
#   Reduce memory load on the system
#   Increase physical memory or swap space
#   Check if swap backing store is full
#   Decrease Java heap size (-Xmx/-Xms)
#   Decrease number of Java threads
#   Decrease Java thread stack sizes (-Xss)
#   Set larger code cache with -XX:ReservedCodeCacheSize=
#   JVM is running with Unscaled Compressed Oops mode in which the Java heap is
#     placed in the first 4GB address space. The Java Heap base address is the
#     maximum limit for the native heap growth. Please use -XX:HeapBaseMinAddress
#     to set the Java Heap base and to place the Java Heap above 4GB virtual address.
# This output file may be truncated or incomplete.
#
#  Out of Memory Error (allocation.cpp:389), pid=18060, tid=0x0000000000001c84
#
# JRE version: OpenJDK Runtime Environment (8.0_242-b01) (build 1.8.0_242-release-1644-b01)
# Java VM: OpenJDK 64-Bit Server VM (25.242-b01 mixed mode windows-amd64 compressed oops)
# Failed to write core dump. Minidumps are not enabled by default on client versions of Windows
#

---------------  T H R E A D  ---------------

Current thread (0x00000000175e9000):  JavaThread "C2 CompilerThread0" daemon [_thread_in_native, id=7300, stack(0x0000000018c60000,0x0000000018d60000)]

Stack: [0x0000000018c60000,0x0000000018d60000]
[error occurred during error reporting (printing stack bounds), id 0xc0000005]

Native frames: (J=compiled Java code, j=interpreted, Vv=VM code, C=native code)


Current CompileTask:
C2:  20412 15070 %     4       com.android.tools.r8.z.a.a.f::a @ 66 (6058 bytes)


---------------  P R O C E S S  ---------------

Java Threads: ( => current thread )
  0x000000001dc5a000 JavaThread "WorkerExecutor Queue Thread 5" [_thread_blocked, id=7684, stack(0x000000002f010000,0x000000002f110000)]
  0x000000001ff55800 JavaThread "WorkerExecutor Queue Thread 4" [_thread_in_Java, id=3344, stack(0x000000002ef10000,0x000000002f010000)]
  0x000000001ff55000 JavaThread "WorkerExecutor Queue Thread 3" [_thread_in_Java, id=5712, stack(0x000000002ec90000,0x000000002ed90000)]
  0x000000001ff52800 JavaThread "WorkerExecutor Queue Thread 2" [_thread_in_native, id=4724, stack(0x000000002ee10000,0x000000002ef10000)]
  0x000000001ff57000 JavaThread "WorkerExecutor Queue" [_thread_in_native, id=9476, stack(0x000000002e860000,0x000000002e960000)]
  0x000000001ff54000 JavaThread "Cache worker for Java compile cache (E:\Cristian Japa\Aplicativos Android\TUBOPLAST SAC\REPLICA CHEMA\SM_TUBO_PLAST\.gradle\6.5\javaCompile)" [_thread_blocked, id=8736, stack(0x000000002d0a0000,0x000000002d1a0000)]
  0x000000001ff56800 JavaThread "Cache worker for Java compile cache (C:\Users\USUARIO\.gradle\caches\6.5\javaCompile)" [_thread_blocked, id=928, stack(0x000000002cfa0000,0x000000002d0a0000)]
  0x000000001ff52000 JavaThread "Cache worker for execution history cache (E:\Cristian Japa\Aplicativos Android\TUBOPLAST SAC\REPLICA CHEMA\SM_TUBO_PLAST\.gradle\6.5\executionHistory)" [_thread_blocked, id=7032, stack(0x000000002c6a0000,0x000000002c7a0000)]
  0x000000001ff51000 JavaThread "Execution worker for ':' Thread 3" [_thread_blocked, id=15588, stack(0x000000002c5a0000,0x000000002c6a0000)]
  0x000000001ff4f800 JavaThread "Execution worker for ':' Thread 2" [_thread_blocked, id=6080, stack(0x000000002c4a0000,0x000000002c5a0000)]
  0x000000001ff50800 JavaThread "Execution worker for ':'" [_thread_blocked, id=6948, stack(0x000000002bf70000,0x000000002c070000)]
  0x000000001ff48000 JavaThread "Cache worker for file content cache (E:\Cristian Japa\Aplicativos Android\TUBOPLAST SAC\REPLICA CHEMA\SM_TUBO_PLAST\.gradle\6.5\fileContent)" [_thread_blocked, id=10080, stack(0x000000002be70000,0x000000002bf70000)]
  0x000000001ff4a800 JavaThread "Memory manager" [_thread_blocked, id=12832, stack(0x000000002bd70000,0x000000002be70000)]
  0x000000001ff4f000 JavaThread "pool-1-thread-1" [_thread_blocked, id=14468, stack(0x000000002ac70000,0x000000002ad70000)]
  0x000000001ff49000 JavaThread "Cache worker for Build Output Cleanup Cache (E:\Cristian Japa\Aplicativos Android\TUBOPLAST SAC\REPLICA CHEMA\SM_TUBO_PLAST\.gradle\buildOutputCleanup)" [_thread_blocked, id=16468, stack(0x0000000026120000,0x0000000026220000)]
  0x000000001ff4c000 JavaThread "jar transforms Thread 113" [_thread_blocked, id=17388, stack(0x00000000298a0000,0x00000000299a0000)]
  0x000000001ff4c800 JavaThread "jar transforms Thread 112" [_thread_blocked, id=2484, stack(0x00000000297a0000,0x00000000298a0000)]
  0x000000001ff4d800 JavaThread "jar transforms Thread 111" [_thread_blocked, id=9724, stack(0x00000000296a0000,0x00000000297a0000)]
  0x000000001ff4e000 JavaThread "jar transforms Thread 110" [_thread_blocked, id=5936, stack(0x00000000295a0000,0x00000000296a0000)]
  0x000000001ff49800 JavaThread "jar transforms Thread 109" [_thread_blocked, id=10868, stack(0x00000000294a0000,0x00000000295a0000)]
  0x000000002059e000 JavaThread "jar transforms Thread 108" [_thread_blocked, id=14924, stack(0x00000000293a0000,0x00000000294a0000)]
  0x000000002059d800 JavaThread "jar transforms Thread 107" [_thread_blocked, id=17168, stack(0x00000000292a0000,0x00000000293a0000)]
  0x000000002059f800 JavaThread "jar transforms Thread 106" [_thread_blocked, id=12236, stack(0x00000000291a0000,0x00000000292a0000)]
  0x000000002059c800 JavaThread "jar transforms Thread 105" [_thread_blocked, id=16352, stack(0x00000000290a0000,0x00000000291a0000)]
  0x000000002059c000 JavaThread "jar transforms Thread 104" [_thread_blocked, id=5744, stack(0x0000000028fa0000,0x00000000290a0000)]
  0x000000002059b000 JavaThread "jar transforms Thread 103" [_thread_blocked, id=2416, stack(0x0000000028ea0000,0x0000000028fa0000)]
  0x000000002059f000 JavaThread "jar transforms Thread 102" [_thread_blocked, id=15220, stack(0x0000000028da0000,0x0000000028ea0000)]
  0x000000002059a800 JavaThread "jar transforms Thread 101" [_thread_blocked, id=8456, stack(0x0000000028ca0000,0x0000000028da0000)]
  0x00000000205a1000 JavaThread "jar transforms Thread 100" [_thread_blocked, id=11208, stack(0x0000000028ba0000,0x0000000028ca0000)]
  0x00000000205a0800 JavaThread "jar transforms Thread 99" [_thread_blocked, id=16100, stack(0x0000000028aa0000,0x0000000028ba0000)]
  0x0000000020593000 JavaThread "jar transforms Thread 98" [_thread_blocked, id=15008, stack(0x00000000289a0000,0x0000000028aa0000)]
  0x0000000020594800 JavaThread "jar transforms Thread 97" [_thread_blocked, id=12372, stack(0x00000000288a0000,0x00000000289a0000)]
  0x0000000020599800 JavaThread "jar transforms Thread 96" [_thread_blocked, id=1788, stack(0x00000000287a0000,0x00000000288a0000)]
  0x0000000020595000 JavaThread "jar transforms Thread 95" [_thread_blocked, id=14580, stack(0x00000000286a0000,0x00000000287a0000)]
  0x0000000020593800 JavaThread "jar transforms Thread 94" [_thread_blocked, id=9704, stack(0x00000000285a0000,0x00000000286a0000)]
  0x0000000020597800 JavaThread "jar transforms Thread 93" [_thread_blocked, id=17860, stack(0x00000000284a0000,0x00000000285a0000)]
  0x0000000020592000 JavaThread "jar transforms Thread 92" [_thread_blocked, id=13856, stack(0x00000000283a0000,0x00000000284a0000)]
  0x0000000020598000 JavaThread "jar transforms Thread 91" [_thread_blocked, id=11288, stack(0x00000000282a0000,0x00000000283a0000)]
  0x0000000020596800 JavaThread "jar transforms Thread 90" [_thread_blocked, id=14256, stack(0x00000000281a0000,0x00000000282a0000)]
  0x0000000020599000 JavaThread "jar transforms Thread 89" [_thread_blocked, id=14464, stack(0x00000000280a0000,0x00000000281a0000)]
  0x0000000020596000 JavaThread "jar transforms Thread 88" [_thread_blocked, id=11292, stack(0x0000000027fa0000,0x00000000280a0000)]
  0x000000001b993800 JavaThread "jar transforms Thread 87" [_thread_blocked, id=11672, stack(0x0000000027ea0000,0x0000000027fa0000)]
  0x000000001b996000 JavaThread "jar transforms Thread 86" [_thread_blocked, id=12812, stack(0x0000000027da0000,0x0000000027ea0000)]
  0x000000001b993000 JavaThread "jar transforms Thread 85" [_thread_blocked, id=18132, stack(0x0000000027ca0000,0x0000000027da0000)]
  0x000000001b995000 JavaThread "jar transforms Thread 84" [_thread_blocked, id=10468, stack(0x0000000027ba0000,0x0000000027ca0000)]
  0x000000001b994800 JavaThread "jar transforms Thread 83" [_thread_blocked, id=18348, stack(0x0000000027aa0000,0x0000000027ba0000)]
  0x000000001b992000 JavaThread "jar transforms Thread 82" [_thread_blocked, id=12308, stack(0x00000000279a0000,0x0000000027aa0000)]
  0x000000001b98a800 JavaThread "jar transforms Thread 81" [_thread_blocked, id=16680, stack(0x00000000278a0000,0x00000000279a0000)]
  0x000000001b991800 JavaThread "jar transforms Thread 80" [_thread_blocked, id=5956, stack(0x00000000277a0000,0x00000000278a0000)]
  0x000000001b990800 JavaThread "jar transforms Thread 79" [_thread_blocked, id=14200, stack(0x00000000276a0000,0x00000000277a0000)]
  0x000000001b98f000 JavaThread "jar transforms Thread 78" [_thread_blocked, id=11712, stack(0x00000000275a0000,0x00000000276a0000)]
  0x000000001b989000 JavaThread "jar transforms Thread 77" [_thread_blocked, id=6996, stack(0x00000000274a0000,0x00000000275a0000)]
  0x000000001b990000 JavaThread "jar transforms Thread 76" [_thread_blocked, id=6964, stack(0x00000000273a0000,0x00000000274a0000)]
  0x000000001b98e800 JavaThread "jar transforms Thread 75" [_thread_blocked, id=15328, stack(0x00000000272a0000,0x00000000273a0000)]
  0x000000001b987800 JavaThread "jar transforms Thread 74" [_thread_blocked, id=5508, stack(0x00000000271a0000,0x00000000272a0000)]
  0x000000001b98d000 JavaThread "jar transforms Thread 73" [_thread_blocked, id=13108, stack(0x00000000270a0000,0x00000000271a0000)]
  0x000000001b98a000 JavaThread "jar transforms Thread 72" [_thread_blocked, id=13124, stack(0x0000000026fa0000,0x00000000270a0000)]
  0x000000001b98d800 JavaThread "jar transforms Thread 71" [_thread_blocked, id=9980, stack(0x0000000026ea0000,0x0000000026fa0000)]
  0x000000001b986800 JavaThread "jar transforms Thread 70" [_thread_blocked, id=14496, stack(0x0000000026da0000,0x0000000026ea0000)]
  0x000000001b988800 JavaThread "jar transforms Thread 69" [_thread_blocked, id=6344, stack(0x0000000026ca0000,0x0000000026da0000)]
  0x000000001b98c000 JavaThread "jar transforms Thread 68" [_thread_blocked, id=10144, stack(0x0000000026ba0000,0x0000000026ca0000)]
  0x000000001b98b800 JavaThread "jar transforms Thread 67" [_thread_blocked, id=4228, stack(0x0000000026aa0000,0x0000000026ba0000)]
  0x00000000205af800 JavaThread "jar transforms Thread 66" [_thread_blocked, id=7308, stack(0x00000000269a0000,0x0000000026aa0000)]
  0x00000000205ae800 JavaThread "jar transforms Thread 65" [_thread_blocked, id=14852, stack(0x00000000268a0000,0x00000000269a0000)]
  0x00000000205ad000 JavaThread "jar transforms Thread 64" [_thread_blocked, id=908, stack(0x00000000267a0000,0x00000000268a0000)]
  0x00000000205b1000 JavaThread "jar transforms Thread 63" [_thread_blocked, id=11632, stack(0x00000000266a0000,0x00000000267a0000)]
  0x00000000205ac800 JavaThread "jar transforms Thread 62" [_thread_blocked, id=12336, stack(0x00000000265a0000,0x00000000266a0000)]
  0x00000000205b1800 JavaThread "jar transforms Thread 61" [_thread_blocked, id=13532, stack(0x00000000264a0000,0x00000000265a0000)]
  0x00000000205b0000 JavaThread "jar transforms Thread 60" [_thread_blocked, id=16116, stack(0x00000000263a0000,0x00000000264a0000)]
  0x00000000205ae000 JavaThread "jar transforms Thread 59" [_thread_blocked, id=6480, stack(0x00000000262a0000,0x00000000263a0000)]
  0x00000000205a5000 JavaThread "jar transforms Thread 58" [_thread_blocked, id=7264, stack(0x00000000225a0000,0x00000000226a0000)]
  0x00000000205ab800 JavaThread "jar transforms Thread 57" [_thread_blocked, id=12064, stack(0x0000000026020000,0x0000000026120000)]
  0x00000000205ab000 JavaThread "jar transforms Thread 56" [_thread_blocked, id=1080, stack(0x0000000025f20000,0x0000000026020000)]
  0x00000000205aa000 JavaThread "jar transforms Thread 55" [_thread_blocked, id=5276, stack(0x0000000025e20000,0x0000000025f20000)]
  0x00000000205a9800 JavaThread "jar transforms Thread 54" [_thread_blocked, id=10000, stack(0x0000000025d20000,0x0000000025e20000)]
  0x00000000205a8800 JavaThread "jar transforms Thread 53" [_thread_blocked, id=14432, stack(0x0000000025c20000,0x0000000025d20000)]
  0x00000000205a7000 JavaThread "jar transforms Thread 52" [_thread_blocked, id=7464, stack(0x0000000025b20000,0x0000000025c20000)]
  0x00000000205a4000 JavaThread "jar transforms Thread 51" [_thread_blocked, id=10484, stack(0x0000000025a20000,0x0000000025b20000)]
  0x00000000205a2800 JavaThread "jar transforms Thread 50" [_thread_blocked, id=16412, stack(0x0000000025920000,0x0000000025a20000)]
  0x00000000205a3800 JavaThread "jar transforms Thread 49" [_thread_blocked, id=3628, stack(0x0000000025820000,0x0000000025920000)]
  0x00000000205a8000 JavaThread "jar transforms Thread 48" [_thread_blocked, id=2056, stack(0x0000000025720000,0x0000000025820000)]
  0x00000000205a6800 JavaThread "jar transforms Thread 47" [_thread_blocked, id=10776, stack(0x0000000025620000,0x0000000025720000)]
  0x00000000205a5800 JavaThread "jar transforms Thread 46" [_thread_blocked, id=10500, stack(0x0000000025520000,0x0000000025620000)]
  0x000000002043d800 JavaThread "jar transforms Thread 45" [_thread_blocked, id=11136, stack(0x0000000025420000,0x0000000025520000)]
  0x0000000020436000 JavaThread "jar transforms Thread 44" [_thread_blocked, id=13496, stack(0x0000000025320000,0x0000000025420000)]
  0x000000002043d000 JavaThread "jar transforms Thread 43" [_thread_blocked, id=10652, stack(0x0000000025220000,0x0000000025320000)]
  0x000000002043b800 JavaThread "jar transforms Thread 42" [_thread_blocked, id=8064, stack(0x0000000025120000,0x0000000025220000)]
  0x0000000020439000 JavaThread "jar transforms Thread 41" [_thread_blocked, id=12400, stack(0x0000000025020000,0x0000000025120000)]
  0x000000002043c000 JavaThread "jar transforms Thread 40" [_thread_blocked, id=8820, stack(0x0000000024f20000,0x0000000025020000)]
  0x0000000020437800 JavaThread "jar transforms Thread 39" [_thread_blocked, id=2308, stack(0x0000000024e20000,0x0000000024f20000)]
  0x000000002043a800 JavaThread "jar transforms Thread 38" [_thread_blocked, id=17680, stack(0x0000000024d20000,0x0000000024e20000)]
  0x0000000020439800 JavaThread "jar transforms Thread 37" [_thread_blocked, id=16184, stack(0x0000000024c20000,0x0000000024d20000)]
  0x0000000020436800 JavaThread "jar transforms Thread 36" [_thread_blocked, id=7132, stack(0x0000000024b20000,0x0000000024c20000)]
  0x0000000020438000 JavaThread "jar transforms Thread 35" [_thread_blocked, id=3488, stack(0x0000000024a20000,0x0000000024b20000)]
  0x000000002042e800 JavaThread "jar transforms Thread 34" [_thread_blocked, id=868, stack(0x0000000024920000,0x0000000024a20000)]
  0x0000000020435000 JavaThread "jar transforms Thread 33" [_thread_blocked, id=17640, stack(0x0000000024820000,0x0000000024920000)]
  0x0000000020431800 JavaThread "jar transforms Thread 32" [_thread_blocked, id=4568, stack(0x0000000024720000,0x0000000024820000)]
  0x0000000020434800 JavaThread "jar transforms Thread 31" [_thread_blocked, id=16932, stack(0x0000000024620000,0x0000000024720000)]
  0x0000000020430800 JavaThread "jar transforms Thread 30" [_thread_blocked, id=3720, stack(0x0000000024520000,0x0000000024620000)]
  0x0000000020430000 JavaThread "jar transforms Thread 29" [_thread_blocked, id=17884, stack(0x0000000024420000,0x0000000024520000)]
  0x0000000020433800 JavaThread "jar transforms Thread 28" [_thread_blocked, id=14324, stack(0x0000000024320000,0x0000000024420000)]
  0x0000000020433000 JavaThread "jar transforms Thread 27" [_thread_blocked, id=15800, stack(0x0000000024220000,0x0000000024320000)]
  0x0000000020432000 JavaThread "jar transforms Thread 26" [_thread_blocked, id=3076, stack(0x0000000024120000,0x0000000024220000)]
  0x000000002042f000 JavaThread "jar transforms Thread 25" [_thread_blocked, id=11864, stack(0x0000000024020000,0x0000000024120000)]
  0x000000001aa76800 JavaThread "jar transforms Thread 24" [_thread_blocked, id=2528, stack(0x0000000023f20000,0x0000000024020000)]
  0x000000001aa76000 JavaThread "jar transforms Thread 23" [_thread_blocked, id=12020, stack(0x0000000023e20000,0x0000000023f20000)]
  0x000000001aa79000 JavaThread "jar transforms Thread 22" [_thread_blocked, id=15356, stack(0x0000000023d20000,0x0000000023e20000)]
  0x000000001aa77800 JavaThread "jar transforms Thread 21" [_thread_blocked, id=1768, stack(0x0000000023c20000,0x0000000023d20000)]
  0x000000001aa7b000 JavaThread "jar transforms Thread 20" [_thread_blocked, id=10636, stack(0x0000000023b20000,0x0000000023c20000)]
  0x000000001aa75000 JavaThread "jar transforms Thread 19" [_thread_blocked, id=14156, stack(0x0000000023a20000,0x0000000023b20000)]
  0x000000001aa7a800 JavaThread "jar transforms Thread 18" [_thread_blocked, id=17740, stack(0x0000000023920000,0x0000000023a20000)]
  0x000000001aa79800 JavaThread "jar transforms Thread 17" [_thread_blocked, id=12640, stack(0x0000000023820000,0x0000000023920000)]
  0x000000001aa74800 JavaThread "jar transforms Thread 16" [_thread_blocked, id=11568, stack(0x0000000023720000,0x0000000023820000)]
  0x000000001aa78000 JavaThread "jar transforms Thread 15" [_thread_blocked, id=10948, stack(0x0000000023620000,0x0000000023720000)]
  0x000000001dd7b000 JavaThread "jar transforms Thread 14" [_thread_blocked, id=17308, stack(0x0000000023520000,0x0000000023620000)]
  0x000000001dd79000 JavaThread "jar transforms Thread 13" [_thread_blocked, id=14124, stack(0x0000000023420000,0x0000000023520000)]
  0x000000001dd7a800 JavaThread "jar transforms Thread 12" [_thread_blocked, id=14856, stack(0x0000000023320000,0x0000000023420000)]
  0x000000001dd7c000 JavaThread "jar transforms Thread 11" [_thread_blocked, id=16740, stack(0x0000000023220000,0x0000000023320000)]
  0x000000001dd78000 JavaThread "jar transforms Thread 10" [_thread_blocked, id=11176, stack(0x0000000023120000,0x0000000023220000)]
  0x000000001dd7d800 JavaThread "jar transforms Thread 9" [_thread_blocked, id=4248, stack(0x0000000023020000,0x0000000023120000)]
  0x000000001dd79800 JavaThread "jar transforms Thread 8" [_thread_blocked, id=16732, stack(0x0000000022f20000,0x0000000023020000)]
  0x000000001dd7c800 JavaThread "jar transforms Thread 7" [_thread_blocked, id=952, stack(0x0000000022e20000,0x0000000022f20000)]
  0x000000001dd70800 JavaThread "jar transforms Thread 6" [_thread_blocked, id=10516, stack(0x0000000022d20000,0x0000000022e20000)]
  0x000000001dd76800 JavaThread "jar transforms Thread 5" [_thread_blocked, id=9488, stack(0x0000000022c20000,0x0000000022d20000)]
  0x000000001dd73800 JavaThread "jar transforms Thread 4" [_thread_blocked, id=15676, stack(0x0000000022b20000,0x0000000022c20000)]
  0x000000001dd71800 JavaThread "jar transforms Thread 3" [_thread_blocked, id=11552, stack(0x0000000022a20000,0x0000000022b20000)]
  0x000000001dd77800 JavaThread "jar transforms Thread 2" [_thread_blocked, id=12916, stack(0x0000000022920000,0x0000000022a20000)]
  0x000000001dd6f000 JavaThread "Build operations Thread 4" [_thread_blocked, id=1432, stack(0x00000000224a0000,0x00000000225a0000)]
  0x000000001dd73000 JavaThread "Build operations Thread 3" [_thread_blocked, id=13688, stack(0x00000000223a0000,0x00000000224a0000)]
  0x000000001dd76000 JavaThread "Build operations Thread 2" [_thread_blocked, id=3588, stack(0x00000000222a0000,0x00000000223a0000)]
  0x000000001dd72000 JavaThread "Build operations" [_thread_blocked, id=17632, stack(0x00000000221a0000,0x00000000222a0000)]
  0x000000001b24e800 JavaThread "Cache worker for file content cache (C:\Users\USUARIO\.gradle\caches\6.5\fileContent)" [_thread_blocked, id=16216, stack(0x0000000021aa0000,0x0000000021ba0000)]
  0x000000001b24c800 JavaThread "jar transforms" [_thread_blocked, id=8560, stack(0x00000000219a0000,0x0000000021aa0000)]
  0x000000001b24b800 JavaThread "Cache worker for execution history cache (C:\Users\USUARIO\.gradle\caches\6.5\executionHistory)" [_thread_blocked, id=6428, stack(0x00000000212a0000,0x00000000213a0000)]
  0x000000001b248000 JavaThread "Cache worker for cache directory md-rule (C:\Users\USUARIO\.gradle\caches\6.5\md-rule)" [_thread_blocked, id=10972, stack(0x00000000211a0000,0x00000000212a0000)]
  0x000000001b24b000 JavaThread "Cache worker for cache directory md-supplier (C:\Users\USUARIO\.gradle\caches\6.5\md-supplier)" [_thread_blocked, id=15128, stack(0x000000001fc50000,0x000000001fd50000)]
  0x000000001b24e000 JavaThread "Cache worker for checksums cache (E:\Cristian Japa\Aplicativos Android\TUBOPLAST SAC\REPLICA CHEMA\SM_TUBO_PLAST\.gradle\checksums)" [_thread_blocked, id=13764, stack(0x000000001fb50000,0x000000001fc50000)]
  0x000000001b24a000 JavaThread "Cache worker for file hash cache (E:\Cristian Japa\Aplicativos Android\TUBOPLAST SAC\REPLICA CHEMA\SM_TUBO_PLAST\.gradle\6.5\fileHashes)" [_thread_blocked, id=12052, stack(0x0000000020db0000,0x0000000020eb0000)]
  0x000000001b249800 JavaThread "Cache worker for file hash cache (C:\Users\USUARIO\.gradle\caches\6.5\fileHashes)" [_thread_blocked, id=17696, stack(0x000000001d6b0000,0x000000001d7b0000)]
  0x000000001b248800 JavaThread "File lock request listener" [_thread_in_native, id=14832, stack(0x000000001d5b0000,0x000000001d6b0000)]
  0x00000000192f5800 JavaThread "Cache worker for journal cache (C:\Users\USUARIO\.gradle\caches\journal-1)" [_thread_blocked, id=12296, stack(0x000000001d3b0000,0x000000001d4b0000)]
  0x000000001b0ce000 JavaThread "Thread-9" [_thread_blocked, id=17684, stack(0x000000001d0b0000,0x000000001d1b0000)]
  0x000000001b03f000 JavaThread "Stdin handler" [_thread_blocked, id=5368, stack(0x000000001cfb0000,0x000000001d0b0000)]
  0x000000001b034000 JavaThread "Asynchronous log dispatcher for DefaultDaemonConnection: socket connection from /127.0.0.1:57114 to /127.0.0.1:57115" [_thread_blocked, id=17744, stack(0x000000001ceb0000,0x000000001cfb0000)]
  0x000000001b033000 JavaThread "Daemon worker" [_thread_blocked, id=16276, stack(0x000000001cdb0000,0x000000001ceb0000)]
  0x000000001b03a800 JavaThread "Cancel handler" [_thread_blocked, id=13932, stack(0x000000001ccb0000,0x000000001cdb0000)]
  0x000000001b0c1800 JavaThread "Handler for socket connection from /127.0.0.1:57114 to /127.0.0.1:57115" [_thread_in_native, id=17300, stack(0x000000001cbb0000,0x000000001ccb0000)]
  0x000000001b0bc800 JavaThread "Daemon" [_thread_blocked, id=13948, stack(0x000000001cab0000,0x000000001cbb0000)]
  0x000000001b008000 JavaThread "Daemon periodic checks" [_thread_blocked, id=1308, stack(0x000000001c7b0000,0x000000001c8b0000)]
  0x000000001b005000 JavaThread "Incoming local TCP Connector on port 57114" [_thread_in_native, id=8132, stack(0x000000001c540000,0x000000001c640000)]
  0x000000001af19000 JavaThread "Daemon health stats" [_thread_blocked, id=18424, stack(0x000000001bf00000,0x000000001c000000)]
  0x0000000018f81000 JavaThread "Service Thread" daemon [_thread_blocked, id=11720, stack(0x0000000019360000,0x0000000019460000)]
  0x0000000017635800 JavaThread "C1 CompilerThread2" daemon [_thread_in_native, id=15336, stack(0x0000000018e60000,0x0000000018f60000)]
  0x00000000175ec800 JavaThread "C2 CompilerThread1" daemon [_thread_in_native, id=5872, stack(0x0000000018d60000,0x0000000018e60000)]
=>0x00000000175e9000 JavaThread "C2 CompilerThread0" daemon [_thread_in_native, id=7300, stack(0x0000000018c60000,0x0000000018d60000)]
  0x00000000175e8000 JavaThread "Attach Listener" daemon [_thread_blocked, id=3740, stack(0x0000000018b60000,0x0000000018c60000)]
  0x00000000175e1800 JavaThread "Signal Dispatcher" daemon [_thread_blocked, id=3872, stack(0x0000000018a60000,0x0000000018b60000)]
  0x00000000029bb800 JavaThread "Finalizer" daemon [_thread_blocked, id=6600, stack(0x0000000018840000,0x0000000018940000)]
  0x00000000175c9000 JavaThread "Reference Handler" daemon [_thread_blocked, id=9588, stack(0x0000000018740000,0x0000000018840000)]
  0x00000000028c2800 JavaThread "main" [_thread_blocked, id=8632, stack(0x0000000002770000,0x0000000002870000)]

Other Threads:
  0x00000000175a6800 VMThread [stack: 0x0000000018640000,0x0000000018740000] [id=10796]
  0x0000000018f82000 WatcherThread [stack: 0x0000000019460000,0x0000000019560000] [id=13424]

VM state:not at safepoint (normal execution)

VM Mutex/Monitor currently owned by a thread: None

heap address: 0x0000000080000000, size: 2048 MB, Compressed Oops mode: 32-bit
Narrow klass base: 0x0000000000000000, Narrow klass shift: 3
Compressed class space size: 1073741824 Address: 0x0000000100000000

Heap:
 PSYoungGen      total 340992K, used 301648K [0x00000000d5580000, 0x00000000f0680000, 0x0000000100000000)
  eden space 295424K, 92% used [0x00000000d5580000,0x00000000e60f3e60,0x00000000e7600000)
  from space 45568K, 60% used [0x00000000e7600000,0x00000000e91201b0,0x00000000ea280000)
  to   space 46592K, 0% used [0x00000000ed900000,0x00000000ed900000,0x00000000f0680000)
 ParOldGen       total 203776K, used 107660K [0x0000000080000000, 0x000000008c700000, 0x00000000d5580000)
  object space 203776K, 52% used [0x0000000080000000,0x0000000086923090,0x000000008c700000)
 Metaspace       used 88805K, capacity 93060K, committed 93144K, reserved 1130496K
  class space    used 11913K, capacity 12756K, committed 12800K, reserved 1048576K

Card table byte_map: [0x0000000011d80000,0x0000000012190000] byte_map_base: 0x0000000011980000

Marking Bits: (ParMarkBitMap*) 0x0000000062f2f030
 Begin Bits: [0x0000000012840000, 0x0000000014840000)
 End Bits:   [0x0000000014840000, 0x0000000016840000)

Polling page: 0x0000000000b00000

CodeCache: size=245760Kb used=43141Kb max_used=43141Kb free=202618Kb
 bounds [0x00000000029c0000, 0x0000000005420000, 0x00000000119c0000]
 total_blobs=13662 nmethods=12801 adapters=771
 compilation: enabled

Compilation events (10 events):
Event: 20.380 Thread 0x0000000017635800 nmethod 15675 0x00000000053d68d0 code [0x00000000053d6da0, 0x00000000053d8d28]
Event: 20.380 Thread 0x0000000017635800 15682       1       com.android.tools.r8.s.b.c0::H (2 bytes)
Event: 20.381 Thread 0x0000000017635800 nmethod 15682 0x00000000035f2d10 code [0x00000000035f2e60, 0x00000000035f2f70]
Event: 20.381 Thread 0x0000000017635800 15676       2       com.android.tools.r8.s.b.O::a (232 bytes)
Event: 20.382 Thread 0x0000000017635800 nmethod 15676 0x000000000344fdd0 code [0x0000000003450080, 0x00000000034512a8]
Event: 20.382 Thread 0x0000000017635800 15678   !   2       com.android.tools.r8.ir.optimize.x::a (845 bytes)
Event: 20.386 Thread 0x0000000017635800 nmethod 15678 0x00000000053db150 code [0x00000000053db7c0, 0x00000000053dd888]
Event: 20.386 Thread 0x0000000017635800 15684       2       com.android.tools.r8.ir.conversion.K::a (951 bytes)
Event: 20.391 Thread 0x0000000017635800 nmethod 15684 0x00000000053e0510 code [0x00000000053e0cc0, 0x00000000053e3cf8]
Event: 20.391 Thread 0x0000000017635800 15689 %     3       com.android.tools.r8.ir.regalloc.a::a @ 2118 (3992 bytes)

GC Heap History (10 events):
Event: 9.529 GC heap before
{Heap before GC invocations=14 (full 3):
 PSYoungGen      total 227328K, used 209408K [0x00000000d5580000, 0x00000000e7080000, 0x0000000100000000)
  eden space 209408K, 100% used [0x00000000d5580000,0x00000000e2200000,0x00000000e2200000)
  from space 17920K, 0% used [0x00000000e3600000,0x00000000e3600000,0x00000000e4780000)
  to   space 20480K, 0% used [0x00000000e2200000,0x00000000e2200000,0x00000000e3600000)
 ParOldGen       total 203776K, used 33120K [0x0000000080000000, 0x000000008c700000, 0x00000000d5580000)
  object space 203776K, 16% used [0x0000000080000000,0x00000000820583c0,0x000000008c700000)
 Metaspace       used 65615K, capacity 68520K, committed 68696K, reserved 1107968K
  class space    used 8995K, capacity 9587K, committed 9600K, reserved 1048576K
Event: 9.545 GC heap after
Heap after GC invocations=14 (full 3):
 PSYoungGen      total 229888K, used 19437K [0x00000000d5580000, 0x00000000e7a00000, 0x0000000100000000)
  eden space 209408K, 0% used [0x00000000d5580000,0x00000000d5580000,0x00000000e2200000)
  from space 20480K, 94% used [0x00000000e2200000,0x00000000e34fb408,0x00000000e3600000)
  to   space 22528K, 0% used [0x00000000e6400000,0x00000000e6400000,0x00000000e7a00000)
 ParOldGen       total 203776K, used 33128K [0x0000000080000000, 0x000000008c700000, 0x00000000d5580000)
  object space 203776K, 16% used [0x0000000080000000,0x000000008205a3c0,0x000000008c700000)
 Metaspace       used 65615K, capacity 68520K, committed 68696K, reserved 1107968K
  class space    used 8995K, capacity 9587K, committed 9600K, reserved 1048576K
}
Event: 11.252 GC heap before
{Heap before GC invocations=15 (full 3):
 PSYoungGen      total 229888K, used 228845K [0x00000000d5580000, 0x00000000e7a00000, 0x0000000100000000)
  eden space 209408K, 100% used [0x00000000d5580000,0x00000000e2200000,0x00000000e2200000)
  from space 20480K, 94% used [0x00000000e2200000,0x00000000e34fb408,0x00000000e3600000)
  to   space 22528K, 0% used [0x00000000e6400000,0x00000000e6400000,0x00000000e7a00000)
 ParOldGen       total 203776K, used 33128K [0x0000000080000000, 0x000000008c700000, 0x00000000d5580000)
  object space 203776K, 16% used [0x0000000080000000,0x000000008205a3c0,0x000000008c700000)
 Metaspace       used 74923K, capacity 78086K, committed 78168K, reserved 1116160K
  class space    used 10196K, capacity 10841K, committed 10880K, reserved 1048576K
Event: 11.283 GC heap after
Heap after GC invocations=15 (full 3):
 PSYoungGen      total 268800K, used 22521K [0x00000000d5580000, 0x00000000e8880000, 0x0000000100000000)
  eden space 246272K, 0% used [0x00000000d5580000,0x00000000d5580000,0x00000000e4600000)
  from space 22528K, 99% used [0x00000000e6400000,0x00000000e79fe520,0x00000000e7a00000)
  to   space 30720K, 0% used [0x00000000e4600000,0x00000000e4600000,0x00000000e6400000)
 ParOldGen       total 203776K, used 47524K [0x0000000080000000, 0x000000008c700000, 0x00000000d5580000)
  object space 203776K, 23% used [0x0000000080000000,0x0000000082e691c0,0x000000008c700000)
 Metaspace       used 74923K, capacity 78086K, committed 78168K, reserved 1116160K
  class space    used 10196K, capacity 10841K, committed 10880K, reserved 1048576K
}
Event: 14.191 GC heap before
{Heap before GC invocations=16 (full 3):
 PSYoungGen      total 268800K, used 268793K [0x00000000d5580000, 0x00000000e8880000, 0x0000000100000000)
  eden space 246272K, 100% used [0x00000000d5580000,0x00000000e4600000,0x00000000e4600000)
  from space 22528K, 99% used [0x00000000e6400000,0x00000000e79fe520,0x00000000e7a00000)
  to   space 30720K, 0% used [0x00000000e4600000,0x00000000e4600000,0x00000000e6400000)
 ParOldGen       total 203776K, used 47524K [0x0000000080000000, 0x000000008c700000, 0x00000000d5580000)
  object space 203776K, 23% used [0x0000000080000000,0x0000000082e691c0,0x000000008c700000)
 Metaspace       used 77582K, capacity 80832K, committed 81112K, reserved 1120256K
  class space    used 10377K, capacity 11006K, committed 11008K, reserved 1048576K
Event: 14.249 GC heap after
Heap after GC invocations=16 (full 3):
 PSYoungGen      total 276992K, used 30705K [0x00000000d5580000, 0x00000000ed300000, 0x0000000100000000)
  eden space 246272K, 0% used [0x00000000d5580000,0x00000000d5580000,0x00000000e4600000)
  from space 30720K, 99% used [0x00000000e4600000,0x00000000e63fc650,0x00000000e6400000)
  to   space 46592K, 0% used [0x00000000ea580000,0x00000000ea580000,0x00000000ed300000)
 ParOldGen       total 203776K, used 78185K [0x0000000080000000, 0x000000008c700000, 0x00000000d5580000)
  object space 203776K, 38% used [0x0000000080000000,0x0000000084c5a490,0x000000008c700000)
 Metaspace       used 77582K, capacity 80832K, committed 81112K, reserved 1120256K
  class space    used 10377K, capacity 11006K, committed 11008K, reserved 1048576K
}
Event: 16.367 GC heap before
{Heap before GC invocations=17 (full 3):
 PSYoungGen      total 276992K, used 276977K [0x00000000d5580000, 0x00000000ed300000, 0x0000000100000000)
  eden space 246272K, 100% used [0x00000000d5580000,0x00000000e4600000,0x00000000e4600000)
  from space 30720K, 99% used [0x00000000e4600000,0x00000000e63fc650,0x00000000e6400000)
  to   space 46592K, 0% used [0x00000000ea580000,0x00000000ea580000,0x00000000ed300000)
 ParOldGen       total 203776K, used 78185K [0x0000000080000000, 0x000000008c700000, 0x00000000d5580000)
  object space 203776K, 38% used [0x0000000080000000,0x0000000084c5a490,0x000000008c700000)
 Metaspace       used 78107K, capacity 81408K, committed 81752K, reserved 1120256K
  class space    used 10384K, capacity 11070K, committed 11136K, reserved 1048576K
Event: 16.398 GC heap after
Heap after GC invocations=17 (full 3):
 PSYoungGen      total 337920K, used 8415K [0x00000000d5580000, 0x00000000ecf00000, 0x0000000100000000)
  eden space 295424K, 0% used [0x00000000d5580000,0x00000000d5580000,0x00000000e7600000)
  from space 42496K, 19% used [0x00000000ea580000,0x00000000eadb7cc0,0x00000000ecf00000)
  to   space 45568K, 0% used [0x00000000e7600000,0x00000000e7600000,0x00000000ea280000)
 ParOldGen       total 203776K, used 107652K [0x0000000080000000, 0x000000008c700000, 0x00000000d5580000)
  object space 203776K, 52% used [0x0000000080000000,0x0000000086921090,0x000000008c700000)
 Metaspace       used 78107K, capacity 81408K, committed 81752K, reserved 1120256K
  class space    used 10384K, capacity 11070K, committed 11136K, reserved 1048576K
}
Event: 19.029 GC heap before
{Heap before GC invocations=18 (full 3):
 PSYoungGen      total 337920K, used 303839K [0x00000000d5580000, 0x00000000ecf00000, 0x0000000100000000)
  eden space 295424K, 100% used [0x00000000d5580000,0x00000000e7600000,0x00000000e7600000)
  from space 42496K, 19% used [0x00000000ea580000,0x00000000eadb7cc0,0x00000000ecf00000)
  to   space 45568K, 0% used [0x00000000e7600000,0x00000000e7600000,0x00000000ea280000)
 ParOldGen       total 203776K, used 107652K [0x0000000080000000, 0x000000008c700000, 0x00000000d5580000)
  object space 203776K, 52% used [0x0000000080000000,0x0000000086921090,0x000000008c700000)
 Metaspace       used 80781K, capacity 84374K, committed 84440K, reserved 1122304K
  class space    used 10758K, capacity 11455K, committed 11520K, reserved 1048576K
Event: 19.059 GC heap after
Heap after GC invocations=18 (full 3):
 PSYoungGen      total 340992K, used 27776K [0x00000000d5580000, 0x00000000f0680000, 0x0000000100000000)
  eden space 295424K, 0% used [0x00000000d5580000,0x00000000d5580000,0x00000000e7600000)
  from space 45568K, 60% used [0x00000000e7600000,0x00000000e91201b0,0x00000000ea280000)
  to   space 46592K, 0% used [0x00000000ed900000,0x00000000ed900000,0x00000000f0680000)
 ParOldGen       total 203776K, used 107660K [0x0000000080000000, 0x000000008c700000, 0x00000000d5580000)
  object space 203776K, 52% used [0x0000000080000000,0x0000000086923090,0x000000008c700000)
 Metaspace       used 80781K, capacity 84374K, committed 84440K, reserved 1122304K
  class space    used 10758K, capacity 11455K, committed 11520K, reserved 1048576K
}

Deoptimization events (10 events):
Event: 19.924 Thread 0x000000001ff55000 Uncommon trap: reason=unstable_if action=reinterpret pc=0x00000000051919c8 method=com.android.tools.r8.t.a.a.a.f.X.a(ILjava/lang/Object;)Ljava/lang/Object; @ 95
Event: 19.937 Thread 0x000000001ff55000 Uncommon trap: reason=unstable_if action=reinterpret pc=0x0000000005206980 method=com.android.tools.r8.ir.regalloc.h.a(I)I @ 8
Event: 19.938 Thread 0x000000001ff55000 Uncommon trap: reason=unstable_if action=reinterpret pc=0x00000000051cac10 method=com.android.tools.r8.ir.regalloc.b.r()Z @ 9
Event: 19.941 Thread 0x000000001ff55000 Uncommon trap: reason=unstable_if action=reinterpret pc=0x00000000051f9a78 method=com.android.tools.r8.ir.regalloc.a.a(I)I @ 12
Event: 19.975 Thread 0x000000001ff55000 Uncommon trap: reason=unstable_if action=reinterpret pc=0x00000000051e6764 method=com.android.tools.r8.ir.conversion.o.b(Lcom/android/tools/r8/p/n/A;)Z @ 18
Event: 20.014 Thread 0x000000001ff55800 Uncommon trap: reason=bimorphic action=maybe_recompile pc=0x00000000051cbcb8 method=com.android.tools.r8.s.b.s1.a(Lcom/android/tools/r8/s/a/p/u;)Lcom/android/tools/r8/s/b/s1; @ 23
Event: 20.015 Thread 0x000000001ff55800 Uncommon trap: reason=bimorphic action=maybe_recompile pc=0x00000000051cbcb8 method=com.android.tools.r8.s.b.s1.a(Lcom/android/tools/r8/s/a/p/u;)Lcom/android/tools/r8/s/b/s1; @ 23
Event: 20.015 Thread 0x000000001ff55800 Uncommon trap: reason=bimorphic action=maybe_recompile pc=0x00000000051b8500 method=com.android.tools.r8.s.b.s1.a(Lcom/android/tools/r8/s/a/p/u;)Lcom/android/tools/r8/s/b/s1; @ 23
Event: 20.016 Thread 0x000000001ff55800 Uncommon trap: reason=bimorphic action=maybe_recompile pc=0x00000000051d7fdc method=com.android.tools.r8.s.b.s1.a(Lcom/android/tools/r8/s/a/p/u;)Lcom/android/tools/r8/s/b/s1; @ 23
Event: 20.025 Thread 0x000000001ff55800 Uncommon trap: reason=unstable_if action=reinterpret pc=0x0000000003a2c960 method=java.util.HashMap$HashIterator.<init>(Ljava/util/HashMap;)V @ 45

Classes redefined (0 events):
No events

Internal exceptions (10 events):
Event: 18.714 Thread 0x000000001dd72000 Implicit null exception at 0x0000000004a6e793 to 0x0000000004a6f005
Event: 18.752 Thread 0x000000001ff51000 Exception <a 'java/lang/NoSuchMethodError': <clinit>> (0x00000000e57fc548) thrown at [C:\src\AOSP-openjdk-git\hotspot\src\share\vm\prims\jni.cpp, line 1615]
Event: 18.931 Thread 0x000000001ff50800 Exception <a 'sun/nio/fs/WindowsException'> (0x00000000e6678088) thrown at [C:\src\AOSP-openjdk-git\hotspot\src\share\vm\prims\jni.cpp, line 710]
Event: 19.011 Thread 0x000000001ff50800 Exception <a 'java/lang/NoSuchMethodError': <clinit>> (0x00000000e7251af8) thrown at [C:\src\AOSP-openjdk-git\hotspot\src\share\vm\prims\jni.cpp, line 1615]
Event: 19.081 Thread 0x000000001ff55800 Exception <a 'java/lang/NoSuchMethodError': java.lang.Object.lambda$static$0(Ljava/lang/String;)Z> (0x00000000d56e4cd8) thrown at [C:\src\AOSP-openjdk-git\hotspot\src\share\vm\interpreter\linkResolver.cpp, line 620]
Event: 19.155 Thread 0x000000001ff55800 Exception <a 'sun/nio/fs/WindowsException'> (0x00000000d71bbb50) thrown at [C:\src\AOSP-openjdk-git\hotspot\src\share\vm\prims\jni.cpp, line 710]
Event: 19.214 Thread 0x000000001ff55000 Exception <a 'sun/nio/fs/WindowsException'> (0x00000000d8306018) thrown at [C:\src\AOSP-openjdk-git\hotspot\src\share\vm\prims\jni.cpp, line 710]
Event: 19.379 Thread 0x000000001ff55800 Exception <a 'java/lang/IncompatibleClassChangeError': Found class java.lang.Object, but interface was expected> (0x00000000d9bbe9a0) thrown at [C:\src\AOSP-openjdk-git\hotspot\src\share\vm\interpreter\linkResolver.cpp, line 653]
Event: 19.615 Thread 0x000000001ff55800 Exception <a 'java/lang/NoSuchMethodError': java.lang.Object.b(Lcom/android/tools/r8/graph/p1$b;)Lcom/android/tools/r8/graph/p1$b;> (0x00000000dcfce600) thrown at [C:\src\AOSP-openjdk-git\hotspot\src\share\vm\interpreter\linkResolver.cpp, line 620]
Event: 19.642 Thread 0x000000001ff55000 Exception <a 'java/lang/NoSuchMethodError': java.lang.Object.lambda$maxBy$1(Ljava/util/Comparator;Ljava/lang/Object;Ljava/lang/Object;)Ljava/lang/Object;> (0x00000000dd2b2a38) thrown at [C:\src\AOSP-openjdk-git\hotspot\src\share\vm\interpreter\linkResolve

Events (10 events):
Event: 20.376 loading class com/android/tools/r8/code/u
Event: 20.376 loading class com/android/tools/r8/code/u done
Event: 20.376 loading class com/android/tools/r8/code/s
Event: 20.376 loading class com/android/tools/r8/code/s done
Event: 20.376 loading class com/android/tools/r8/code/r
Event: 20.376 loading class com/android/tools/r8/code/r done
Event: 20.376 loading class com/android/tools/r8/code/t
Event: 20.376 loading class com/android/tools/r8/code/t done
Event: 20.376 loading class com/android/tools/r8/code/w
Event: 20.376 loading class com/android/tools/r8/code/w done


Dynamic libraries:
0x00007ff7a5440000 - 0x00007ff7a5471000 	C:\Program Files\Android\Android Studio\jre\bin\java.exe
0x00007fff26130000 - 0x00007fff26325000 	C:\WINDOWS\SYSTEM32\ntdll.dll
0x00007fff24200000 - 0x00007fff242bd000 	C:\WINDOWS\System32\KERNEL32.DLL
0x00007fff23dc0000 - 0x00007fff24088000 	C:\WINDOWS\System32\KERNELBASE.dll
0x00007fff24620000 - 0x00007fff246cc000 	C:\WINDOWS\System32\ADVAPI32.dll
0x00007fff24ce0000 - 0x00007fff24d7e000 	C:\WINDOWS\System32\msvcrt.dll
0x00007fff242c0000 - 0x00007fff2435b000 	C:\WINDOWS\System32\sechost.dll
0x00007fff25910000 - 0x00007fff25a3b000 	C:\WINDOWS\System32\RPCRT4.dll
0x00007fff25ea0000 - 0x00007fff26040000 	C:\WINDOWS\System32\USER32.dll
0x00007fff23870000 - 0x00007fff23892000 	C:\WINDOWS\System32\win32u.dll
0x00007fff24770000 - 0x00007fff2479a000 	C:\WINDOWS\System32\GDI32.dll
0x00007fff238a0000 - 0x00007fff239ab000 	C:\WINDOWS\System32\gdi32full.dll
0x00007fff23ab0000 - 0x00007fff23b4d000 	C:\WINDOWS\System32\msvcp_win.dll
0x00007fff24090000 - 0x00007fff24190000 	C:\WINDOWS\System32\ucrtbase.dll
0x00007fff1c490000 - 0x00007fff1c72a000 	C:\WINDOWS\WinSxS\amd64_microsoft.windows.common-controls_6595b64144ccf1df_6.0.19041.844_none_ca00b6081b84eb1d\COMCTL32.dll
0x00007fff24510000 - 0x00007fff24540000 	C:\WINDOWS\System32\IMM32.DLL
0x0000000060440000 - 0x0000000060512000 	C:\Program Files\Android\Android Studio\jre\jre\bin\msvcr100.dll
0x0000000062760000 - 0x0000000062fab000 	C:\Program Files\Android\Android Studio\jre\jre\bin\server\jvm.dll
0x00007fff241f0000 - 0x00007fff241f8000 	C:\WINDOWS\System32\PSAPI.DLL
0x00007fff1be60000 - 0x00007fff1be6a000 	C:\WINDOWS\SYSTEM32\VERSION.dll
0x00007fff1a0c0000 - 0x00007fff1a0e7000 	C:\WINDOWS\SYSTEM32\WINMM.dll
0x00007fff15350000 - 0x00007fff15359000 	C:\WINDOWS\SYSTEM32\WSOCK32.dll
0x00007fff258a0000 - 0x00007fff2590b000 	C:\WINDOWS\System32\WS2_32.dll
0x00007fff1eab0000 - 0x00007fff1eabf000 	C:\Program Files\Android\Android Studio\jre\jre\bin\verify.dll
0x00007fff19d90000 - 0x00007fff19db9000 	C:\Program Files\Android\Android Studio\jre\jre\bin\java.dll
0x00007fff186a0000 - 0x00007fff186b6000 	C:\Program Files\Android\Android Studio\jre\jre\bin\zip.dll
0x00007fff25140000 - 0x00007fff25882000 	C:\WINDOWS\System32\SHELL32.dll
0x00007fff219c0000 - 0x00007fff22150000 	C:\WINDOWS\SYSTEM32\windows.storage.dll
0x00007fff24de0000 - 0x00007fff25135000 	C:\WINDOWS\System32\combase.dll
0x00007fff23210000 - 0x00007fff2323c000 	C:\WINDOWS\SYSTEM32\Wldp.dll
0x00007fff26040000 - 0x00007fff260ee000 	C:\WINDOWS\System32\SHCORE.dll
0x00007fff25c10000 - 0x00007fff25c65000 	C:\WINDOWS\System32\shlwapi.dll
0x00007fff237b0000 - 0x00007fff237cf000 	C:\WINDOWS\SYSTEM32\profapi.dll
0x00007fff18680000 - 0x00007fff1869a000 	C:\Program Files\Android\Android Studio\jre\jre\bin\net.dll
0x00007fff22f80000 - 0x00007fff22fea000 	C:\WINDOWS\system32\mswsock.dll
0x00007fff18530000 - 0x00007fff18543000 	C:\Program Files\Android\Android Studio\jre\jre\bin\nio.dll
0x00007fff12330000 - 0x00007fff12357000 	C:\Users\USUARIO\.gradle\native\f6784746aeab05261644944871eae4fe03e0ef1612fff0a4a95f87b438bc6780\windows-amd64\native-platform.dll
0x00007fff1a080000 - 0x00007fff1a08d000 	C:\Program Files\Android\Android Studio\jre\jre\bin\management.dll
0x00007fff23150000 - 0x00007fff23168000 	C:\WINDOWS\SYSTEM32\CRYPTSP.dll
0x00007fff22920000 - 0x00007fff22954000 	C:\WINDOWS\system32\rsaenh.dll
0x00007fff23a80000 - 0x00007fff23aa7000 	C:\WINDOWS\System32\bcrypt.dll
0x00007fff23770000 - 0x00007fff2379e000 	C:\WINDOWS\SYSTEM32\USERENV.dll
0x00007fff23a00000 - 0x00007fff23a80000 	C:\WINDOWS\System32\bcryptprimitives.dll
0x00007fff23170000 - 0x00007fff2317c000 	C:\WINDOWS\SYSTEM32\CRYPTBASE.dll
0x00007fff22c70000 - 0x00007fff22cab000 	C:\WINDOWS\SYSTEM32\IPHLPAPI.DLL
0x00007fff24760000 - 0x00007fff24768000 	C:\WINDOWS\System32\NSI.dll
0x00007fff1e490000 - 0x00007fff1e4a7000 	C:\WINDOWS\SYSTEM32\dhcpcsvc6.DLL
0x00007fff1e470000 - 0x00007fff1e48d000 	C:\WINDOWS\SYSTEM32\dhcpcsvc.DLL
0x00007fff22cb0000 - 0x00007fff22d7c000 	C:\WINDOWS\SYSTEM32\DNSAPI.dll
0x00007fff1e4b0000 - 0x00007fff1e4bb000 	C:\WINDOWS\SYSTEM32\WINNSI.DLL

VM Arguments:
jvm_args: -Xmx2048m -Dfile.encoding=UTF-8 -Duser.country=PE -Duser.language=es -Duser.variant 
java_command: org.gradle.launcher.daemon.bootstrap.GradleDaemon 6.5
java_class_path (initial): C:\Users\USUARIO\.gradle\wrapper\dists\gradle-6.5-bin\6nifqtx7604sqp1q6g8wikw7p\gradle-6.5\lib\gradle-launcher-6.5.jar
Launcher Type: SUN_STANDARD

Environment Variables:
PATH=C:\Python38\Scripts\;C:\Python38\;C:\Program Files (x86)\Common Files\Oracle\Java\javapath;C:\WINDOWS\system32;C:\WINDOWS;C:\WINDOWS\System32\Wbem;C:\WINDOWS\System32\WindowsPowerShell\v1.0\;C:\WINDOWS\System32\OpenSSH\;C:\Program Files\dotnet\;C:\Program Files\Microsoft\Web Platform Installer\;C:\Program Files (x86)\PHP\v7.4;C:\ProgramData\ComposerSetup\bin;C:\Program Files\nodejs\;C:\ProgramData\chocolatey\bin;C:\Program Files\Microsoft SQL Server\120\Tools\Binn\;C:\Program Files\Microsoft SQL Server\Client SDK\ODBC\110\Tools\Binn\;C:\Program Files (x86)\Microsoft SQL Server\120\Tools\Binn\;C:\Program Files\Microsoft SQL Server\120\DTS\Binn\;C:\Program Files (x86)\Microsoft SQL Server\120\Tools\Binn\ManagementStudio\;C:\Program Files (x86)\Microsoft SQL Server\120\DTS\Binn\;C:\Users\USUARIO\AppData\Roaming\Microsoft\Windows\Start Menu\Programs\GitHub, Inc;C:\Program Files\Git\cmd;C:\Users\USUARIO\AppData\Local\Programs\Python\Python38\Scripts\;C:\Users\USUARIO\AppData\Local\Programs\Python\Python38\;C:\Users\USUARIO\AppData\Local\Microsoft\WindowsApps;C:\Users\USUARIO\AppData\Local\Android\Sdk\platform-tools;C:\Users\USUARIO\AppData\Roaming\Composer\vendor\bin;C:\Users\USUARIO\AppData\Local\Programs\Microsoft VS Code\bin;C:\Users\USUARIO\AppData\Roaming\npm;C:\Program Files\nodejs;C:\src\flutter\bin;C:\Program Files\heroku\bin;C:\Users\USUARIO\AppData\Local\GitHubDesktop\bin;
USERNAME=USUARIO
OS=Windows_NT
PROCESSOR_IDENTIFIER=Intel64 Family 6 Model 158 Stepping 9, GenuineIntel



---------------  S Y S T E M  ---------------

OS: Windows 10.0 , 64 bit Build 19041 (10.0.19041.928)

CPU:total 4 (initial active 4) (4 cores per cpu, 1 threads per core) family 6 model 158 stepping 9, cmov, cx8, fxsr, mmx, sse, sse2, sse3, ssse3, sse4.1, sse4.2, popcnt, avx, avx2, aes, clmul, erms, 3dnowpref, lzcnt, tsc, tscinvbit, bmi1, bmi2, adx

Memory: 4k page, physical 16634000k(1590376k free), swap 66965648k(5496k free)

vm_info: OpenJDK 64-Bit Server VM (25.242-b01) for windows-amd64 JRE (1.8.0_242-release-1644-b01), built by "builder" with MS VC++ 10.0 (VS2010)

time: Mon May 17 17:54:40 2021
timezone: Hora est. Pacífico, Sudamérica
elapsed time: 20 seconds (0d 0h 0m 20s)

