#
# There is insufficient memory for the Java Runtime Environment to continue.
# Native memory allocation (malloc) failed to allocate 329936 bytes for Chunk::new
# Possible reasons:
#   The system is out of physical RAM or swap space
#   The process is running with CompressedOops enabled, and the Java Heap may be blocking the growth of the native heap
# Possible solutions:
#   Reduce memory load on the system
#   Increase physical memory or swap space
#   Check if swap backing store is full
#   Decrease Java heap size (-Xmx/-Xms)
#   Decrease number of Java threads
#   Decrease Java thread stack sizes (-Xss)
#   Set larger code cache with -XX:ReservedCodeCacheSize=
#   JVM is running with Unscaled Compressed Oops mode in which the Java heap is
#     placed in the first 4GB address space. The Java Heap base address is the
#     maximum limit for the native heap growth. Please use -XX:HeapBaseMinAddress
#     to set the Java Heap base and to place the Java Heap above 4GB virtual address.
# This output file may be truncated or incomplete.
#
#  Out of Memory Error (allocation.cpp:389), pid=604, tid=0x00000000000017a8
#
# JRE version: OpenJDK Runtime Environment (8.0_242-b01) (build 1.8.0_242-release-1644-b01)
# Java VM: OpenJDK 64-Bit Server VM (25.242-b01 mixed mode windows-amd64 compressed oops)
# Failed to write core dump. Minidumps are not enabled by default on client versions of Windows
#

---------------  T H R E A D  ---------------

Current thread (0x0000000017428800):  JavaThread "C2 CompilerThread0" daemon [_thread_in_native, id=6056, stack(0x0000000018aa0000,0x0000000018ba0000)]

Stack: [0x0000000018aa0000,0x0000000018ba0000]
[error occurred during error reporting (printing stack bounds), id 0xc0000005]

Native frames: (J=compiled Java code, j=interpreted, Vv=VM code, C=native code)


Current CompileTask:
C2:  20475 5290       4       sun.reflect.generics.parser.SignatureParser::parsePackageNameAndSimpleClassTypeSignature (139 bytes)


---------------  P R O C E S S  ---------------

Java Threads: ( => current thread )
  0x00000000194b0800 JavaThread "pool-1-thread-1" [_thread_blocked, id=18328, stack(0x00000000286f0000,0x00000000287f0000)]
  0x00000000194b0000 JavaThread "Cache worker for Build Output Cleanup Cache (E:\Cristian Japa\Aplicativos Android\TUBOPLAST SAC\REPLICA CHEMA\SM_TUBO_PLAST\.gradle\buildOutputCleanup)" [_thread_blocked, id=12708, stack(0x0000000028a50000,0x0000000028b50000)]
  0x00000000194af000 JavaThread "jar transforms Thread 113" [_thread_blocked, id=3452, stack(0x00000000282f0000,0x00000000283f0000)]
  0x00000000194ae800 JavaThread "jar transforms Thread 112" [_thread_blocked, id=12792, stack(0x00000000281f0000,0x00000000282f0000)]
  0x00000000194a7000 JavaThread "jar transforms Thread 111" [_thread_blocked, id=12540, stack(0x00000000280f0000,0x00000000281f0000)]
  0x00000000194ad800 JavaThread "jar transforms Thread 110" [_thread_blocked, id=10944, stack(0x0000000027ff0000,0x00000000280f0000)]
  0x00000000194a6000 JavaThread "jar transforms Thread 109" [_thread_blocked, id=16324, stack(0x0000000027ef0000,0x0000000027ff0000)]
  0x00000000194ac000 JavaThread "jar transforms Thread 108" [_thread_blocked, id=11800, stack(0x0000000027df0000,0x0000000027ef0000)]
  0x00000000194ab800 JavaThread "jar transforms Thread 107" [_thread_blocked, id=2212, stack(0x0000000027cf0000,0x0000000027df0000)]
  0x00000000194ad000 JavaThread "jar transforms Thread 106" [_thread_blocked, id=9100, stack(0x0000000027bf0000,0x0000000027cf0000)]
  0x00000000194a9000 JavaThread "jar transforms Thread 105" [_thread_blocked, id=11712, stack(0x0000000027af0000,0x0000000027bf0000)]
  0x00000000194a8800 JavaThread "jar transforms Thread 104" [_thread_blocked, id=9144, stack(0x00000000279f0000,0x0000000027af0000)]
  0x00000000194a4800 JavaThread "jar transforms Thread 103" [_thread_blocked, id=8724, stack(0x00000000278f0000,0x00000000279f0000)]
  0x00000000194aa000 JavaThread "jar transforms Thread 102" [_thread_blocked, id=9740, stack(0x00000000277f0000,0x00000000278f0000)]
  0x00000000194a5800 JavaThread "jar transforms Thread 101" [_thread_blocked, id=16940, stack(0x00000000276f0000,0x00000000277f0000)]
  0x00000000194a7800 JavaThread "jar transforms Thread 100" [_thread_blocked, id=5304, stack(0x00000000275f0000,0x00000000276f0000)]
  0x00000000194aa800 JavaThread "jar transforms Thread 99" [_thread_blocked, id=3028, stack(0x00000000274f0000,0x00000000275f0000)]
  0x0000000019d68800 JavaThread "jar transforms Thread 98" [_thread_blocked, id=2412, stack(0x00000000273f0000,0x00000000274f0000)]
  0x0000000019d67800 JavaThread "jar transforms Thread 97" [_thread_blocked, id=9792, stack(0x00000000272f0000,0x00000000273f0000)]
  0x0000000019d67000 JavaThread "jar transforms Thread 96" [_thread_blocked, id=17748, stack(0x00000000271f0000,0x00000000272f0000)]
  0x0000000019d66000 JavaThread "jar transforms Thread 95" [_thread_blocked, id=17240, stack(0x00000000270f0000,0x00000000271f0000)]
  0x0000000019d64800 JavaThread "jar transforms Thread 94" [_thread_blocked, id=14076, stack(0x0000000026ff0000,0x00000000270f0000)]
  0x0000000019d69000 JavaThread "jar transforms Thread 93" [_thread_blocked, id=9956, stack(0x0000000026ef0000,0x0000000026ff0000)]
  0x0000000019d65800 JavaThread "jar transforms Thread 92" [_thread_blocked, id=14792, stack(0x0000000026df0000,0x0000000026ef0000)]
  0x0000000019d5d000 JavaThread "jar transforms Thread 91" [_thread_blocked, id=10860, stack(0x0000000026cf0000,0x0000000026df0000)]
  0x0000000019d5f800 JavaThread "jar transforms Thread 90" [_thread_blocked, id=2264, stack(0x0000000026bf0000,0x0000000026cf0000)]
  0x0000000019d64000 JavaThread "jar transforms Thread 89" [_thread_blocked, id=9168, stack(0x0000000026af0000,0x0000000026bf0000)]
  0x0000000019d5c800 JavaThread "jar transforms Thread 88" [_thread_blocked, id=11024, stack(0x00000000269f0000,0x0000000026af0000)]
  0x0000000019d60000 JavaThread "jar transforms Thread 87" [_thread_blocked, id=5920, stack(0x00000000268f0000,0x00000000269f0000)]
  0x0000000019d63000 JavaThread "jar transforms Thread 86" [_thread_blocked, id=8096, stack(0x00000000267f0000,0x00000000268f0000)]
  0x0000000019d5e800 JavaThread "jar transforms Thread 85" [_thread_blocked, id=5196, stack(0x00000000266f0000,0x00000000267f0000)]
  0x0000000019d5e000 JavaThread "jar transforms Thread 84" [_thread_blocked, id=13256, stack(0x00000000265f0000,0x00000000266f0000)]
  0x0000000019d62800 JavaThread "jar transforms Thread 83" [_thread_blocked, id=9700, stack(0x00000000264f0000,0x00000000265f0000)]
  0x0000000019d5b000 JavaThread "jar transforms Thread 82" [_thread_blocked, id=8744, stack(0x00000000263f0000,0x00000000264f0000)]
  0x0000000019d61800 JavaThread "jar transforms Thread 81" [_thread_blocked, id=5928, stack(0x00000000262f0000,0x00000000263f0000)]
  0x0000000019d5a000 JavaThread "jar transforms Thread 80" [_thread_blocked, id=7824, stack(0x00000000261f0000,0x00000000262f0000)]
  0x0000000019d5b800 JavaThread "jar transforms Thread 79" [_thread_blocked, id=228, stack(0x00000000260f0000,0x00000000261f0000)]
  0x0000000019d61000 JavaThread "jar transforms Thread 78" [_thread_blocked, id=9992, stack(0x0000000025ff0000,0x00000000260f0000)]
  0x000000001b3f9800 JavaThread "jar transforms Thread 77" [_thread_blocked, id=13064, stack(0x0000000025ef0000,0x0000000025ff0000)]
  0x000000001b3fe000 JavaThread "jar transforms Thread 76" [_thread_blocked, id=12948, stack(0x0000000025df0000,0x0000000025ef0000)]
  0x000000001b3fa000 JavaThread "jar transforms Thread 75" [_thread_blocked, id=9728, stack(0x0000000025cf0000,0x0000000025df0000)]
  0x000000001b3fe800 JavaThread "jar transforms Thread 74" [_thread_blocked, id=6140, stack(0x0000000025bf0000,0x0000000025cf0000)]
  0x000000001b3f8800 JavaThread "jar transforms Thread 73" [_thread_blocked, id=8224, stack(0x0000000025af0000,0x0000000025bf0000)]
  0x000000001b3fb800 JavaThread "jar transforms Thread 72" [_thread_blocked, id=18336, stack(0x00000000259f0000,0x0000000025af0000)]
  0x000000001b3fd000 JavaThread "jar transforms Thread 71" [_thread_blocked, id=2880, stack(0x00000000258f0000,0x00000000259f0000)]
  0x000000001b3f8000 JavaThread "jar transforms Thread 70" [_thread_blocked, id=332, stack(0x00000000257f0000,0x00000000258f0000)]
  0x000000001b3fc800 JavaThread "jar transforms Thread 69" [_thread_blocked, id=5488, stack(0x00000000256f0000,0x00000000257f0000)]
  0x000000001b3fb000 JavaThread "jar transforms Thread 68" [_thread_blocked, id=7920, stack(0x00000000255f0000,0x00000000256f0000)]
  0x000000001b3f0800 JavaThread "jar transforms Thread 67" [_thread_blocked, id=7876, stack(0x00000000254f0000,0x00000000255f0000)]
  0x000000001b3f7000 JavaThread "jar transforms Thread 66" [_thread_blocked, id=17236, stack(0x00000000253f0000,0x00000000254f0000)]
  0x000000001b3f4000 JavaThread "jar transforms Thread 65" [_thread_blocked, id=10540, stack(0x00000000252f0000,0x00000000253f0000)]
  0x000000001b3f5800 JavaThread "jar transforms Thread 64" [_thread_blocked, id=18356, stack(0x00000000251f0000,0x00000000252f0000)]
  0x000000001b3f3800 JavaThread "jar transforms Thread 63" [_thread_blocked, id=16784, stack(0x00000000250f0000,0x00000000251f0000)]
  0x000000001b3f2800 JavaThread "jar transforms Thread 62" [_thread_blocked, id=5672, stack(0x0000000024ff0000,0x00000000250f0000)]
  0x000000001b3f6800 JavaThread "jar transforms Thread 61" [_thread_blocked, id=4456, stack(0x0000000024ef0000,0x0000000024ff0000)]
  0x000000001b3f2000 JavaThread "jar transforms Thread 60" [_thread_blocked, id=14968, stack(0x0000000024df0000,0x0000000024ef0000)]
  0x000000001b3f5000 JavaThread "jar transforms Thread 59" [_thread_blocked, id=6520, stack(0x0000000024cf0000,0x0000000024df0000)]
  0x000000001b3ef800 JavaThread "jar transforms Thread 58" [_thread_blocked, id=9636, stack(0x0000000024bf0000,0x0000000024cf0000)]
  0x000000001b3f1000 JavaThread "jar transforms Thread 57" [_thread_blocked, id=7748, stack(0x0000000024af0000,0x0000000024bf0000)]
  0x000000001dbff000 JavaThread "jar transforms Thread 56" [_thread_blocked, id=4948, stack(0x00000000249f0000,0x0000000024af0000)]
  0x000000001dbfd800 JavaThread "jar transforms Thread 55" [_thread_blocked, id=1296, stack(0x00000000248f0000,0x00000000249f0000)]
  0x000000001dbfc000 JavaThread "jar transforms Thread 54" [_thread_blocked, id=2572, stack(0x00000000247f0000,0x00000000248f0000)]
  0x000000001dbfe800 JavaThread "jar transforms Thread 53" [_thread_blocked, id=13008, stack(0x00000000246f0000,0x00000000247f0000)]
  0x000000001dbfb800 JavaThread "jar transforms Thread 52" [_thread_blocked, id=14460, stack(0x00000000245f0000,0x00000000246f0000)]
  0x000000001dbfd000 JavaThread "jar transforms Thread 51" [_thread_blocked, id=10196, stack(0x00000000244f0000,0x00000000245f0000)]
  0x000000001dbf4000 JavaThread "jar transforms Thread 50" [_thread_blocked, id=8024, stack(0x00000000243f0000,0x00000000244f0000)]
  0x000000001dbfa800 JavaThread "jar transforms Thread 49" [_thread_blocked, id=16352, stack(0x00000000242f0000,0x00000000243f0000)]
  0x000000001dbfa000 JavaThread "jar transforms Thread 48" [_thread_blocked, id=9400, stack(0x00000000241f0000,0x00000000242f0000)]
  0x000000001dbf2800 JavaThread "jar transforms Thread 47" [_thread_blocked, id=11716, stack(0x00000000240f0000,0x00000000241f0000)]
  0x000000001dbf9000 JavaThread "jar transforms Thread 46" [_thread_blocked, id=4216, stack(0x0000000023ff0000,0x00000000240f0000)]
  0x000000001dbf3000 JavaThread "jar transforms Thread 45" [_thread_blocked, id=11860, stack(0x0000000023ef0000,0x0000000023ff0000)]
  0x000000001dbf8800 JavaThread "jar transforms Thread 44" [_thread_blocked, id=17180, stack(0x0000000023df0000,0x0000000023ef0000)]
  0x000000001dbf6000 JavaThread "jar transforms Thread 43" [_thread_blocked, id=2168, stack(0x0000000023cf0000,0x0000000023df0000)]
  0x000000001dbf7800 JavaThread "jar transforms Thread 42" [_thread_blocked, id=592, stack(0x0000000023bf0000,0x0000000023cf0000)]
  0x000000001dbf5800 JavaThread "jar transforms Thread 41" [_thread_blocked, id=15292, stack(0x0000000023af0000,0x0000000023bf0000)]
  0x000000001dbf1000 JavaThread "jar transforms Thread 40" [_thread_blocked, id=11448, stack(0x00000000239f0000,0x0000000023af0000)]
  0x000000001dbf1800 JavaThread "jar transforms Thread 39" [_thread_blocked, id=13308, stack(0x00000000238f0000,0x00000000239f0000)]
  0x000000001dbf4800 JavaThread "jar transforms Thread 38" [_thread_blocked, id=10052, stack(0x00000000237f0000,0x00000000238f0000)]
  0x000000001dbf7000 JavaThread "jar transforms Thread 37" [_thread_blocked, id=15872, stack(0x00000000236f0000,0x00000000237f0000)]
  0x000000001dbf0000 JavaThread "jar transforms Thread 36" [_thread_blocked, id=15616, stack(0x00000000235f0000,0x00000000236f0000)]
  0x0000000017478800 JavaThread "jar transforms Thread 35" [_thread_blocked, id=1792, stack(0x00000000234f0000,0x00000000235f0000)]
  0x0000000017478000 JavaThread "jar transforms Thread 34" [_thread_blocked, id=4932, stack(0x00000000233f0000,0x00000000234f0000)]
  0x0000000017477000 JavaThread "jar transforms Thread 33" [_thread_blocked, id=7276, stack(0x00000000232f0000,0x00000000233f0000)]
  0x0000000017474800 JavaThread "jar transforms Thread 32" [_thread_blocked, id=11220, stack(0x00000000231f0000,0x00000000232f0000)]
  0x0000000017475800 JavaThread "jar transforms Thread 31" [_thread_blocked, id=14660, stack(0x00000000230f0000,0x00000000231f0000)]
  0x0000000017476800 JavaThread "jar transforms Thread 30" [_thread_blocked, id=13016, stack(0x0000000022ff0000,0x00000000230f0000)]
  0x000000001746d000 JavaThread "jar transforms Thread 29" [_thread_blocked, id=9396, stack(0x0000000022ef0000,0x0000000022ff0000)]
  0x0000000017474000 JavaThread "jar transforms Thread 28" [_thread_blocked, id=5484, stack(0x0000000022df0000,0x0000000022ef0000)]
  0x0000000017473000 JavaThread "jar transforms Thread 27" [_thread_blocked, id=17976, stack(0x0000000022cf0000,0x0000000022df0000)]
  0x0000000017470000 JavaThread "jar transforms Thread 26" [_thread_blocked, id=12648, stack(0x0000000022bf0000,0x0000000022cf0000)]
  0x000000001746b800 JavaThread "jar transforms Thread 25" [_thread_blocked, id=13544, stack(0x0000000022af0000,0x0000000022bf0000)]
  0x000000001746c800 JavaThread "jar transforms Thread 24" [_thread_blocked, id=5176, stack(0x00000000229f0000,0x0000000022af0000)]
  0x0000000017472800 JavaThread "jar transforms Thread 23" [_thread_blocked, id=17048, stack(0x00000000228f0000,0x00000000229f0000)]
  0x0000000017471800 JavaThread "jar transforms Thread 22" [_thread_blocked, id=14728, stack(0x00000000227f0000,0x00000000228f0000)]
  0x000000001746e800 JavaThread "jar transforms Thread 21" [_thread_blocked, id=1600, stack(0x00000000226f0000,0x00000000227f0000)]
  0x000000001746e000 JavaThread "jar transforms Thread 20" [_thread_blocked, id=4248, stack(0x00000000225f0000,0x00000000226f0000)]
  0x0000000017471000 JavaThread "jar transforms Thread 19" [_thread_blocked, id=7960, stack(0x00000000224f0000,0x00000000225f0000)]
  0x0000000017469800 JavaThread "jar transforms Thread 18" [_thread_blocked, id=3444, stack(0x00000000223f0000,0x00000000224f0000)]
  0x000000001746f800 JavaThread "jar transforms Thread 17" [_thread_blocked, id=9384, stack(0x00000000222f0000,0x00000000223f0000)]
  0x000000001746b000 JavaThread "jar transforms Thread 16" [_thread_blocked, id=700, stack(0x00000000221f0000,0x00000000222f0000)]
  0x000000001746a000 JavaThread "jar transforms Thread 15" [_thread_blocked, id=9292, stack(0x00000000220f0000,0x00000000221f0000)]
  0x000000001d841000 JavaThread "jar transforms Thread 14" [_thread_blocked, id=7540, stack(0x0000000021ff0000,0x00000000220f0000)]
  0x000000001d83f800 JavaThread "jar transforms Thread 13" [_thread_blocked, id=14072, stack(0x0000000021ef0000,0x0000000021ff0000)]
  0x000000001d83e000 JavaThread "jar transforms Thread 12" [_thread_blocked, id=17368, stack(0x0000000021df0000,0x0000000021ef0000)]
  0x000000001d840000 JavaThread "jar transforms Thread 11" [_thread_blocked, id=10068, stack(0x0000000021cf0000,0x0000000021df0000)]
  0x000000001d83e800 JavaThread "jar transforms Thread 10" [_thread_blocked, id=884, stack(0x0000000021bf0000,0x0000000021cf0000)]
  0x000000001d842000 JavaThread "jar transforms Thread 9" [_thread_blocked, id=10292, stack(0x0000000021af0000,0x0000000021bf0000)]
  0x000000001d836800 JavaThread "jar transforms Thread 8" [_thread_blocked, id=6228, stack(0x00000000219f0000,0x0000000021af0000)]
  0x000000001d83d000 JavaThread "jar transforms Thread 7" [_thread_blocked, id=9436, stack(0x00000000218f0000,0x00000000219f0000)]
  0x000000001d83c800 JavaThread "jar transforms Thread 6" [_thread_blocked, id=10436, stack(0x00000000217f0000,0x00000000218f0000)]
  0x000000001d835000 JavaThread "jar transforms Thread 5" [_thread_blocked, id=18024, stack(0x00000000216f0000,0x00000000217f0000)]
  0x000000001d83b800 JavaThread "jar transforms Thread 4" [_thread_blocked, id=1332, stack(0x00000000215f0000,0x00000000216f0000)]
  0x000000001d834000 JavaThread "jar transforms Thread 3" [_thread_blocked, id=3572, stack(0x00000000214f0000,0x00000000215f0000)]
  0x000000001d83a000 JavaThread "jar transforms Thread 2" [_thread_blocked, id=18112, stack(0x00000000213f0000,0x00000000214f0000)]
  0x000000001d83b000 JavaThread "Build operations Thread 4" [_thread_blocked, id=13200, stack(0x00000000212f0000,0x00000000213f0000)]
  0x000000001d839800 JavaThread "Build operations Thread 3" [_thread_blocked, id=8008, stack(0x00000000211f0000,0x00000000212f0000)]
  0x000000001d838800 JavaThread "Build operations Thread 2" [_thread_blocked, id=17052, stack(0x00000000210f0000,0x00000000211f0000)]
  0x000000001d835800 JavaThread "Build operations" [_thread_blocked, id=1284, stack(0x0000000020ff0000,0x00000000210f0000)]
  0x000000001b228000 JavaThread "Cache worker for file content cache (C:\Users\USUARIO\.gradle\caches\6.5\fileContent)" [_thread_blocked, id=5204, stack(0x00000000208f0000,0x00000000209f0000)]
  0x000000001b225000 JavaThread "jar transforms" [_thread_blocked, id=9492, stack(0x00000000207f0000,0x00000000208f0000)]
  0x000000001b226800 JavaThread "Cache worker for execution history cache (C:\Users\USUARIO\.gradle\caches\6.5\executionHistory)" [_thread_blocked, id=16480, stack(0x00000000200f0000,0x00000000201f0000)]
  0x000000001b229000 JavaThread "Cache worker for cache directory md-rule (C:\Users\USUARIO\.gradle\caches\6.5\md-rule)" [_thread_blocked, id=6072, stack(0x000000001fff0000,0x00000000200f0000)]
  0x000000001b22c000 JavaThread "Cache worker for cache directory md-supplier (C:\Users\USUARIO\.gradle\caches\6.5\md-supplier)" [_thread_blocked, id=17072, stack(0x000000001ec40000,0x000000001ed40000)]
  0x000000001b22b000 JavaThread "Cache worker for checksums cache (E:\Cristian Japa\Aplicativos Android\TUBOPLAST SAC\REPLICA CHEMA\SM_TUBO_PLAST\.gradle\checksums)" [_thread_blocked, id=17008, stack(0x000000001e8c0000,0x000000001e9c0000)]
  0x000000001b229800 JavaThread "Cache worker for file hash cache (E:\Cristian Japa\Aplicativos Android\TUBOPLAST SAC\REPLICA CHEMA\SM_TUBO_PLAST\.gradle\6.5\fileHashes)" [_thread_blocked, id=18036, stack(0x000000001e7c0000,0x000000001e8c0000)]
  0x000000001b22a800 JavaThread "Cache worker for file hash cache (C:\Users\USUARIO\.gradle\caches\6.5\fileHashes)" [_thread_blocked, id=1324, stack(0x000000001d4f0000,0x000000001d5f0000)]
  0x000000001b226000 JavaThread "File lock request listener" [_thread_in_native, id=8464, stack(0x000000001d3f0000,0x000000001d4f0000)]
  0x00000000193ef800 JavaThread "Cache worker for journal cache (C:\Users\USUARIO\.gradle\caches\journal-1)" [_thread_blocked, id=8420, stack(0x000000001d1f0000,0x000000001d2f0000)]
  0x000000001afed800 JavaThread "Thread-9" [_thread_blocked, id=5796, stack(0x000000001cef0000,0x000000001cff0000)]
  0x000000001af88800 JavaThread "Stdin handler" [_thread_blocked, id=10028, stack(0x000000001cdf0000,0x000000001cef0000)]
  0x000000001af74000 JavaThread "Asynchronous log dispatcher for DefaultDaemonConnection: socket connection from /127.0.0.1:55886 to /127.0.0.1:55887" [_thread_blocked, id=11792, stack(0x000000001ccf0000,0x000000001cdf0000)]
  0x000000001af58800 JavaThread "Daemon worker" [_thread_in_native, id=17232, stack(0x000000001cbf0000,0x000000001ccf0000)]
  0x000000001af8b800 JavaThread "Cancel handler" [_thread_blocked, id=13796, stack(0x000000001caf0000,0x000000001cbf0000)]
  0x000000001af4e800 JavaThread "Handler for socket connection from /127.0.0.1:55886 to /127.0.0.1:55887" [_thread_in_native, id=14984, stack(0x000000001c9f0000,0x000000001caf0000)]
  0x000000001ab69000 JavaThread "Daemon" [_thread_blocked, id=3916, stack(0x000000001c8f0000,0x000000001c9f0000)]
  0x000000001af2b800 JavaThread "Daemon periodic checks" [_thread_blocked, id=12732, stack(0x000000001c5f0000,0x000000001c6f0000)]
  0x000000001aed6000 JavaThread "Incoming local TCP Connector on port 55886" [_thread_in_native, id=14540, stack(0x000000001c380000,0x000000001c480000)]
  0x000000001adf7800 JavaThread "Daemon health stats" [_thread_blocked, id=6816, stack(0x000000001bd40000,0x000000001be40000)]
  0x0000000018dd8800 JavaThread "Service Thread" daemon [_thread_blocked, id=7408, stack(0x00000000191a0000,0x00000000192a0000)]
  0x0000000017432000 JavaThread "C1 CompilerThread2" daemon [_thread_blocked, id=11340, stack(0x0000000018ca0000,0x0000000018da0000)]
  0x000000001742c800 JavaThread "C2 CompilerThread1" daemon [_thread_blocked, id=12584, stack(0x0000000018ba0000,0x0000000018ca0000)]
=>0x0000000017428800 JavaThread "C2 CompilerThread0" daemon [_thread_in_native, id=6056, stack(0x0000000018aa0000,0x0000000018ba0000)]
  0x0000000017425000 JavaThread "Attach Listener" daemon [_thread_blocked, id=1708, stack(0x00000000189a0000,0x0000000018aa0000)]
  0x0000000017421800 JavaThread "Signal Dispatcher" daemon [_thread_blocked, id=8820, stack(0x00000000188a0000,0x00000000189a0000)]
  0x00000000027fb800 JavaThread "Finalizer" daemon [_thread_blocked, id=14252, stack(0x0000000018680000,0x0000000018780000)]
  0x0000000017409000 JavaThread "Reference Handler" daemon [_thread_blocked, id=2884, stack(0x0000000018580000,0x0000000018680000)]
  0x0000000002702800 JavaThread "main" [_thread_blocked, id=10996, stack(0x0000000002510000,0x0000000002610000)]

Other Threads:
  0x00000000173e6800 VMThread [stack: 0x0000000018480000,0x0000000018580000] [id=17288]
  0x0000000017461000 WatcherThread [stack: 0x00000000192a0000,0x00000000193a0000] [id=12532]

VM state:not at safepoint (normal execution)

VM Mutex/Monitor currently owned by a thread: None

heap address: 0x0000000080000000, size: 2048 MB, Compressed Oops mode: 32-bit
Narrow klass base: 0x0000000000000000, Narrow klass shift: 3
Compressed class space size: 1073741824 Address: 0x0000000100000000

Heap:
 PSYoungGen      total 166400K, used 10777K [0x00000000d5580000, 0x00000000e1800000, 0x0000000100000000)
  eden space 159232K, 6% used [0x00000000d5580000,0x00000000d6006460,0x00000000df100000)
  from space 7168K, 0% used [0x00000000e1100000,0x00000000e1100000,0x00000000e1800000)
  to   space 11776K, 0% used [0x00000000e0100000,0x00000000e0100000,0x00000000e0c80000)
 ParOldGen       total 95232K, used 33142K [0x0000000080000000, 0x0000000085d00000, 0x00000000d5580000)
  object space 95232K, 34% used [0x0000000080000000,0x000000008205dac8,0x0000000085d00000)
 Metaspace       used 57126K, capacity 59416K, committed 59480K, reserved 1099776K
  class space    used 7777K, capacity 8283K, committed 8320K, reserved 1048576K

Card table byte_map: [0x0000000011bc0000,0x0000000011fd0000] byte_map_base: 0x00000000117c0000

Marking Bits: (ParMarkBitMap*) 0x0000000062f2f030
 Begin Bits: [0x0000000012680000, 0x0000000014680000)
 End Bits:   [0x0000000014680000, 0x0000000016680000)

Polling page: 0x0000000000c80000

CodeCache: size=245760Kb used=16528Kb max_used=16528Kb free=229231Kb
 bounds [0x0000000002800000, 0x0000000003840000, 0x0000000011800000]
 total_blobs=5670 nmethods=4902 adapters=681
 compilation: enabled

Compilation events (10 events):
Event: 20.447 Thread 0x0000000017432000 nmethod 5319 0x000000000381cd50 code [0x000000000381cf20, 0x000000000381d818]
Event: 20.447 Thread 0x0000000017432000 5320       1       org.gradle.internal.extensibility.ExtensibleDynamicObject::getConvention (5 bytes)
Event: 20.447 Thread 0x0000000017432000 nmethod 5320 0x000000000381ca90 code [0x000000000381cbe0, 0x000000000381ccf0]
Event: 20.448 Thread 0x0000000017432000 5321       3       com.google.common.collect.RegularImmutableMap::createEntrySet (18 bytes)
Event: 20.449 Thread 0x0000000017432000 nmethod 5321 0x000000000381c310 code [0x000000000381c4a0, 0x000000000381c870]
Event: 20.449 Thread 0x0000000017432000 5322       3       com.google.common.collect.RegularImmutableMap$EntrySet::<init> (26 bytes)
Event: 20.449 Thread 0x0000000017432000 nmethod 5322 0x000000000381bcd0 code [0x000000000381be40, 0x000000000381c150]
Event: 20.460 Thread 0x000000001742c800 nmethod 5314 0x0000000003828e50 code [0x00000000038291c0, 0x000000000382ab18]
Event: 20.460 Thread 0x000000001742c800 5317       4       java.lang.reflect.Method::getAnnotation (6 bytes)
Event: 20.465 Thread 0x000000001742c800 nmethod 5317 0x0000000003826f50 code [0x00000000038270e0, 0x00000000038274b0]

GC Heap History (10 events):
Event: 7.269 GC heap before
{Heap before GC invocations=9 (full 2):
 PSYoungGen      total 117248K, used 8742K [0x00000000d5580000, 0x00000000e1c80000, 0x0000000100000000)
  eden space 105472K, 0% used [0x00000000d5580000,0x00000000d5580000,0x00000000dbc80000)
  from space 11776K, 74% used [0x00000000dbc80000,0x00000000dc509978,0x00000000dc800000)
  to   space 11776K, 0% used [0x00000000e1100000,0x00000000e1100000,0x00000000e1c80000)
 ParOldGen       total 95232K, used 7219K [0x0000000080000000, 0x0000000085d00000, 0x00000000d5580000)
  object space 95232K, 7% used [0x0000000080000000,0x000000008070cc08,0x0000000085d00000)
 Metaspace       used 34206K, capacity 35388K, committed 35416K, reserved 1079296K
  class space    used 4694K, capacity 4973K, committed 4992K, reserved 1048576K
Event: 7.309 GC heap after
Heap after GC invocations=9 (full 2):
 PSYoungGen      total 117248K, used 0K [0x00000000d5580000, 0x00000000e1c80000, 0x0000000100000000)
  eden space 105472K, 0% used [0x00000000d5580000,0x00000000d5580000,0x00000000dbc80000)
  from space 11776K, 0% used [0x00000000dbc80000,0x00000000dbc80000,0x00000000dc800000)
  to   space 11776K, 0% used [0x00000000e1100000,0x00000000e1100000,0x00000000e1c80000)
 ParOldGen       total 95232K, used 15173K [0x0000000080000000, 0x0000000085d00000, 0x00000000d5580000)
  object space 95232K, 15% used [0x0000000080000000,0x0000000080ed16b8,0x0000000085d00000)
 Metaspace       used 34206K, capacity 35388K, committed 35416K, reserved 1079296K
  class space    used 4694K, capacity 4973K, committed 4992K, reserved 1048576K
}
Event: 16.543 GC heap before
{Heap before GC invocations=10 (full 2):
 PSYoungGen      total 117248K, used 105472K [0x00000000d5580000, 0x00000000e1c80000, 0x0000000100000000)
  eden space 105472K, 100% used [0x00000000d5580000,0x00000000dbc80000,0x00000000dbc80000)
  from space 11776K, 0% used [0x00000000dbc80000,0x00000000dbc80000,0x00000000dc800000)
  to   space 11776K, 0% used [0x00000000e1100000,0x00000000e1100000,0x00000000e1c80000)
 ParOldGen       total 95232K, used 15173K [0x0000000080000000, 0x0000000085d00000, 0x00000000d5580000)
  object space 95232K, 15% used [0x0000000080000000,0x0000000080ed16b8,0x0000000085d00000)
 Metaspace       used 37019K, capacity 38672K, committed 39000K, reserved 1083392K
  class space    used 5083K, capacity 5430K, committed 5504K, reserved 1048576K
Event: 16.560 GC heap after
Heap after GC invocations=10 (full 2):
 PSYoungGen      total 166400K, used 6845K [0x00000000d5580000, 0x00000000e1800000, 0x0000000100000000)
  eden space 159232K, 0% used [0x00000000d5580000,0x00000000d5580000,0x00000000df100000)
  from space 7168K, 95% used [0x00000000e1100000,0x00000000e17af6a8,0x00000000e1800000)
  to   space 11776K, 0% used [0x00000000e0100000,0x00000000e0100000,0x00000000e0c80000)
 ParOldGen       total 95232K, used 15181K [0x0000000080000000, 0x0000000085d00000, 0x00000000d5580000)
  object space 95232K, 15% used [0x0000000080000000,0x0000000080ed36b8,0x0000000085d00000)
 Metaspace       used 37019K, capacity 38672K, committed 39000K, reserved 1083392K
  class space    used 5083K, capacity 5430K, committed 5504K, reserved 1048576K
}
Event: 19.394 GC heap before
{Heap before GC invocations=11 (full 2):
 PSYoungGen      total 166400K, used 166077K [0x00000000d5580000, 0x00000000e1800000, 0x0000000100000000)
  eden space 159232K, 100% used [0x00000000d5580000,0x00000000df100000,0x00000000df100000)
  from space 7168K, 95% used [0x00000000e1100000,0x00000000e17af6a8,0x00000000e1800000)
  to   space 11776K, 0% used [0x00000000e0100000,0x00000000e0100000,0x00000000e0c80000)
 ParOldGen       total 95232K, used 15181K [0x0000000080000000, 0x0000000085d00000, 0x00000000d5580000)
  object space 95232K, 15% used [0x0000000080000000,0x0000000080ed36b8,0x0000000085d00000)
 Metaspace       used 52393K, capacity 54422K, committed 54488K, reserved 1095680K
  class space    used 6969K, capacity 7418K, committed 7424K, reserved 1048576K
Event: 19.413 GC heap after
Heap after GC invocations=11 (full 2):
 PSYoungGen      total 171008K, used 11772K [0x00000000d5580000, 0x00000000e1800000, 0x0000000100000000)
  eden space 159232K, 0% used [0x00000000d5580000,0x00000000d5580000,0x00000000df100000)
  from space 11776K, 99% used [0x00000000e0100000,0x00000000e0c7f320,0x00000000e0c80000)
  to   space 7168K, 0% used [0x00000000e1100000,0x00000000e1100000,0x00000000e1800000)
 ParOldGen       total 95232K, used 27581K [0x0000000080000000, 0x0000000085d00000, 0x00000000d5580000)
  object space 95232K, 28% used [0x0000000080000000,0x0000000081aef720,0x0000000085d00000)
 Metaspace       used 52393K, capacity 54422K, committed 54488K, reserved 1095680K
  class space    used 6969K, capacity 7418K, committed 7424K, reserved 1048576K
}
Event: 20.175 GC heap before
{Heap before GC invocations=12 (full 2):
 PSYoungGen      total 171008K, used 70944K [0x00000000d5580000, 0x00000000e1800000, 0x0000000100000000)
  eden space 159232K, 37% used [0x00000000d5580000,0x00000000d8f49050,0x00000000df100000)
  from space 11776K, 99% used [0x00000000e0100000,0x00000000e0c7f320,0x00000000e0c80000)
  to   space 7168K, 0% used [0x00000000e1100000,0x00000000e1100000,0x00000000e1800000)
 ParOldGen       total 95232K, used 27581K [0x0000000080000000, 0x0000000085d00000, 0x00000000d5580000)
  object space 95232K, 28% used [0x0000000080000000,0x0000000081aef720,0x0000000085d00000)
 Metaspace       used 56732K, capacity 58986K, committed 59028K, reserved 1099776K
  class space    used 7689K, capacity 8184K, committed 8192K, reserved 1048576K
Event: 20.187 GC heap after
Heap after GC invocations=12 (full 2):
 PSYoungGen      total 166400K, used 7152K [0x00000000d5580000, 0x00000000e1800000, 0x0000000100000000)
  eden space 159232K, 0% used [0x00000000d5580000,0x00000000d5580000,0x00000000df100000)
  from space 7168K, 99% used [0x00000000e1100000,0x00000000e17fc040,0x00000000e1800000)
  to   space 11776K, 0% used [0x00000000e0100000,0x00000000e0100000,0x00000000e0c80000)
 ParOldGen       total 95232K, used 39022K [0x0000000080000000, 0x0000000085d00000, 0x00000000d5580000)
  object space 95232K, 40% used [0x0000000080000000,0x000000008261b840,0x0000000085d00000)
 Metaspace       used 56732K, capacity 58986K, committed 59028K, reserved 1099776K
  class space    used 7689K, capacity 8184K, committed 8192K, reserved 1048576K
}
Event: 20.188 GC heap before
{Heap before GC invocations=13 (full 3):
 PSYoungGen      total 166400K, used 7152K [0x00000000d5580000, 0x00000000e1800000, 0x0000000100000000)
  eden space 159232K, 0% used [0x00000000d5580000,0x00000000d5580000,0x00000000df100000)
  from space 7168K, 99% used [0x00000000e1100000,0x00000000e17fc040,0x00000000e1800000)
  to   space 11776K, 0% used [0x00000000e0100000,0x00000000e0100000,0x00000000e0c80000)
 ParOldGen       total 95232K, used 39022K [0x0000000080000000, 0x0000000085d00000, 0x00000000d5580000)
  object space 95232K, 40% used [0x0000000080000000,0x000000008261b840,0x0000000085d00000)
 Metaspace       used 56732K, capacity 58986K, committed 59028K, reserved 1099776K
  class space    used 7689K, capacity 8184K, committed 8192K, reserved 1048576K
Event: 20.365 GC heap after
Heap after GC invocations=13 (full 3):
 PSYoungGen      total 166400K, used 0K [0x00000000d5580000, 0x00000000e1800000, 0x0000000100000000)
  eden space 159232K, 0% used [0x00000000d5580000,0x00000000d5580000,0x00000000df100000)
  from space 7168K, 0% used [0x00000000e1100000,0x00000000e1100000,0x00000000e1800000)
  to   space 11776K, 0% used [0x00000000e0100000,0x00000000e0100000,0x00000000e0c80000)
 ParOldGen       total 95232K, used 33142K [0x0000000080000000, 0x0000000085d00000, 0x00000000d5580000)
  object space 95232K, 34% used [0x0000000080000000,0x000000008205dac8,0x0000000085d00000)
 Metaspace       used 56718K, capacity 58938K, committed 59028K, reserved 1099776K
  class space    used 7684K, capacity 8176K, committed 8192K, reserved 1048576K
}

Deoptimization events (10 events):
Event: 19.205 Thread 0x000000001af58800 Uncommon trap: reason=unstable_if action=reinterpret pc=0x0000000003155004 method=java.util.concurrent.ConcurrentHashMap.putVal(Ljava/lang/Object;Ljava/lang/Object;Z)Ljava/lang/Object; @ 195
Event: 19.373 Thread 0x000000001af58800 Uncommon trap: reason=null_check action=make_not_entrant pc=0x0000000002fbc9d0 method=java.lang.Class.searchMethods([Ljava/lang/reflect/Method;Ljava/lang/String;[Ljava/lang/Class;)Ljava/lang/reflect/Method; @ 59
Event: 19.992 Thread 0x000000001af58800 Uncommon trap: reason=unstable_if action=reinterpret pc=0x00000000036504cc method=java.security.CodeSource.hashCode()I @ 4
Event: 20.418 Thread 0x000000001af58800 Uncommon trap: reason=unstable_if action=reinterpret pc=0x000000000347a0e0 method=org.objectweb.asm.ByteVector.putInt(I)Lorg/objectweb/asm/ByteVector; @ 13
Event: 20.445 Thread 0x000000001af58800 Uncommon trap: reason=unstable_if action=reinterpret pc=0x0000000002b1d9f4 method=java.util.HashMap.resize()[Ljava/util/HashMap$Node; @ 206
Event: 20.445 Thread 0x000000001af58800 Uncommon trap: reason=unstable_if action=reinterpret pc=0x000000000316e370 method=java.util.HashMap.getNode(ILjava/lang/Object;)Ljava/util/HashMap$Node; @ 84
Event: 20.445 Thread 0x000000001af58800 Uncommon trap: reason=unstable_if action=reinterpret pc=0x0000000003751cf0 method=java.util.HashMap.getNode(ILjava/lang/Object;)Ljava/util/HashMap$Node; @ 84
Event: 20.445 Thread 0x000000001af58800 Uncommon trap: reason=unstable_if action=reinterpret pc=0x0000000003404b6c method=java.util.HashMap.getNode(ILjava/lang/Object;)Ljava/util/HashMap$Node; @ 84
Event: 20.464 Thread 0x000000001af58800 Uncommon trap: reason=unstable_if action=reinterpret pc=0x00000000032a54c0 method=java.io.WinNTFileSystem.normalize(Ljava/lang/String;)Ljava/lang/String; @ 74
Event: 20.464 Thread 0x000000001af58800 Uncommon trap: reason=unstable_if action=reinterpret pc=0x0000000002da3da8 method=java.io.WinNTFileSystem.normalize(Ljava/lang/String;II)Ljava/lang/String; @ 103

Classes redefined (0 events):
No events

Internal exceptions (10 events):
Event: 19.473 Thread 0x000000001af58800 Exception <a 'java/lang/ClassNotFoundException': org/gradle/api/plugins/JavaPluginConventionBeanInfo> (0x00000000d63911d8) thrown at [C:\src\AOSP-openjdk-git\hotspot\src\share\vm\classfile\systemDictionary.cpp, line 210]
Event: 19.473 Thread 0x000000001af58800 Exception <a 'java/lang/ClassNotFoundException': org/gradle/api/plugins/JavaPluginConventionCustomizer> (0x00000000d63de358) thrown at [C:\src\AOSP-openjdk-git\hotspot\src\share\vm\classfile\systemDictionary.cpp, line 210]
Event: 19.474 Thread 0x000000001af58800 Exception <a 'java/lang/ClassNotFoundException': org/gradle/api/plugins/internal/DefaultJavaPluginConventionCustomizer> (0x00000000d6457b78) thrown at [C:\src\AOSP-openjdk-git\hotspot\src\share\vm\classfile\systemDictionary.cpp, line 210]
Event: 19.992 Thread 0x000000001af58800 Implicit null exception at 0x00000000036501d5 to 0x00000000036504bd
Event: 20.378 Thread 0x000000001af58800 Exception <a 'java/lang/ClassNotFoundException': com/android/build/gradle/internal/api/ApkVariantOutputImpl_DecoratedBeanInfo> (0x00000000d5795d18) thrown at [C:\src\AOSP-openjdk-git\hotspot\src\share\vm\classfile\systemDictionary.cpp, line 210]
Event: 20.379 Thread 0x000000001af58800 Exception <a 'java/lang/ClassNotFoundException': com/android/build/gradle/internal/api/ApkVariantOutputImplBeanInfo> (0x00000000d57b56a8) thrown at [C:\src\AOSP-openjdk-git\hotspot\src\share\vm\classfile\systemDictionary.cpp, line 210]
Event: 20.379 Thread 0x000000001af58800 Exception <a 'java/lang/ClassNotFoundException': com/android/build/gradle/internal/api/BaseVariantOutputImplBeanInfo> (0x00000000d57d6438) thrown at [C:\src\AOSP-openjdk-git\hotspot\src\share\vm\classfile\systemDictionary.cpp, line 210]
Event: 20.380 Thread 0x000000001af58800 Exception <a 'java/lang/ClassNotFoundException': com/android/build/gradle/internal/api/BaseVariantOutputImplCustomizer> (0x00000000d57f77d0) thrown at [C:\src\AOSP-openjdk-git\hotspot\src\share\vm\classfile\systemDictionary.cpp, line 210]
Event: 20.380 Thread 0x000000001af58800 Exception <a 'java/lang/ClassNotFoundException': com/android/build/gradle/internal/api/ApkVariantOutputImplCustomizer> (0x00000000d58328d0) thrown at [C:\src\AOSP-openjdk-git\hotspot\src\share\vm\classfile\systemDictionary.cpp, line 210]
Event: 20.381 Thread 0x000000001af58800 Exception <a 'java/lang/ClassNotFoundException': com/android/build/gradle/internal/api/ApkVariantOutputImpl_DecoratedCustomizer> (0x00000000d58694b8) thrown at [C:\src\AOSP-openjdk-git\hotspot\src\share\vm\classfile\systemDictionary.cpp, line 210]

Events (10 events):
Event: 20.464 Thread 0x000000001af58800 DEOPT UNPACKING pc=0x000000000284557b sp=0x000000001cce8a60 mode 2
Event: 20.464 Thread 0x000000001af58800 Uncommon trap: trap_request=0xffffff65 fr.pc=0x0000000002da3da8
Event: 20.464 Thread 0x000000001af58800 DEOPT PACKING pc=0x0000000002da3da8 sp=0x000000001cce89a0
Event: 20.464 Thread 0x000000001af58800 DEOPT UNPACKING pc=0x000000000284557b sp=0x000000001cce89c0 mode 2
Event: 20.464 Executing VM operation: ForceSafepoint
Event: 20.465 Executing VM operation: ForceSafepoint done
Event: 20.465 loading class org/gradle/api/tasks/compile/AbstractCompile
Event: 20.465 loading class org/gradle/api/tasks/compile/AbstractCompile done
Event: 20.465 loading class org/jetbrains/kotlin/gradle/plugin/mpp/KotlinMetadataTarget
Event: 20.465 loading class org/jetbrains/kotlin/gradle/plugin/mpp/KotlinMetadataTarget done


Dynamic libraries:
0x00007ff7a5440000 - 0x00007ff7a5471000 	C:\Program Files\Android\Android Studio\jre\bin\java.exe
0x00007fff26130000 - 0x00007fff26325000 	C:\WINDOWS\SYSTEM32\ntdll.dll
0x00007fff24200000 - 0x00007fff242bd000 	C:\WINDOWS\System32\KERNEL32.DLL
0x00007fff23dc0000 - 0x00007fff24088000 	C:\WINDOWS\System32\KERNELBASE.dll
0x00007fff24620000 - 0x00007fff246cc000 	C:\WINDOWS\System32\ADVAPI32.dll
0x00007fff24ce0000 - 0x00007fff24d7e000 	C:\WINDOWS\System32\msvcrt.dll
0x00007fff242c0000 - 0x00007fff2435b000 	C:\WINDOWS\System32\sechost.dll
0x00007fff25910000 - 0x00007fff25a3b000 	C:\WINDOWS\System32\RPCRT4.dll
0x00007fff25ea0000 - 0x00007fff26040000 	C:\WINDOWS\System32\USER32.dll
0x00007fff23870000 - 0x00007fff23892000 	C:\WINDOWS\System32\win32u.dll
0x00007fff24770000 - 0x00007fff2479a000 	C:\WINDOWS\System32\GDI32.dll
0x00007fff238a0000 - 0x00007fff239ab000 	C:\WINDOWS\System32\gdi32full.dll
0x00007fff23ab0000 - 0x00007fff23b4d000 	C:\WINDOWS\System32\msvcp_win.dll
0x00007fff24090000 - 0x00007fff24190000 	C:\WINDOWS\System32\ucrtbase.dll
0x00007fff1c490000 - 0x00007fff1c72a000 	C:\WINDOWS\WinSxS\amd64_microsoft.windows.common-controls_6595b64144ccf1df_6.0.19041.844_none_ca00b6081b84eb1d\COMCTL32.dll
0x00007fff24510000 - 0x00007fff24540000 	C:\WINDOWS\System32\IMM32.DLL
0x000000005fab0000 - 0x000000005fb82000 	C:\Program Files\Android\Android Studio\jre\jre\bin\msvcr100.dll
0x0000000062760000 - 0x0000000062fab000 	C:\Program Files\Android\Android Studio\jre\jre\bin\server\jvm.dll
0x00007fff241f0000 - 0x00007fff241f8000 	C:\WINDOWS\System32\PSAPI.DLL
0x00007fff1be60000 - 0x00007fff1be6a000 	C:\WINDOWS\SYSTEM32\VERSION.dll
0x00007fff1a0c0000 - 0x00007fff1a0e7000 	C:\WINDOWS\SYSTEM32\WINMM.dll
0x00007fff15350000 - 0x00007fff15359000 	C:\WINDOWS\SYSTEM32\WSOCK32.dll
0x00007fff258a0000 - 0x00007fff2590b000 	C:\WINDOWS\System32\ws2_32.DLL
0x00007fff181c0000 - 0x00007fff181cf000 	C:\Program Files\Android\Android Studio\jre\jre\bin\verify.dll
0x00007fff153f0000 - 0x00007fff15419000 	C:\Program Files\Android\Android Studio\jre\jre\bin\java.dll
0x00007fff15ea0000 - 0x00007fff15eb6000 	C:\Program Files\Android\Android Studio\jre\jre\bin\zip.dll
0x00007fff25140000 - 0x00007fff25882000 	C:\WINDOWS\System32\SHELL32.dll
0x00007fff219c0000 - 0x00007fff22150000 	C:\WINDOWS\SYSTEM32\windows.storage.dll
0x00007fff24de0000 - 0x00007fff25135000 	C:\WINDOWS\System32\combase.dll
0x00007fff23210000 - 0x00007fff2323c000 	C:\WINDOWS\SYSTEM32\Wldp.dll
0x00007fff26040000 - 0x00007fff260ee000 	C:\WINDOWS\System32\SHCORE.dll
0x00007fff25c10000 - 0x00007fff25c65000 	C:\WINDOWS\System32\shlwapi.dll
0x00007fff237b0000 - 0x00007fff237cf000 	C:\WINDOWS\SYSTEM32\profapi.dll
0x00007fff15de0000 - 0x00007fff15dfa000 	C:\Program Files\Android\Android Studio\jre\jre\bin\net.dll
0x00007fff22f80000 - 0x00007fff22fea000 	C:\WINDOWS\system32\mswsock.dll
0x00007fff12430000 - 0x00007fff12443000 	C:\Program Files\Android\Android Studio\jre\jre\bin\nio.dll
0x00007fff19cb0000 - 0x00007fff19cd7000 	C:\Users\USUARIO\.gradle\native\f6784746aeab05261644944871eae4fe03e0ef1612fff0a4a95f87b438bc6780\windows-amd64\native-platform.dll
0x00007fff181b0000 - 0x00007fff181bd000 	C:\Program Files\Android\Android Studio\jre\jre\bin\management.dll
0x00007fff23150000 - 0x00007fff23168000 	C:\WINDOWS\SYSTEM32\CRYPTSP.dll
0x00007fff22920000 - 0x00007fff22954000 	C:\WINDOWS\system32\rsaenh.dll
0x00007fff23a80000 - 0x00007fff23aa7000 	C:\WINDOWS\System32\bcrypt.dll
0x00007fff23770000 - 0x00007fff2379e000 	C:\WINDOWS\SYSTEM32\USERENV.dll
0x00007fff23a00000 - 0x00007fff23a80000 	C:\WINDOWS\System32\bcryptprimitives.dll
0x00007fff23170000 - 0x00007fff2317c000 	C:\WINDOWS\SYSTEM32\CRYPTBASE.dll
0x00007fff22c70000 - 0x00007fff22cab000 	C:\WINDOWS\SYSTEM32\IPHLPAPI.DLL
0x00007fff24760000 - 0x00007fff24768000 	C:\WINDOWS\System32\NSI.dll
0x00007fff1e490000 - 0x00007fff1e4a7000 	C:\WINDOWS\SYSTEM32\dhcpcsvc6.DLL
0x00007fff1e470000 - 0x00007fff1e48d000 	C:\WINDOWS\SYSTEM32\dhcpcsvc.DLL
0x00007fff22cb0000 - 0x00007fff22d7c000 	C:\WINDOWS\SYSTEM32\DNSAPI.dll
0x00007fff1e4b0000 - 0x00007fff1e4bb000 	C:\WINDOWS\SYSTEM32\WINNSI.DLL

VM Arguments:
jvm_args: -Xmx2048m -Dfile.encoding=UTF-8 -Duser.country=PE -Duser.language=es -Duser.variant 
java_command: org.gradle.launcher.daemon.bootstrap.GradleDaemon 6.5
java_class_path (initial): C:\Users\USUARIO\.gradle\wrapper\dists\gradle-6.5-bin\6nifqtx7604sqp1q6g8wikw7p\gradle-6.5\lib\gradle-launcher-6.5.jar
Launcher Type: SUN_STANDARD

Environment Variables:
PATH=C:\Python38\Scripts\;C:\Python38\;C:\Program Files (x86)\Common Files\Oracle\Java\javapath;C:\WINDOWS\system32;C:\WINDOWS;C:\WINDOWS\System32\Wbem;C:\WINDOWS\System32\WindowsPowerShell\v1.0\;C:\WINDOWS\System32\OpenSSH\;C:\Program Files\dotnet\;C:\Program Files\Microsoft\Web Platform Installer\;C:\Program Files (x86)\PHP\v7.4;C:\ProgramData\ComposerSetup\bin;C:\Program Files\nodejs\;C:\ProgramData\chocolatey\bin;C:\Program Files\Microsoft SQL Server\120\Tools\Binn\;C:\Program Files\Microsoft SQL Server\Client SDK\ODBC\110\Tools\Binn\;C:\Program Files (x86)\Microsoft SQL Server\120\Tools\Binn\;C:\Program Files\Microsoft SQL Server\120\DTS\Binn\;C:\Program Files (x86)\Microsoft SQL Server\120\Tools\Binn\ManagementStudio\;C:\Program Files (x86)\Microsoft SQL Server\120\DTS\Binn\;C:\Users\USUARIO\AppData\Roaming\Microsoft\Windows\Start Menu\Programs\GitHub, Inc;C:\Program Files\Git\cmd;C:\Users\USUARIO\AppData\Local\Programs\Python\Python38\Scripts\;C:\Users\USUARIO\AppData\Local\Programs\Python\Python38\;C:\Users\USUARIO\AppData\Local\Microsoft\WindowsApps;C:\Users\USUARIO\AppData\Local\Android\Sdk\platform-tools;C:\Users\USUARIO\AppData\Roaming\Composer\vendor\bin;C:\Users\USUARIO\AppData\Local\Programs\Microsoft VS Code\bin;C:\Users\USUARIO\AppData\Roaming\npm;C:\Program Files\nodejs;C:\src\flutter\bin;C:\Program Files\heroku\bin;C:\Users\USUARIO\AppData\Local\GitHubDesktop\bin;
USERNAME=USUARIO
OS=Windows_NT
PROCESSOR_IDENTIFIER=Intel64 Family 6 Model 158 Stepping 9, GenuineIntel



---------------  S Y S T E M  ---------------

OS: Windows 10.0 , 64 bit Build 19041 (10.0.19041.928)

CPU:total 4 (initial active 4) (4 cores per cpu, 1 threads per core) family 6 model 158 stepping 9, cmov, cx8, fxsr, mmx, sse, sse2, sse3, ssse3, sse4.1, sse4.2, popcnt, avx, avx2, aes, clmul, erms, 3dnowpref, lzcnt, tsc, tscinvbit, bmi1, bmi2, adx

Memory: 4k page, physical 16634000k(2263012k free), swap 66965648k(3632k free)

vm_info: OpenJDK 64-Bit Server VM (25.242-b01) for windows-amd64 JRE (1.8.0_242-release-1644-b01), built by "builder" with MS VC++ 10.0 (VS2010)

time: Mon May 17 17:20:32 2021
timezone: Hora est. Pacífico, Sudamérica
elapsed time: 20 seconds (0d 0h 0m 20s)

