#
# There is insufficient memory for the Java Runtime Environment to continue.
# Native memory allocation (malloc) failed to allocate 1538416 bytes for Chunk::new
# Possible reasons:
#   The system is out of physical RAM or swap space
#   The process is running with CompressedOops enabled, and the Java Heap may be blocking the growth of the native heap
# Possible solutions:
#   Reduce memory load on the system
#   Increase physical memory or swap space
#   Check if swap backing store is full
#   Decrease Java heap size (-Xmx/-Xms)
#   Decrease number of Java threads
#   Decrease Java thread stack sizes (-Xss)
#   Set larger code cache with -XX:ReservedCodeCacheSize=
#   JVM is running with Unscaled Compressed Oops mode in which the Java heap is
#     placed in the first 4GB address space. The Java Heap base address is the
#     maximum limit for the native heap growth. Please use -XX:HeapBaseMinAddress
#     to set the Java Heap base and to place the Java Heap above 4GB virtual address.
# This output file may be truncated or incomplete.
#
#  Out of Memory Error (allocation.cpp:389), pid=8128, tid=0x00000000000015c0
#
# JRE version: OpenJDK Runtime Environment (8.0_242-b01) (build 1.8.0_242-release-1644-b01)
# Java VM: OpenJDK 64-Bit Server VM (25.242-b01 mixed mode windows-amd64 compressed oops)
# Failed to write core dump. Minidumps are not enabled by default on client versions of Windows
#

---------------  T H R E A D  ---------------

Current thread (0x00000000171a7800):  JavaThread "C2 CompilerThread0" daemon [_thread_in_native, id=5568, stack(0x0000000018810000,0x0000000018910000)]

Stack: [0x0000000018810000,0x0000000018910000]
[error occurred during error reporting (printing stack bounds), id 0xc0000005]

Native frames: (J=compiled Java code, j=interpreted, Vv=VM code, C=native code)


Current CompileTask:
C2:  17005 12128 %     4       com.android.tools.r8.ir.regalloc.a::a @ 2118 (3992 bytes)


---------------  P R O C E S S  ---------------

Java Threads: ( => current thread )
  0x000000001dedf000 JavaThread "stdout" [_thread_in_native, id=15808, stack(0x000000002d740000,0x000000002d840000)]
  0x000000001dee6000 JavaThread "stderr" [_thread_in_native, id=14308, stack(0x000000002d640000,0x000000002d740000)]
  0x000000001dee2000 JavaThread "stdout" [_thread_in_native, id=16616, stack(0x000000002d540000,0x000000002d640000)]
  0x000000001dee5000 JavaThread "stderr" [_thread_in_native, id=18012, stack(0x000000002d440000,0x000000002d540000)]
  0x000000001dee4800 JavaThread "stdout" [_thread_in_native, id=16408, stack(0x000000002d340000,0x000000002d440000)]
  0x000000001dedd000 JavaThread "stderr" [_thread_in_native, id=5512, stack(0x000000002d240000,0x000000002d340000)]
  0x000000001dee3800 JavaThread "stdout" [_thread_in_native, id=9540, stack(0x000000002d140000,0x000000002d240000)]
  0x000000001dee3000 JavaThread "stderr" [_thread_in_native, id=7996, stack(0x000000002d040000,0x000000002d140000)]
  0x000000001dede800 JavaThread "pool-2-thread-1" [_thread_blocked, id=16476, stack(0x000000002cf40000,0x000000002d040000)]
  0x000000001dee1800 JavaThread "WorkerExecutor Queue Thread 4" [_thread_in_Java, id=2188, stack(0x000000002ccf0000,0x000000002cdf0000)]
  0x000000001dedb800 JavaThread "WorkerExecutor Queue Thread 3" [_thread_in_Java, id=9796, stack(0x000000002c7f0000,0x000000002c8f0000)]
  0x000000001dedc000 JavaThread "WorkerExecutor Queue Thread 2" [_thread_in_Java, id=644, stack(0x000000002c6f0000,0x000000002c7f0000)]
  0x000000001dedd800 JavaThread "WorkerExecutor Queue" [_thread_in_native, id=14264, stack(0x000000002c5f0000,0x000000002c6f0000)]
  0x000000002079f800 JavaThread "Cache worker for execution history cache (E:\Cristian Japa\Aplicativos Android\TUBOPLAST SAC\REPLICA CHEMA\SM_TUBO_PLAST\.gradle\6.5\executionHistory)" [_thread_blocked, id=16512, stack(0x000000002c0f0000,0x000000002c1f0000)]
  0x00000000207a0800 JavaThread "Execution worker for ':' Thread 3" [_thread_blocked, id=10616, stack(0x000000002bff0000,0x000000002c0f0000)]
  0x00000000207a3800 JavaThread "Execution worker for ':' Thread 2" [_thread_blocked, id=11184, stack(0x000000002bef0000,0x000000002bff0000)]
  0x00000000207a2000 JavaThread "Execution worker for ':'" [_thread_blocked, id=3360, stack(0x000000002bdf0000,0x000000002bef0000)]
  0x00000000207a5000 JavaThread "Cache worker for file content cache (E:\Cristian Japa\Aplicativos Android\TUBOPLAST SAC\REPLICA CHEMA\SM_TUBO_PLAST\.gradle\6.5\fileContent)" [_thread_blocked, id=16192, stack(0x000000002b8f0000,0x000000002b9f0000)]
  0x0000000020944800 JavaThread "Memory manager" [_thread_blocked, id=1196, stack(0x000000002b7f0000,0x000000002b8f0000)]
  0x0000000020944000 JavaThread "pool-1-thread-1" [_thread_blocked, id=5288, stack(0x000000002a220000,0x000000002a320000)]
  0x0000000020943000 JavaThread "Cache worker for Build Output Cleanup Cache (E:\Cristian Japa\Aplicativos Android\TUBOPLAST SAC\REPLICA CHEMA\SM_TUBO_PLAST\.gradle\buildOutputCleanup)" [_thread_blocked, id=2064, stack(0x000000002a4f0000,0x000000002a5f0000)]
  0x0000000020948800 JavaThread "jar transforms Thread 113" [_thread_blocked, id=11880, stack(0x0000000029f20000,0x000000002a020000)]
  0x0000000020947800 JavaThread "jar transforms Thread 112" [_thread_blocked, id=11388, stack(0x0000000029e20000,0x0000000029f20000)]
  0x0000000020947000 JavaThread "jar transforms Thread 111" [_thread_blocked, id=4960, stack(0x0000000029d20000,0x0000000029e20000)]
  0x0000000020945800 JavaThread "jar transforms Thread 110" [_thread_blocked, id=10248, stack(0x0000000029c20000,0x0000000029d20000)]
  0x0000000020942800 JavaThread "jar transforms Thread 109" [_thread_blocked, id=11768, stack(0x0000000029b20000,0x0000000029c20000)]
  0x0000000020946000 JavaThread "jar transforms Thread 108" [_thread_blocked, id=17304, stack(0x0000000029a20000,0x0000000029b20000)]
  0x000000002093b000 JavaThread "jar transforms Thread 107" [_thread_blocked, id=15488, stack(0x0000000029920000,0x0000000029a20000)]
  0x0000000020941800 JavaThread "jar transforms Thread 106" [_thread_blocked, id=10336, stack(0x0000000029820000,0x0000000029920000)]
  0x0000000020941000 JavaThread "jar transforms Thread 105" [_thread_blocked, id=6140, stack(0x0000000029720000,0x0000000029820000)]
  0x0000000020940000 JavaThread "jar transforms Thread 104" [_thread_blocked, id=8084, stack(0x0000000029620000,0x0000000029720000)]
  0x000000002093f800 JavaThread "jar transforms Thread 103" [_thread_blocked, id=15284, stack(0x0000000029520000,0x0000000029620000)]
  0x000000002093d000 JavaThread "jar transforms Thread 102" [_thread_blocked, id=11036, stack(0x0000000029420000,0x0000000029520000)]
  0x000000002093c800 JavaThread "jar transforms Thread 101" [_thread_blocked, id=12800, stack(0x0000000029320000,0x0000000029420000)]
  0x000000002093b800 JavaThread "jar transforms Thread 100" [_thread_blocked, id=5684, stack(0x0000000029220000,0x0000000029320000)]
  0x000000002093e800 JavaThread "jar transforms Thread 99" [_thread_blocked, id=10908, stack(0x0000000029120000,0x0000000029220000)]
  0x000000002093e000 JavaThread "jar transforms Thread 98" [_thread_blocked, id=7560, stack(0x0000000029020000,0x0000000029120000)]
  0x0000000020939800 JavaThread "jar transforms Thread 97" [_thread_blocked, id=5056, stack(0x0000000028f20000,0x0000000029020000)]
  0x000000002093a000 JavaThread "jar transforms Thread 96" [_thread_blocked, id=3708, stack(0x0000000028e20000,0x0000000028f20000)]
  0x000000001b133800 JavaThread "jar transforms Thread 95" [_thread_blocked, id=11228, stack(0x0000000028d20000,0x0000000028e20000)]
  0x000000001b13a800 JavaThread "jar transforms Thread 94" [_thread_blocked, id=12824, stack(0x0000000028c20000,0x0000000028d20000)]
  0x000000001b139000 JavaThread "jar transforms Thread 93" [_thread_blocked, id=976, stack(0x0000000028b20000,0x0000000028c20000)]
  0x000000001b134800 JavaThread "jar transforms Thread 92" [_thread_blocked, id=4128, stack(0x0000000028a20000,0x0000000028b20000)]
  0x000000001b138000 JavaThread "jar transforms Thread 91" [_thread_blocked, id=5220, stack(0x0000000028920000,0x0000000028a20000)]
  0x000000001b136800 JavaThread "jar transforms Thread 90" [_thread_blocked, id=828, stack(0x0000000028820000,0x0000000028920000)]
  0x000000001b139800 JavaThread "jar transforms Thread 89" [_thread_blocked, id=7272, stack(0x0000000028720000,0x0000000028820000)]
  0x000000001b136000 JavaThread "jar transforms Thread 88" [_thread_blocked, id=9972, stack(0x0000000028620000,0x0000000028720000)]
  0x000000001b137800 JavaThread "jar transforms Thread 87" [_thread_blocked, id=128, stack(0x0000000028520000,0x0000000028620000)]
  0x000000001b135000 JavaThread "jar transforms Thread 86" [_thread_blocked, id=9884, stack(0x0000000028420000,0x0000000028520000)]
  0x000000001b12c000 JavaThread "jar transforms Thread 85" [_thread_blocked, id=13076, stack(0x0000000028320000,0x0000000028420000)]
  0x000000001b133000 JavaThread "jar transforms Thread 84" [_thread_blocked, id=13544, stack(0x0000000028220000,0x0000000028320000)]
  0x000000001b12b800 JavaThread "jar transforms Thread 83" [_thread_blocked, id=11972, stack(0x0000000028120000,0x0000000028220000)]
  0x000000001b132000 JavaThread "jar transforms Thread 82" [_thread_blocked, id=876, stack(0x0000000028020000,0x0000000028120000)]
  0x000000001b12f000 JavaThread "jar transforms Thread 81" [_thread_blocked, id=7816, stack(0x0000000027f20000,0x0000000028020000)]
  0x000000001b12d000 JavaThread "jar transforms Thread 80" [_thread_blocked, id=11908, stack(0x0000000027e20000,0x0000000027f20000)]
  0x000000001b131800 JavaThread "jar transforms Thread 79" [_thread_blocked, id=1604, stack(0x0000000027d20000,0x0000000027e20000)]
  0x000000001b12e800 JavaThread "jar transforms Thread 78" [_thread_blocked, id=16080, stack(0x0000000027c20000,0x0000000027d20000)]
  0x000000001b12d800 JavaThread "jar transforms Thread 77" [_thread_blocked, id=13612, stack(0x0000000027b20000,0x0000000027c20000)]
  0x000000001b130800 JavaThread "jar transforms Thread 76" [_thread_blocked, id=12576, stack(0x0000000027a20000,0x0000000027b20000)]
  0x000000001b130000 JavaThread "jar transforms Thread 75" [_thread_blocked, id=3836, stack(0x0000000027920000,0x0000000027a20000)]
  0x000000001b3b5000 JavaThread "jar transforms Thread 74" [_thread_blocked, id=4136, stack(0x0000000027820000,0x0000000027920000)]
  0x000000001b3b8000 JavaThread "jar transforms Thread 73" [_thread_blocked, id=10428, stack(0x0000000027720000,0x0000000027820000)]
  0x000000001b3b6000 JavaThread "jar transforms Thread 72" [_thread_blocked, id=10180, stack(0x0000000027620000,0x0000000027720000)]
  0x000000001b3b4800 JavaThread "jar transforms Thread 71" [_thread_blocked, id=12516, stack(0x0000000027520000,0x0000000027620000)]
  0x000000001b3b3800 JavaThread "jar transforms Thread 70" [_thread_blocked, id=10920, stack(0x0000000027420000,0x0000000027520000)]
  0x000000001b3b7800 JavaThread "jar transforms Thread 69" [_thread_blocked, id=7440, stack(0x0000000027320000,0x0000000027420000)]
  0x000000001b3b2000 JavaThread "jar transforms Thread 68" [_thread_blocked, id=10076, stack(0x0000000027220000,0x0000000027320000)]
  0x000000001b3b3000 JavaThread "jar transforms Thread 67" [_thread_blocked, id=15092, stack(0x0000000027120000,0x0000000027220000)]
  0x000000001b3b6800 JavaThread "jar transforms Thread 66" [_thread_blocked, id=6968, stack(0x0000000027020000,0x0000000027120000)]
  0x000000001b3aa800 JavaThread "jar transforms Thread 65" [_thread_blocked, id=7380, stack(0x0000000026f20000,0x0000000027020000)]
  0x000000001b3b1800 JavaThread "jar transforms Thread 64" [_thread_blocked, id=15520, stack(0x0000000026e20000,0x0000000026f20000)]
  0x000000001b3aa000 JavaThread "jar transforms Thread 63" [_thread_blocked, id=5204, stack(0x0000000026d20000,0x0000000026e20000)]
  0x000000001b3b0800 JavaThread "jar transforms Thread 62" [_thread_blocked, id=7348, stack(0x0000000026c20000,0x0000000026d20000)]
  0x000000001b3ab800 JavaThread "jar transforms Thread 61" [_thread_blocked, id=3936, stack(0x0000000026b20000,0x0000000026c20000)]
  0x000000001b3a9000 JavaThread "jar transforms Thread 60" [_thread_blocked, id=7672, stack(0x0000000026a20000,0x0000000026b20000)]
  0x000000001b3b0000 JavaThread "jar transforms Thread 59" [_thread_blocked, id=6292, stack(0x0000000026920000,0x0000000026a20000)]
  0x000000001b3ad000 JavaThread "jar transforms Thread 58" [_thread_blocked, id=5040, stack(0x0000000026820000,0x0000000026920000)]
  0x000000001b3af000 JavaThread "jar transforms Thread 57" [_thread_blocked, id=5200, stack(0x0000000026720000,0x0000000026820000)]
  0x000000001b3ac000 JavaThread "jar transforms Thread 56" [_thread_blocked, id=14236, stack(0x0000000026620000,0x0000000026720000)]
  0x000000001b3ad800 JavaThread "jar transforms Thread 55" [_thread_blocked, id=13920, stack(0x0000000026520000,0x0000000026620000)]
  0x000000001b3ae800 JavaThread "jar transforms Thread 54" [_thread_blocked, id=9864, stack(0x0000000026420000,0x0000000026520000)]
  0x000000001e3a6000 JavaThread "jar transforms Thread 53" [_thread_blocked, id=8596, stack(0x0000000026320000,0x0000000026420000)]
  0x000000001e3a8000 JavaThread "jar transforms Thread 52" [_thread_blocked, id=15548, stack(0x0000000026220000,0x0000000026320000)]
  0x000000001e3a3800 JavaThread "jar transforms Thread 51" [_thread_blocked, id=11888, stack(0x0000000026120000,0x0000000026220000)]
  0x000000001e3a4800 JavaThread "jar transforms Thread 50" [_thread_blocked, id=8728, stack(0x0000000026020000,0x0000000026120000)]
  0x000000001e3a9000 JavaThread "jar transforms Thread 49" [_thread_blocked, id=15596, stack(0x0000000025f20000,0x0000000026020000)]
  0x000000001e3a3000 JavaThread "jar transforms Thread 48" [_thread_blocked, id=15976, stack(0x0000000025e20000,0x0000000025f20000)]
  0x000000001e3a5000 JavaThread "jar transforms Thread 47" [_thread_blocked, id=1168, stack(0x0000000025d20000,0x0000000025e20000)]
  0x000000001e3a6800 JavaThread "jar transforms Thread 46" [_thread_blocked, id=16176, stack(0x0000000025c20000,0x0000000025d20000)]
  0x000000001e3a7800 JavaThread "jar transforms Thread 45" [_thread_blocked, id=8860, stack(0x0000000025b20000,0x0000000025c20000)]
  0x000000001e39b800 JavaThread "jar transforms Thread 44" [_thread_blocked, id=8804, stack(0x0000000025a20000,0x0000000025b20000)]
  0x000000001e3a2000 JavaThread "jar transforms Thread 43" [_thread_blocked, id=13140, stack(0x0000000025920000,0x0000000025a20000)]
  0x000000001e39a800 JavaThread "jar transforms Thread 42" [_thread_blocked, id=10640, stack(0x0000000025820000,0x0000000025920000)]
  0x000000001e3a1800 JavaThread "jar transforms Thread 41" [_thread_blocked, id=13992, stack(0x0000000025720000,0x0000000025820000)]
  0x000000001e39a000 JavaThread "jar transforms Thread 40" [_thread_blocked, id=1512, stack(0x0000000025620000,0x0000000025720000)]
  0x000000001e39d800 JavaThread "jar transforms Thread 39" [_thread_blocked, id=14784, stack(0x0000000025520000,0x0000000025620000)]
  0x000000001e3a0000 JavaThread "jar transforms Thread 38" [_thread_blocked, id=16448, stack(0x0000000025420000,0x0000000025520000)]
  0x000000001e39f000 JavaThread "jar transforms Thread 37" [_thread_blocked, id=12396, stack(0x0000000025320000,0x0000000025420000)]
  0x000000001e3a0800 JavaThread "jar transforms Thread 36" [_thread_blocked, id=13752, stack(0x0000000025220000,0x0000000025320000)]
  0x000000001e39c000 JavaThread "jar transforms Thread 35" [_thread_blocked, id=12320, stack(0x0000000025120000,0x0000000025220000)]
  0x000000001e39d000 JavaThread "jar transforms Thread 34" [_thread_blocked, id=12940, stack(0x0000000025020000,0x0000000025120000)]
  0x000000001e39e800 JavaThread "jar transforms Thread 33" [_thread_blocked, id=11996, stack(0x0000000024f20000,0x0000000025020000)]
  0x00000000205f8000 JavaThread "jar transforms Thread 32" [_thread_blocked, id=10176, stack(0x0000000024e20000,0x0000000024f20000)]
  0x00000000205f8800 JavaThread "jar transforms Thread 31" [_thread_blocked, id=12644, stack(0x0000000024d20000,0x0000000024e20000)]
  0x00000000205fc800 JavaThread "jar transforms Thread 30" [_thread_blocked, id=4864, stack(0x0000000024c20000,0x0000000024d20000)]
  0x00000000205fb000 JavaThread "jar transforms Thread 29" [_thread_blocked, id=15368, stack(0x0000000024b20000,0x0000000024c20000)]
  0x00000000205fa000 JavaThread "jar transforms Thread 28" [_thread_blocked, id=16916, stack(0x0000000024a20000,0x0000000024b20000)]
  0x00000000205f7000 JavaThread "jar transforms Thread 27" [_thread_blocked, id=14740, stack(0x0000000024920000,0x0000000024a20000)]
  0x00000000205fb800 JavaThread "jar transforms Thread 26" [_thread_blocked, id=7376, stack(0x0000000024820000,0x0000000024920000)]
  0x00000000205fe000 JavaThread "jar transforms Thread 25" [_thread_blocked, id=11300, stack(0x0000000024720000,0x0000000024820000)]
  0x00000000205fd000 JavaThread "jar transforms Thread 24" [_thread_blocked, id=9036, stack(0x0000000024620000,0x0000000024720000)]
  0x00000000205f9800 JavaThread "jar transforms Thread 23" [_thread_blocked, id=17068, stack(0x0000000024520000,0x0000000024620000)]
  0x00000000205ef800 JavaThread "jar transforms Thread 22" [_thread_blocked, id=9988, stack(0x0000000024420000,0x0000000024520000)]
  0x00000000205f6800 JavaThread "jar transforms Thread 21" [_thread_blocked, id=5828, stack(0x0000000024320000,0x0000000024420000)]
  0x00000000205f5000 JavaThread "jar transforms Thread 20" [_thread_blocked, id=10676, stack(0x0000000024220000,0x0000000024320000)]
  0x00000000205ef000 JavaThread "jar transforms Thread 19" [_thread_blocked, id=14248, stack(0x0000000024120000,0x0000000024220000)]
  0x00000000205f4000 JavaThread "jar transforms Thread 18" [_thread_blocked, id=16356, stack(0x0000000024020000,0x0000000024120000)]
  0x00000000205f3800 JavaThread "jar transforms Thread 17" [_thread_blocked, id=18032, stack(0x0000000023f20000,0x0000000024020000)]
  0x00000000205f2800 JavaThread "jar transforms Thread 16" [_thread_blocked, id=1508, stack(0x0000000023e20000,0x0000000023f20000)]
  0x00000000205f1000 JavaThread "jar transforms Thread 15" [_thread_blocked, id=9544, stack(0x0000000023d20000,0x0000000023e20000)]
  0x00000000205f0800 JavaThread "jar transforms Thread 14" [_thread_blocked, id=6436, stack(0x0000000023c20000,0x0000000023d20000)]
  0x00000000205f2000 JavaThread "jar transforms Thread 13" [_thread_blocked, id=10912, stack(0x0000000023b20000,0x0000000023c20000)]
  0x00000000205f5800 JavaThread "jar transforms Thread 12" [_thread_blocked, id=2884, stack(0x0000000023a20000,0x0000000023b20000)]
  0x000000001add9800 JavaThread "jar transforms Thread 11" [_thread_blocked, id=10104, stack(0x0000000023920000,0x0000000023a20000)]
  0x000000001add6800 JavaThread "jar transforms Thread 10" [_thread_blocked, id=5372, stack(0x0000000023820000,0x0000000023920000)]
  0x000000001add7000 JavaThread "jar transforms Thread 9" [_thread_blocked, id=6112, stack(0x0000000023720000,0x0000000023820000)]
  0x000000001add5800 JavaThread "jar transforms Thread 8" [_thread_blocked, id=13320, stack(0x0000000023620000,0x0000000023720000)]
  0x000000001add8000 JavaThread "jar transforms Thread 7" [_thread_blocked, id=10588, stack(0x0000000023520000,0x0000000023620000)]
  0x000000001add5000 JavaThread "jar transforms Thread 6" [_thread_blocked, id=7436, stack(0x0000000023420000,0x0000000023520000)]
  0x000000001add4000 JavaThread "jar transforms Thread 5" [_thread_blocked, id=7832, stack(0x0000000023320000,0x0000000023420000)]
  0x000000001add8800 JavaThread "jar transforms Thread 4" [_thread_blocked, id=9260, stack(0x0000000023220000,0x0000000023320000)]
  0x000000001adcc800 JavaThread "jar transforms Thread 3" [_thread_blocked, id=12660, stack(0x0000000023120000,0x0000000023220000)]
  0x000000001add3800 JavaThread "jar transforms Thread 2" [_thread_blocked, id=7652, stack(0x0000000023020000,0x0000000023120000)]
  0x000000001add2800 JavaThread "Build operations Thread 4" [_thread_blocked, id=12156, stack(0x0000000022f20000,0x0000000023020000)]
  0x000000001adcb000 JavaThread "Build operations Thread 3" [_thread_blocked, id=10940, stack(0x0000000022e20000,0x0000000022f20000)]
  0x000000001add1000 JavaThread "Build operations Thread 2" [_thread_blocked, id=12076, stack(0x0000000022d20000,0x0000000022e20000)]
  0x000000001add0800 JavaThread "Build operations" [_thread_blocked, id=10784, stack(0x0000000022c20000,0x0000000022d20000)]
  0x000000001adcf000 JavaThread "Cache worker for file content cache (C:\Users\USUARIO\.gradle\caches\6.5\fileContent)" [_thread_blocked, id=9664, stack(0x0000000021550000,0x0000000021650000)]
  0x00000000171ab000 JavaThread "jar transforms" [_thread_blocked, id=3844, stack(0x0000000021450000,0x0000000021550000)]
  0x00000000171b0800 JavaThread "Cache worker for execution history cache (C:\Users\USUARIO\.gradle\caches\6.5\executionHistory)" [_thread_blocked, id=6612, stack(0x0000000020d50000,0x0000000020e50000)]
  0x00000000171b1800 JavaThread "Cache worker for cache directory md-rule (C:\Users\USUARIO\.gradle\caches\6.5\md-rule)" [_thread_blocked, id=9660, stack(0x0000000020c50000,0x0000000020d50000)]
  0x00000000171af000 JavaThread "Cache worker for cache directory md-supplier (C:\Users\USUARIO\.gradle\caches\6.5\md-supplier)" [_thread_blocked, id=13184, stack(0x0000000020b50000,0x0000000020c50000)]
  0x00000000171b0000 JavaThread "Cache worker for checksums cache (E:\Cristian Japa\Aplicativos Android\TUBOPLAST SAC\REPLICA CHEMA\SM_TUBO_PLAST\.gradle\checksums)" [_thread_blocked, id=3812, stack(0x000000001f800000,0x000000001f900000)]
  0x00000000171ae000 JavaThread "Cache worker for file hash cache (E:\Cristian Japa\Aplicativos Android\TUBOPLAST SAC\REPLICA CHEMA\SM_TUBO_PLAST\.gradle\6.5\fileHashes)" [_thread_blocked, id=11544, stack(0x000000001f500000,0x000000001f600000)]
  0x00000000171b2000 JavaThread "Cache worker for file hash cache (C:\Users\USUARIO\.gradle\caches\6.5\fileHashes)" [_thread_blocked, id=16156, stack(0x000000001d260000,0x000000001d360000)]
  0x00000000171ad800 JavaThread "File lock request listener" [_thread_in_native, id=14164, stack(0x000000001d160000,0x000000001d260000)]
  0x0000000018be8000 JavaThread "Cache worker for journal cache (C:\Users\USUARIO\.gradle\caches\journal-1)" [_thread_blocked, id=14788, stack(0x000000001cf60000,0x000000001d060000)]
  0x000000001acf3000 JavaThread "Thread-9" [_thread_blocked, id=8868, stack(0x000000001cc60000,0x000000001cd60000)]
  0x000000001ac21000 JavaThread "Stdin handler" [_thread_blocked, id=12724, stack(0x000000001cb60000,0x000000001cc60000)]
  0x000000001ac1f000 JavaThread "Asynchronous log dispatcher for DefaultDaemonConnection: socket connection from /127.0.0.1:56904 to /127.0.0.1:56905" [_thread_blocked, id=4660, stack(0x000000001ca60000,0x000000001cb60000)]
  0x000000001ac1c800 JavaThread "Daemon worker" [_thread_blocked, id=18096, stack(0x000000001c960000,0x000000001ca60000)]
  0x000000001acc8000 JavaThread "Cancel handler" [_thread_blocked, id=1744, stack(0x000000001c860000,0x000000001c960000)]
  0x000000001ac17000 JavaThread "Handler for socket connection from /127.0.0.1:56904 to /127.0.0.1:56905" [_thread_in_native, id=17928, stack(0x000000001c760000,0x000000001c860000)]
  0x000000001ac11000 JavaThread "Daemon" [_thread_blocked, id=15392, stack(0x000000001c660000,0x000000001c760000)]
  0x000000001abb3800 JavaThread "Daemon periodic checks" [_thread_blocked, id=15396, stack(0x000000001c360000,0x000000001c460000)]
  0x000000001aba2000 JavaThread "Incoming local TCP Connector on port 56904" [_thread_in_native, id=10244, stack(0x000000001c0f0000,0x000000001c1f0000)]
  0x000000001ab57800 JavaThread "Daemon health stats" [_thread_blocked, id=14032, stack(0x000000001bab0000,0x000000001bbb0000)]
  0x0000000018b58000 JavaThread "Service Thread" daemon [_thread_blocked, id=6828, stack(0x0000000018f10000,0x0000000019010000)]
  0x00000000171ac800 JavaThread "C1 CompilerThread2" daemon [_thread_blocked, id=16112, stack(0x0000000018a10000,0x0000000018b10000)]
  0x00000000171ac000 JavaThread "C2 CompilerThread1" daemon [_thread_in_native, id=18068, stack(0x0000000018910000,0x0000000018a10000)]
=>0x00000000171a7800 JavaThread "C2 CompilerThread0" daemon [_thread_in_native, id=5568, stack(0x0000000018810000,0x0000000018910000)]
  0x00000000171a6000 JavaThread "Attach Listener" daemon [_thread_blocked, id=17084, stack(0x0000000018710000,0x0000000018810000)]
  0x00000000171a1800 JavaThread "Signal Dispatcher" daemon [_thread_blocked, id=12080, stack(0x0000000018610000,0x0000000018710000)]
  0x000000000254b800 JavaThread "Finalizer" daemon [_thread_blocked, id=12564, stack(0x00000000183f0000,0x00000000184f0000)]
  0x0000000017189000 JavaThread "Reference Handler" daemon [_thread_blocked, id=16196, stack(0x00000000182f0000,0x00000000183f0000)]
  0x0000000002452800 JavaThread "main" [_thread_blocked, id=7716, stack(0x0000000000ba0000,0x0000000000ca0000)]

Other Threads:
  0x0000000017165800 VMThread [stack: 0x00000000181f0000,0x00000000182f0000] [id=9856]
  0x00000000171fa800 WatcherThread [stack: 0x0000000019010000,0x0000000019110000] [id=15700]

VM state:not at safepoint (normal execution)

VM Mutex/Monitor currently owned by a thread: None

heap address: 0x0000000080000000, size: 2048 MB, Compressed Oops mode: 32-bit
Narrow klass base: 0x0000000000000000, Narrow klass shift: 3
Compressed class space size: 1073741824 Address: 0x0000000100000000

Heap:
 PSYoungGen      total 446976K, used 199096K [0x00000000d5580000, 0x00000000f4580000, 0x0000000100000000)
  eden space 416768K, 40% used [0x00000000d5580000,0x00000000dfa71880,0x00000000eec80000)
  from space 30208K, 99% used [0x00000000f1680000,0x00000000f33fc9b8,0x00000000f3400000)
  to   space 43008K, 0% used [0x00000000eec80000,0x00000000eec80000,0x00000000f1680000)
 ParOldGen       total 190976K, used 68642K [0x0000000080000000, 0x000000008ba80000, 0x00000000d5580000)
  object space 190976K, 35% used [0x0000000080000000,0x0000000084308808,0x000000008ba80000)
 Metaspace       used 83388K, capacity 87870K, committed 88024K, reserved 1124352K
  class space    used 11336K, capacity 12188K, committed 12288K, reserved 1048576K

Card table byte_map: [0x0000000011910000,0x0000000011d20000] byte_map_base: 0x0000000011510000

Marking Bits: (ParMarkBitMap*) 0x0000000062f2f030
 Begin Bits: [0x00000000123d0000, 0x00000000143d0000)
 End Bits:   [0x00000000143d0000, 0x00000000163d0000)

Polling page: 0x0000000000720000

CodeCache: size=245760Kb used=37132Kb max_used=37132Kb free=208627Kb
 bounds [0x0000000002550000, 0x00000000049c0000, 0x0000000011550000]
 total_blobs=12203 nmethods=11368 adapters=747
 compilation: enabled

Compilation events (10 events):
Event: 17.002 Thread 0x00000000171ac800 nmethod 13033 0x000000000499f310 code [0x000000000499f4c0, 0x000000000499f848]
Event: 17.002 Thread 0x00000000171ac800 13029       1       com.android.tools.r8.s.b.i0::J1 (2 bytes)
Event: 17.002 Thread 0x00000000171ac800 nmethod 13029 0x000000000499e750 code [0x000000000499e8a0, 0x000000000499e9b0]
Event: 17.002 Thread 0x00000000171ac800 13034       2       com.android.tools.r8.ir.conversion.E::a (489 bytes)
Event: 17.003 Thread 0x00000000171ac800 nmethod 13034 0x00000000049a4650 code [0x00000000049a4960, 0x00000000049a5908]
Event: 17.003 Thread 0x00000000171ac800 13036       1       java.util.IdentityHashMap::init (11 bytes)
Event: 17.003 Thread 0x00000000171ac800 nmethod 13036 0x000000000499ef90 code [0x000000000499f0e0, 0x000000000499f290]
Event: 17.003 Thread 0x00000000171ac800 13035       2       com.android.tools.r8.ir.conversion.o::b (48 bytes)
Event: 17.004 Thread 0x00000000171ac800 nmethod 13035 0x00000000049a39d0 code [0x00000000049a3b60, 0x00000000049a3e28]
Event: 17.004 Thread 0x00000000171ac800 13037       2       com.android.tools.r8.t.a.a.a.f.c::put (32 bytes)

GC Heap History (10 events):
Event: 6.205 GC heap before
{Heap before GC invocations=9 (full 2):
 PSYoungGen      total 247808K, used 231936K [0x00000000d5580000, 0x00000000e5900000, 0x0000000100000000)
  eden space 231936K, 100% used [0x00000000d5580000,0x00000000e3800000,0x00000000e3800000)
  from space 15872K, 0% used [0x00000000e4680000,0x00000000e4680000,0x00000000e5600000)
  to   space 14848K, 0% used [0x00000000e3800000,0x00000000e3800000,0x00000000e4680000)
 ParOldGen       total 128000K, used 14964K [0x0000000080000000, 0x0000000087d00000, 0x00000000d5580000)
  object space 128000K, 11% used [0x0000000080000000,0x0000000080e9d170,0x0000000087d00000)
 Metaspace       used 45539K, capacity 47408K, committed 47704K, reserved 1091584K
  class space    used 6157K, capacity 6516K, committed 6528K, reserved 1048576K
Event: 6.220 GC heap after
Heap after GC invocations=9 (full 2):
 PSYoungGen      total 246784K, used 14823K [0x00000000d5580000, 0x00000000ed380000, 0x0000000100000000)
  eden space 231936K, 0% used [0x00000000d5580000,0x00000000d5580000,0x00000000e3800000)
  from space 14848K, 99% used [0x00000000e3800000,0x00000000e4679ea8,0x00000000e4680000)
  to   space 17408K, 0% used [0x00000000ec280000,0x00000000ec280000,0x00000000ed380000)
 ParOldGen       total 128000K, used 16038K [0x0000000080000000, 0x0000000087d00000, 0x00000000d5580000)
  object space 128000K, 12% used [0x0000000080000000,0x0000000080fa99d0,0x0000000087d00000)
 Metaspace       used 45539K, capacity 47408K, committed 47704K, reserved 1091584K
  class space    used 6157K, capacity 6516K, committed 6528K, reserved 1048576K
}
Event: 7.762 GC heap before
{Heap before GC invocations=10 (full 2):
 PSYoungGen      total 246784K, used 161390K [0x00000000d5580000, 0x00000000ed380000, 0x0000000100000000)
  eden space 231936K, 63% used [0x00000000d5580000,0x00000000de4a1c28,0x00000000e3800000)
  from space 14848K, 99% used [0x00000000e3800000,0x00000000e4679ea8,0x00000000e4680000)
  to   space 17408K, 0% used [0x00000000ec280000,0x00000000ec280000,0x00000000ed380000)
 ParOldGen       total 128000K, used 16038K [0x0000000080000000, 0x0000000087d00000, 0x00000000d5580000)
  object space 128000K, 12% used [0x0000000080000000,0x0000000080fa99d0,0x0000000087d00000)
 Metaspace       used 56713K, capacity 59002K, committed 59028K, reserved 1099776K
  class space    used 7695K, capacity 8186K, committed 8192K, reserved 1048576K
Event: 7.785 GC heap after
Heap after GC invocations=10 (full 2):
 PSYoungGen      total 365568K, used 17405K [0x00000000d5580000, 0x00000000ed780000, 0x0000000100000000)
  eden space 348160K, 0% used [0x00000000d5580000,0x00000000d5580000,0x00000000ea980000)
  from space 17408K, 99% used [0x00000000ec280000,0x00000000ed37f738,0x00000000ed380000)
  to   space 23552K, 0% used [0x00000000ea980000,0x00000000ea980000,0x00000000ec080000)
 ParOldGen       total 128000K, used 24008K [0x0000000080000000, 0x0000000087d00000, 0x00000000d5580000)
  object space 128000K, 18% used [0x0000000080000000,0x0000000081772228,0x0000000087d00000)
 Metaspace       used 56713K, capacity 59002K, committed 59028K, reserved 1099776K
  class space    used 7695K, capacity 8186K, committed 8192K, reserved 1048576K
}
Event: 7.785 GC heap before
{Heap before GC invocations=11 (full 3):
 PSYoungGen      total 365568K, used 17405K [0x00000000d5580000, 0x00000000ed780000, 0x0000000100000000)
  eden space 348160K, 0% used [0x00000000d5580000,0x00000000d5580000,0x00000000ea980000)
  from space 17408K, 99% used [0x00000000ec280000,0x00000000ed37f738,0x00000000ed380000)
  to   space 23552K, 0% used [0x00000000ea980000,0x00000000ea980000,0x00000000ec080000)
 ParOldGen       total 128000K, used 24008K [0x0000000080000000, 0x0000000087d00000, 0x00000000d5580000)
  object space 128000K, 18% used [0x0000000080000000,0x0000000081772228,0x0000000087d00000)
 Metaspace       used 56713K, capacity 59002K, committed 59028K, reserved 1099776K
  class space    used 7695K, capacity 8186K, committed 8192K, reserved 1048576K
Event: 7.964 GC heap after
Heap after GC invocations=11 (full 3):
 PSYoungGen      total 365568K, used 0K [0x00000000d5580000, 0x00000000ed780000, 0x0000000100000000)
  eden space 348160K, 0% used [0x00000000d5580000,0x00000000d5580000,0x00000000ea980000)
  from space 17408K, 0% used [0x00000000ec280000,0x00000000ec280000,0x00000000ed380000)
  to   space 23552K, 0% used [0x00000000ea980000,0x00000000ea980000,0x00000000ec080000)
 ParOldGen       total 190976K, used 37753K [0x0000000080000000, 0x000000008ba80000, 0x00000000d5580000)
  object space 190976K, 19% used [0x0000000080000000,0x00000000824de640,0x000000008ba80000)
 Metaspace       used 56696K, capacity 58942K, committed 59028K, reserved 1099776K
  class space    used 7690K, capacity 8176K, committed 8192K, reserved 1048576K
}
Event: 11.623 GC heap before
{Heap before GC invocations=12 (full 3):
 PSYoungGen      total 365568K, used 348160K [0x00000000d5580000, 0x00000000ed780000, 0x0000000100000000)
  eden space 348160K, 100% used [0x00000000d5580000,0x00000000ea980000,0x00000000ea980000)
  from space 17408K, 0% used [0x00000000ec280000,0x00000000ec280000,0x00000000ed380000)
  to   space 23552K, 0% used [0x00000000ea980000,0x00000000ea980000,0x00000000ec080000)
 ParOldGen       total 190976K, used 37753K [0x0000000080000000, 0x000000008ba80000, 0x00000000d5580000)
  object space 190976K, 19% used [0x0000000080000000,0x00000000824de640,0x000000008ba80000)
 Metaspace       used 66977K, capacity 69986K, committed 70232K, reserved 1110016K
  class space    used 9132K, capacity 9762K, committed 9856K, reserved 1048576K
Event: 11.653 GC heap after
Heap after GC invocations=12 (full 3):
 PSYoungGen      total 371712K, used 23525K [0x00000000d5580000, 0x00000000f3400000, 0x0000000100000000)
  eden space 348160K, 0% used [0x00000000d5580000,0x00000000d5580000,0x00000000ea980000)
  from space 23552K, 99% used [0x00000000ea980000,0x00000000ec079528,0x00000000ec080000)
  to   space 30208K, 0% used [0x00000000f1680000,0x00000000f1680000,0x00000000f3400000)
 ParOldGen       total 190976K, used 46676K [0x0000000080000000, 0x000000008ba80000, 0x00000000d5580000)
  object space 190976K, 24% used [0x0000000080000000,0x0000000082d951f8,0x000000008ba80000)
 Metaspace       used 66977K, capacity 69986K, committed 70232K, reserved 1110016K
  class space    used 9132K, capacity 9762K, committed 9856K, reserved 1048576K
}
Event: 15.645 GC heap before
{Heap before GC invocations=13 (full 3):
 PSYoungGen      total 371712K, used 371685K [0x00000000d5580000, 0x00000000f3400000, 0x0000000100000000)
  eden space 348160K, 100% used [0x00000000d5580000,0x00000000ea980000,0x00000000ea980000)
  from space 23552K, 99% used [0x00000000ea980000,0x00000000ec079528,0x00000000ec080000)
  to   space 30208K, 0% used [0x00000000f1680000,0x00000000f1680000,0x00000000f3400000)
 ParOldGen       total 190976K, used 46676K [0x0000000080000000, 0x000000008ba80000, 0x00000000d5580000)
  object space 190976K, 24% used [0x0000000080000000,0x0000000082d951f8,0x000000008ba80000)
 Metaspace       used 75950K, capacity 79484K, committed 79576K, reserved 1118208K
  class space    used 10276K, capacity 10951K, committed 11008K, reserved 1048576K
Event: 15.683 GC heap after
Heap after GC invocations=13 (full 3):
 PSYoungGen      total 446976K, used 30194K [0x00000000d5580000, 0x00000000f4580000, 0x0000000100000000)
  eden space 416768K, 0% used [0x00000000d5580000,0x00000000d5580000,0x00000000eec80000)
  from space 30208K, 99% used [0x00000000f1680000,0x00000000f33fc9b8,0x00000000f3400000)
  to   space 43008K, 0% used [0x00000000eec80000,0x00000000eec80000,0x00000000f1680000)
 ParOldGen       total 190976K, used 68642K [0x0000000080000000, 0x000000008ba80000, 0x00000000d5580000)
  object space 190976K, 35% used [0x0000000080000000,0x0000000084308808,0x000000008ba80000)
 Metaspace       used 75950K, capacity 79484K, committed 79576K, reserved 1118208K
  class space    used 10276K, capacity 10951K, committed 11008K, reserved 1048576K
}

Deoptimization events (10 events):
Event: 16.529 Thread 0x000000001dedc000 Uncommon trap: reason=bimorphic action=maybe_recompile pc=0x00000000045a8c2c method=java.util.Collection.removeIf(Ljava/util/function/Predicate;)Z @ 39
Event: 16.529 Thread 0x000000001dedc000 Uncommon trap: reason=bimorphic action=maybe_recompile pc=0x00000000045a8c2c method=java.util.Collection.removeIf(Ljava/util/function/Predicate;)Z @ 39
Event: 16.567 Thread 0x000000001dee1800 Uncommon trap: reason=array_check action=maybe_recompile pc=0x00000000045ec694 method=java.util.TimSort.binarySort([Ljava/lang/Object;IIILjava/util/Comparator;)V @ 215
Event: 16.568 Thread 0x000000001dee1800 Uncommon trap: reason=array_check action=maybe_recompile pc=0x00000000045ec694 method=java.util.TimSort.binarySort([Ljava/lang/Object;IIILjava/util/Comparator;)V @ 215
Event: 16.568 Thread 0x000000001dee1800 Uncommon trap: reason=array_check action=maybe_recompile pc=0x0000000004496508 method=java.util.TimSort.binarySort([Ljava/lang/Object;IIILjava/util/Comparator;)V @ 215
Event: 16.594 Thread 0x000000001dee1800 Uncommon trap: reason=unstable_if action=reinterpret pc=0x0000000003285640 method=java.nio.Buffer.limit(I)Ljava/nio/Buffer; @ 33
Event: 16.705 Thread 0x000000001dedc000 Uncommon trap: reason=class_check action=maybe_recompile pc=0x00000000046b0374 method=com.android.tools.r8.s.a.h.e.b(Lcom/android/tools/r8/s/b/k0;)V @ 226
Event: 16.705 Thread 0x000000001dedc000 Uncommon trap: reason=class_check action=maybe_recompile pc=0x00000000046b0374 method=com.android.tools.r8.s.a.h.e.b(Lcom/android/tools/r8/s/b/k0;)V @ 226
Event: 16.705 Thread 0x000000001dedc000 Uncommon trap: reason=class_check action=maybe_recompile pc=0x00000000046b0374 method=com.android.tools.r8.s.a.h.e.b(Lcom/android/tools/r8/s/b/k0;)V @ 226
Event: 16.803 Thread 0x000000001dedc000 Uncommon trap: reason=class_check action=maybe_recompile pc=0x00000000046b0374 method=com.android.tools.r8.s.a.h.e.b(Lcom/android/tools/r8/s/b/k0;)V @ 226

Classes redefined (0 events):
No events

Internal exceptions (10 events):
Event: 15.268 Thread 0x000000001dedb800 Exception <a 'java/lang/NoSuchMethodError': java.lang.Object.lambda$static$0(Ljava/lang/String;)Z> (0x00000000e8095a10) thrown at [C:\src\AOSP-openjdk-git\hotspot\src\share\vm\interpreter\linkResolver.cpp, line 620]
Event: 15.348 Thread 0x000000001add0800 Implicit null exception at 0x000000000414d263 to 0x000000000414d70d
Event: 15.538 Thread 0x000000001dee1800 Exception <a 'java/lang/IncompatibleClassChangeError': Found class java.lang.Object, but interface was expected> (0x00000000e9cb4b20) thrown at [C:\src\AOSP-openjdk-git\hotspot\src\share\vm\interpreter\linkResolver.cpp, line 653]
Event: 15.684 Thread 0x00000000207a3800 Exception <a 'java/lang/NoSuchMethodError': <clinit>> (0x00000000d5581fb0) thrown at [C:\src\AOSP-openjdk-git\hotspot\src\share\vm\prims\jni.cpp, line 1615]
Event: 15.687 Thread 0x00000000207a3800 Exception <a 'java/lang/NoSuchMethodError': <clinit>> (0x00000000d55c2c78) thrown at [C:\src\AOSP-openjdk-git\hotspot\src\share\vm\prims\jni.cpp, line 1615]
Event: 15.706 Thread 0x000000001dedd800 Exception <a 'java/lang/NoSuchMethodError': java.lang.Object.lambda$asRunnable$0(Lcom/android/tools/build/apkzlib/utils/IOExceptionRunnable;)V> (0x00000000d6111988) thrown at [C:\src\AOSP-openjdk-git\hotspot\src\share\vm\interpreter\linkResolver.cpp, line
Event: 15.790 Thread 0x000000001dedd800 Exception <a 'java/lang/NoSuchMethodError': java.lang.Object.newSystemTemporaryDirectory()Lcom/android/tools/build/apkzlib/bytestorage/TemporaryDirectory;> (0x00000000d6963948) thrown at [C:\src\AOSP-openjdk-git\hotspot\src\share\vm\interpreter\linkResolv
Event: 15.853 Thread 0x000000001dee1800 Exception <a 'java/lang/NoSuchMethodError': java.lang.Object.b(Lcom/android/tools/r8/graph/p1$b;)Lcom/android/tools/r8/graph/p1$b;> (0x00000000d6c29a10) thrown at [C:\src\AOSP-openjdk-git\hotspot\src\share\vm\interpreter\linkResolver.cpp, line 620]
Event: 15.894 Thread 0x000000001dedb800 Exception <a 'java/lang/NoSuchMethodError': java.lang.Object.lambda$maxBy$1(Ljava/util/Comparator;Ljava/lang/Object;Ljava/lang/Object;)Ljava/lang/Object;> (0x00000000d73ac798) thrown at [C:\src\AOSP-openjdk-git\hotspot\src\share\vm\interpreter\linkResolve
Event: 15.894 Thread 0x000000001dee1800 Exception <a 'java/lang/NoSuchMethodError': java.lang.Object.lambda$maxBy$1(Ljava/util/Comparator;Ljava/lang/Object;Ljava/lang/Object;)Ljava/lang/Object;> (0x00000000d737a8e0) thrown at [C:\src\AOSP-openjdk-git\hotspot\src\share\vm\interpreter\linkResolve

Events (10 events):
Event: 16.721 Thread 0x00000000171ac800 flushing nmethod 0x0000000003f34390
Event: 16.721 Thread 0x00000000171ac800 flushing nmethod 0x0000000003f36ed0
Event: 16.721 Thread 0x00000000171ac800 flushing nmethod 0x0000000003f66190
Event: 16.721 Thread 0x00000000171ac800 flushing nmethod 0x0000000003f69590
Event: 16.721 Thread 0x00000000171ac800 flushing nmethod 0x0000000003f74150
Event: 16.803 Thread 0x000000001dedc000 Uncommon trap: trap_request=0xffffffde fr.pc=0x00000000046b0374
Event: 16.803 Thread 0x000000001dedc000 DEOPT PACKING pc=0x00000000046b0374 sp=0x000000002c7ec960
Event: 16.803 Thread 0x000000001dedc000 DEOPT UNPACKING pc=0x000000000259557b sp=0x000000002c7ec930 mode 2
Event: 16.848 Executing VM operation: ForceSafepoint
Event: 16.854 Executing VM operation: ForceSafepoint done


Dynamic libraries:
0x00007ff7a5440000 - 0x00007ff7a5471000 	C:\Program Files\Android\Android Studio\jre\bin\java.exe
0x00007fff26130000 - 0x00007fff26325000 	C:\WINDOWS\SYSTEM32\ntdll.dll
0x00007fff24200000 - 0x00007fff242bd000 	C:\WINDOWS\System32\KERNEL32.DLL
0x00007fff23dc0000 - 0x00007fff24088000 	C:\WINDOWS\System32\KERNELBASE.dll
0x00007fff24620000 - 0x00007fff246cc000 	C:\WINDOWS\System32\ADVAPI32.dll
0x00007fff24ce0000 - 0x00007fff24d7e000 	C:\WINDOWS\System32\msvcrt.dll
0x00007fff242c0000 - 0x00007fff2435b000 	C:\WINDOWS\System32\sechost.dll
0x00007fff25910000 - 0x00007fff25a3b000 	C:\WINDOWS\System32\RPCRT4.dll
0x00007fff25ea0000 - 0x00007fff26040000 	C:\WINDOWS\System32\USER32.dll
0x00007fff23870000 - 0x00007fff23892000 	C:\WINDOWS\System32\win32u.dll
0x00007fff24770000 - 0x00007fff2479a000 	C:\WINDOWS\System32\GDI32.dll
0x00007fff238a0000 - 0x00007fff239ab000 	C:\WINDOWS\System32\gdi32full.dll
0x00007fff23ab0000 - 0x00007fff23b4d000 	C:\WINDOWS\System32\msvcp_win.dll
0x00007fff24090000 - 0x00007fff24190000 	C:\WINDOWS\System32\ucrtbase.dll
0x00007fff1c490000 - 0x00007fff1c72a000 	C:\WINDOWS\WinSxS\amd64_microsoft.windows.common-controls_6595b64144ccf1df_6.0.19041.844_none_ca00b6081b84eb1d\COMCTL32.dll
0x00007fff24510000 - 0x00007fff24540000 	C:\WINDOWS\System32\IMM32.DLL
0x0000000062680000 - 0x0000000062752000 	C:\Program Files\Android\Android Studio\jre\jre\bin\msvcr100.dll
0x0000000062760000 - 0x0000000062fab000 	C:\Program Files\Android\Android Studio\jre\jre\bin\server\jvm.dll
0x00007fff241f0000 - 0x00007fff241f8000 	C:\WINDOWS\System32\PSAPI.DLL
0x00007fff1a0c0000 - 0x00007fff1a0e7000 	C:\WINDOWS\SYSTEM32\WINMM.dll
0x00007fff15350000 - 0x00007fff15359000 	C:\WINDOWS\SYSTEM32\WSOCK32.dll
0x00007fff1be60000 - 0x00007fff1be6a000 	C:\WINDOWS\SYSTEM32\VERSION.dll
0x00007fff258a0000 - 0x00007fff2590b000 	C:\WINDOWS\System32\WS2_32.dll
0x00007fff1db50000 - 0x00007fff1db5f000 	C:\Program Files\Android\Android Studio\jre\jre\bin\verify.dll
0x00007fff19d90000 - 0x00007fff19db9000 	C:\Program Files\Android\Android Studio\jre\jre\bin\java.dll
0x00007fff186a0000 - 0x00007fff186b6000 	C:\Program Files\Android\Android Studio\jre\jre\bin\zip.dll
0x00007fff25140000 - 0x00007fff25882000 	C:\WINDOWS\System32\SHELL32.dll
0x00007fff219c0000 - 0x00007fff22150000 	C:\WINDOWS\SYSTEM32\windows.storage.dll
0x00007fff24de0000 - 0x00007fff25135000 	C:\WINDOWS\System32\combase.dll
0x00007fff23210000 - 0x00007fff2323c000 	C:\WINDOWS\SYSTEM32\Wldp.dll
0x00007fff26040000 - 0x00007fff260ee000 	C:\WINDOWS\System32\SHCORE.dll
0x00007fff25c10000 - 0x00007fff25c65000 	C:\WINDOWS\System32\shlwapi.dll
0x00007fff237b0000 - 0x00007fff237cf000 	C:\WINDOWS\SYSTEM32\profapi.dll
0x00007fff18680000 - 0x00007fff1869a000 	C:\Program Files\Android\Android Studio\jre\jre\bin\net.dll
0x00007fff22f80000 - 0x00007fff22fea000 	C:\WINDOWS\system32\mswsock.dll
0x00007fff18530000 - 0x00007fff18543000 	C:\Program Files\Android\Android Studio\jre\jre\bin\nio.dll
0x00007fff19cd0000 - 0x00007fff19cf7000 	C:\Users\USUARIO\.gradle\native\f6784746aeab05261644944871eae4fe03e0ef1612fff0a4a95f87b438bc6780\windows-amd64\native-platform.dll
0x00007fff1a080000 - 0x00007fff1a08d000 	C:\Program Files\Android\Android Studio\jre\jre\bin\management.dll
0x00007fff23150000 - 0x00007fff23168000 	C:\WINDOWS\SYSTEM32\CRYPTSP.dll
0x00007fff22920000 - 0x00007fff22954000 	C:\WINDOWS\system32\rsaenh.dll
0x00007fff23a80000 - 0x00007fff23aa7000 	C:\WINDOWS\System32\bcrypt.dll
0x00007fff23770000 - 0x00007fff2379e000 	C:\WINDOWS\SYSTEM32\USERENV.dll
0x00007fff23a00000 - 0x00007fff23a80000 	C:\WINDOWS\System32\bcryptprimitives.dll
0x00007fff23170000 - 0x00007fff2317c000 	C:\WINDOWS\SYSTEM32\CRYPTBASE.dll
0x00007fff22c70000 - 0x00007fff22cab000 	C:\WINDOWS\SYSTEM32\IPHLPAPI.DLL
0x00007fff24760000 - 0x00007fff24768000 	C:\WINDOWS\System32\NSI.dll
0x00007fff1e490000 - 0x00007fff1e4a7000 	C:\WINDOWS\SYSTEM32\dhcpcsvc6.DLL
0x00007fff1e470000 - 0x00007fff1e48d000 	C:\WINDOWS\SYSTEM32\dhcpcsvc.DLL
0x00007fff22cb0000 - 0x00007fff22d7c000 	C:\WINDOWS\SYSTEM32\DNSAPI.dll
0x00007fff1e4b0000 - 0x00007fff1e4bb000 	C:\WINDOWS\SYSTEM32\WINNSI.DLL

VM Arguments:
jvm_args: -Xmx2048m -Dfile.encoding=UTF-8 -Duser.country=PE -Duser.language=es -Duser.variant 
java_command: org.gradle.launcher.daemon.bootstrap.GradleDaemon 6.5
java_class_path (initial): C:\Users\USUARIO\.gradle\wrapper\dists\gradle-6.5-bin\6nifqtx7604sqp1q6g8wikw7p\gradle-6.5\lib\gradle-launcher-6.5.jar
Launcher Type: SUN_STANDARD

Environment Variables:
PATH=C:\Python38\Scripts\;C:\Python38\;C:\Program Files (x86)\Common Files\Oracle\Java\javapath;C:\WINDOWS\system32;C:\WINDOWS;C:\WINDOWS\System32\Wbem;C:\WINDOWS\System32\WindowsPowerShell\v1.0\;C:\WINDOWS\System32\OpenSSH\;C:\Program Files\dotnet\;C:\Program Files\Microsoft\Web Platform Installer\;C:\Program Files (x86)\PHP\v7.4;C:\ProgramData\ComposerSetup\bin;C:\Program Files\nodejs\;C:\ProgramData\chocolatey\bin;C:\Program Files\Microsoft SQL Server\120\Tools\Binn\;C:\Program Files\Microsoft SQL Server\Client SDK\ODBC\110\Tools\Binn\;C:\Program Files (x86)\Microsoft SQL Server\120\Tools\Binn\;C:\Program Files\Microsoft SQL Server\120\DTS\Binn\;C:\Program Files (x86)\Microsoft SQL Server\120\Tools\Binn\ManagementStudio\;C:\Program Files (x86)\Microsoft SQL Server\120\DTS\Binn\;C:\Users\USUARIO\AppData\Roaming\Microsoft\Windows\Start Menu\Programs\GitHub, Inc;C:\Program Files\Git\cmd;C:\Users\USUARIO\AppData\Local\Programs\Python\Python38\Scripts\;C:\Users\USUARIO\AppData\Local\Programs\Python\Python38\;C:\Users\USUARIO\AppData\Local\Microsoft\WindowsApps;C:\Users\USUARIO\AppData\Local\Android\Sdk\platform-tools;C:\Users\USUARIO\AppData\Roaming\Composer\vendor\bin;C:\Users\USUARIO\AppData\Local\Programs\Microsoft VS Code\bin;C:\Users\USUARIO\AppData\Roaming\npm;C:\Program Files\nodejs;C:\src\flutter\bin;C:\Program Files\heroku\bin;C:\Users\USUARIO\AppData\Local\GitHubDesktop\bin;
USERNAME=USUARIO
OS=Windows_NT
PROCESSOR_IDENTIFIER=Intel64 Family 6 Model 158 Stepping 9, GenuineIntel



---------------  S Y S T E M  ---------------

OS: Windows 10.0 , 64 bit Build 19041 (10.0.19041.928)

CPU:total 4 (initial active 4) (4 cores per cpu, 1 threads per core) family 6 model 158 stepping 9, cmov, cx8, fxsr, mmx, sse, sse2, sse3, ssse3, sse4.1, sse4.2, popcnt, avx, avx2, aes, clmul, erms, 3dnowpref, lzcnt, tsc, tscinvbit, bmi1, bmi2, adx

Memory: 4k page, physical 16634000k(1396440k free), swap 66965648k(5292k free)

vm_info: OpenJDK 64-Bit Server VM (25.242-b01) for windows-amd64 JRE (1.8.0_242-release-1644-b01), built by "builder" with MS VC++ 10.0 (VS2010)

time: Mon May 17 17:50:24 2021
timezone: Hora est. Pacífico, Sudamérica
elapsed time: 17 seconds (0d 0h 0m 17s)

