#
# There is insufficient memory for the Java Runtime Environment to continue.
# Native memory allocation (malloc) failed to allocate 1115856 bytes for Chunk::new
# Possible reasons:
#   The system is out of physical RAM or swap space
#   The process is running with CompressedOops enabled, and the Java Heap may be blocking the growth of the native heap
# Possible solutions:
#   Reduce memory load on the system
#   Increase physical memory or swap space
#   Check if swap backing store is full
#   Decrease Java heap size (-Xmx/-Xms)
#   Decrease number of Java threads
#   Decrease Java thread stack sizes (-Xss)
#   Set larger code cache with -XX:ReservedCodeCacheSize=
#   JVM is running with Unscaled Compressed Oops mode in which the Java heap is
#     placed in the first 4GB address space. The Java Heap base address is the
#     maximum limit for the native heap growth. Please use -XX:HeapBaseMinAddress
#     to set the Java Heap base and to place the Java Heap above 4GB virtual address.
# This output file may be truncated or incomplete.
#
#  Out of Memory Error (allocation.cpp:389), pid=18372, tid=0x0000000000004600
#
# JRE version: OpenJDK Runtime Environment (8.0_242-b01) (build 1.8.0_242-release-1644-b01)
# Java VM: OpenJDK 64-Bit Server VM (25.242-b01 mixed mode windows-amd64 compressed oops)
# Failed to write core dump. Minidumps are not enabled by default on client versions of Windows
#

---------------  T H R E A D  ---------------

Current thread (0x0000000017ac3800):  JavaThread "C2 CompilerThread0" daemon [_thread_in_native, id=17920, stack(0x0000000019130000,0x0000000019230000)]

Stack: [0x0000000019130000,0x0000000019230000]
[error occurred during error reporting (printing stack bounds), id 0xc0000005]

Native frames: (J=compiled Java code, j=interpreted, Vv=VM code, C=native code)


Current CompileTask:
C2:   6194 4099   !   4       java.util.jar.Attributes::read (380 bytes)


---------------  P R O C E S S  ---------------

Java Threads: ( => current thread )
  0x0000000020ce8000 JavaThread "pool-1-thread-1" [_thread_blocked, id=13728, stack(0x000000002b1b0000,0x000000002b2b0000)]
  0x0000000020ce7000 JavaThread "Cache worker for Build Output Cleanup Cache (E:\Cristian Japa\Aplicativos Android\TUBOPLAST SAC\REPLICA CHEMA\SM_TUBO_PLAST\.gradle\buildOutputCleanup)" [_thread_blocked, id=6048, stack(0x000000002ab80000,0x000000002ac80000)]
  0x0000000020ce8800 JavaThread "jar transforms Thread 113" [_thread_blocked, id=468, stack(0x000000002a880000,0x000000002a980000)]
  0x0000000020cec800 JavaThread "jar transforms Thread 112" [_thread_blocked, id=8412, stack(0x000000002a780000,0x000000002a880000)]
  0x0000000020ce6800 JavaThread "jar transforms Thread 111" [_thread_blocked, id=2624, stack(0x000000002a680000,0x000000002a780000)]
  0x0000000020ceb800 JavaThread "jar transforms Thread 110" [_thread_blocked, id=11928, stack(0x000000002a580000,0x000000002a680000)]
  0x0000000020cdf000 JavaThread "jar transforms Thread 109" [_thread_blocked, id=17348, stack(0x000000002a480000,0x000000002a580000)]
  0x0000000020ce5800 JavaThread "jar transforms Thread 108" [_thread_blocked, id=3464, stack(0x000000002a380000,0x000000002a480000)]
  0x0000000020ce3800 JavaThread "jar transforms Thread 107" [_thread_blocked, id=17472, stack(0x000000002a280000,0x000000002a380000)]
  0x0000000020ce4000 JavaThread "jar transforms Thread 106" [_thread_blocked, id=2416, stack(0x000000002a180000,0x000000002a280000)]
  0x0000000020ce2000 JavaThread "jar transforms Thread 105" [_thread_blocked, id=17952, stack(0x000000002a080000,0x000000002a180000)]
  0x0000000020ce2800 JavaThread "jar transforms Thread 104" [_thread_blocked, id=17200, stack(0x0000000029f80000,0x000000002a080000)]
  0x0000000020ce0800 JavaThread "jar transforms Thread 103" [_thread_blocked, id=7184, stack(0x0000000029e80000,0x0000000029f80000)]
  0x0000000020ce5000 JavaThread "jar transforms Thread 102" [_thread_blocked, id=16172, stack(0x0000000029d80000,0x0000000029e80000)]
  0x0000000020cdd800 JavaThread "jar transforms Thread 101" [_thread_blocked, id=12060, stack(0x0000000029c80000,0x0000000029d80000)]
  0x0000000020ce1000 JavaThread "jar transforms Thread 100" [_thread_blocked, id=14876, stack(0x0000000029b80000,0x0000000029c80000)]
  0x0000000020cdf800 JavaThread "jar transforms Thread 99" [_thread_blocked, id=17104, stack(0x0000000029a80000,0x0000000029b80000)]
  0x0000000020cde000 JavaThread "jar transforms Thread 98" [_thread_blocked, id=11164, stack(0x0000000029980000,0x0000000029a80000)]
  0x000000001f6df800 JavaThread "jar transforms Thread 97" [_thread_blocked, id=6084, stack(0x0000000029880000,0x0000000029980000)]
  0x000000001f6e2800 JavaThread "jar transforms Thread 96" [_thread_blocked, id=7192, stack(0x0000000029780000,0x0000000029880000)]
  0x000000001f6e1000 JavaThread "jar transforms Thread 95" [_thread_blocked, id=10044, stack(0x0000000029680000,0x0000000029780000)]
  0x000000001f6de800 JavaThread "jar transforms Thread 94" [_thread_blocked, id=9364, stack(0x0000000029580000,0x0000000029680000)]
  0x000000001f6de000 JavaThread "jar transforms Thread 93" [_thread_blocked, id=3912, stack(0x0000000029480000,0x0000000029580000)]
  0x000000001f6dd000 JavaThread "jar transforms Thread 92" [_thread_blocked, id=12208, stack(0x0000000029380000,0x0000000029480000)]
  0x000000001f6e3800 JavaThread "jar transforms Thread 91" [_thread_blocked, id=14204, stack(0x0000000029280000,0x0000000029380000)]
  0x000000001f6e1800 JavaThread "jar transforms Thread 90" [_thread_blocked, id=9848, stack(0x0000000029180000,0x0000000029280000)]
  0x000000001f6e0000 JavaThread "jar transforms Thread 89" [_thread_blocked, id=13636, stack(0x0000000029080000,0x0000000029180000)]
  0x000000001f6d5800 JavaThread "jar transforms Thread 88" [_thread_blocked, id=14640, stack(0x0000000028f80000,0x0000000029080000)]
  0x000000001f6dc800 JavaThread "jar transforms Thread 87" [_thread_blocked, id=15384, stack(0x0000000028e80000,0x0000000028f80000)]
  0x000000001f6d7000 JavaThread "jar transforms Thread 86" [_thread_blocked, id=12556, stack(0x0000000028d80000,0x0000000028e80000)]
  0x000000001f6d5000 JavaThread "jar transforms Thread 85" [_thread_blocked, id=13992, stack(0x0000000028c80000,0x0000000028d80000)]
  0x000000001f6d8800 JavaThread "jar transforms Thread 84" [_thread_blocked, id=15844, stack(0x0000000028b80000,0x0000000028c80000)]
  0x000000001f6db800 JavaThread "jar transforms Thread 83" [_thread_blocked, id=9692, stack(0x0000000028a80000,0x0000000028b80000)]
  0x000000001f6da000 JavaThread "jar transforms Thread 82" [_thread_blocked, id=9964, stack(0x0000000028980000,0x0000000028a80000)]
  0x000000001f6d4000 JavaThread "jar transforms Thread 81" [_thread_blocked, id=436, stack(0x0000000028880000,0x0000000028980000)]
  0x000000001f6d6800 JavaThread "jar transforms Thread 80" [_thread_blocked, id=5964, stack(0x0000000028780000,0x0000000028880000)]
  0x000000001f6db000 JavaThread "jar transforms Thread 79" [_thread_blocked, id=10440, stack(0x0000000028680000,0x0000000028780000)]
  0x000000001f6d9800 JavaThread "jar transforms Thread 78" [_thread_blocked, id=7188, stack(0x0000000028580000,0x0000000028680000)]
  0x000000001f6d8000 JavaThread "jar transforms Thread 77" [_thread_blocked, id=16404, stack(0x0000000028480000,0x0000000028580000)]
  0x0000000019787800 JavaThread "jar transforms Thread 76" [_thread_blocked, id=10720, stack(0x0000000028380000,0x0000000028480000)]
  0x0000000019787000 JavaThread "jar transforms Thread 75" [_thread_blocked, id=4736, stack(0x0000000028280000,0x0000000028380000)]
  0x0000000019786000 JavaThread "jar transforms Thread 74" [_thread_blocked, id=4440, stack(0x0000000028180000,0x0000000028280000)]
  0x0000000019785800 JavaThread "jar transforms Thread 73" [_thread_blocked, id=15288, stack(0x0000000028080000,0x0000000028180000)]
  0x0000000019784800 JavaThread "jar transforms Thread 72" [_thread_blocked, id=13208, stack(0x0000000027f80000,0x0000000028080000)]
  0x0000000019788800 JavaThread "jar transforms Thread 71" [_thread_blocked, id=2612, stack(0x0000000027e80000,0x0000000027f80000)]
  0x0000000019784000 JavaThread "jar transforms Thread 70" [_thread_blocked, id=1812, stack(0x0000000027d80000,0x0000000027e80000)]
  0x0000000019789000 JavaThread "jar transforms Thread 69" [_thread_blocked, id=13328, stack(0x0000000027c80000,0x0000000027d80000)]
  0x000000001977c800 JavaThread "jar transforms Thread 68" [_thread_blocked, id=8868, stack(0x0000000027b80000,0x0000000027c80000)]
  0x0000000019783000 JavaThread "jar transforms Thread 67" [_thread_blocked, id=9040, stack(0x0000000027a80000,0x0000000027b80000)]
  0x0000000019782800 JavaThread "jar transforms Thread 66" [_thread_blocked, id=8356, stack(0x0000000027980000,0x0000000027a80000)]
  0x000000001977b000 JavaThread "jar transforms Thread 65" [_thread_blocked, id=3560, stack(0x0000000027880000,0x0000000027980000)]
  0x0000000019781800 JavaThread "jar transforms Thread 64" [_thread_blocked, id=1328, stack(0x0000000027780000,0x0000000027880000)]
  0x000000001977a000 JavaThread "jar transforms Thread 63" [_thread_blocked, id=7760, stack(0x0000000027680000,0x0000000027780000)]
  0x000000001977e000 JavaThread "jar transforms Thread 62" [_thread_blocked, id=10940, stack(0x0000000027580000,0x0000000027680000)]
  0x000000001977b800 JavaThread "jar transforms Thread 61" [_thread_blocked, id=18168, stack(0x0000000027480000,0x0000000027580000)]
  0x000000001977d000 JavaThread "jar transforms Thread 60" [_thread_blocked, id=11980, stack(0x0000000027380000,0x0000000027480000)]
  0x0000000019781000 JavaThread "jar transforms Thread 59" [_thread_blocked, id=6400, stack(0x0000000027280000,0x0000000027380000)]
  0x0000000019780000 JavaThread "jar transforms Thread 58" [_thread_blocked, id=5220, stack(0x0000000027180000,0x0000000027280000)]
  0x000000001977e800 JavaThread "jar transforms Thread 57" [_thread_blocked, id=5860, stack(0x0000000027080000,0x0000000027180000)]
  0x000000001977f800 JavaThread "jar transforms Thread 56" [_thread_blocked, id=9272, stack(0x0000000026f80000,0x0000000027080000)]
  0x0000000019fc4000 JavaThread "jar transforms Thread 55" [_thread_blocked, id=11628, stack(0x0000000026e80000,0x0000000026f80000)]
  0x0000000019fc3800 JavaThread "jar transforms Thread 54" [_thread_blocked, id=13756, stack(0x0000000026d80000,0x0000000026e80000)]
  0x0000000019fc2800 JavaThread "jar transforms Thread 53" [_thread_blocked, id=8176, stack(0x0000000026c80000,0x0000000026d80000)]
  0x0000000019fc2000 JavaThread "jar transforms Thread 52" [_thread_blocked, id=16660, stack(0x0000000026b80000,0x0000000026c80000)]
  0x0000000019fba800 JavaThread "jar transforms Thread 51" [_thread_blocked, id=17296, stack(0x0000000026a80000,0x0000000026b80000)]
  0x0000000019fc1000 JavaThread "jar transforms Thread 50" [_thread_blocked, id=8136, stack(0x0000000026980000,0x0000000026a80000)]
  0x0000000019fc0800 JavaThread "jar transforms Thread 49" [_thread_blocked, id=7240, stack(0x0000000026880000,0x0000000026980000)]
  0x0000000019fb8800 JavaThread "jar transforms Thread 48" [_thread_blocked, id=7980, stack(0x0000000026780000,0x0000000026880000)]
  0x0000000019fbf800 JavaThread "jar transforms Thread 47" [_thread_blocked, id=11992, stack(0x0000000026680000,0x0000000026780000)]
  0x0000000019fbc800 JavaThread "jar transforms Thread 46" [_thread_blocked, id=5868, stack(0x0000000026580000,0x0000000026680000)]
  0x0000000019fbf000 JavaThread "jar transforms Thread 45" [_thread_blocked, id=4420, stack(0x0000000026480000,0x0000000026580000)]
  0x0000000019fb9800 JavaThread "jar transforms Thread 44" [_thread_blocked, id=14948, stack(0x0000000026380000,0x0000000026480000)]
  0x0000000019fbe000 JavaThread "jar transforms Thread 43" [_thread_blocked, id=7772, stack(0x0000000026280000,0x0000000026380000)]
  0x0000000019fbd800 JavaThread "jar transforms Thread 42" [_thread_blocked, id=10704, stack(0x0000000026180000,0x0000000026280000)]
  0x0000000019fb5800 JavaThread "jar transforms Thread 41" [_thread_blocked, id=17248, stack(0x0000000026080000,0x0000000026180000)]
  0x0000000019fb7000 JavaThread "jar transforms Thread 40" [_thread_blocked, id=16920, stack(0x0000000025f80000,0x0000000026080000)]
  0x0000000019fb5000 JavaThread "jar transforms Thread 39" [_thread_blocked, id=5280, stack(0x0000000025e80000,0x0000000025f80000)]
  0x0000000019fbb000 JavaThread "jar transforms Thread 38" [_thread_blocked, id=15804, stack(0x0000000025d80000,0x0000000025e80000)]
  0x0000000019fb6800 JavaThread "jar transforms Thread 37" [_thread_blocked, id=1260, stack(0x0000000025c80000,0x0000000025d80000)]
  0x0000000019fb8000 JavaThread "jar transforms Thread 36" [_thread_blocked, id=7468, stack(0x0000000025b80000,0x0000000025c80000)]
  0x0000000019fbc000 JavaThread "jar transforms Thread 35" [_thread_blocked, id=12012, stack(0x0000000025a80000,0x0000000025b80000)]
  0x000000001a66d800 JavaThread "jar transforms Thread 34" [_thread_blocked, id=15564, stack(0x0000000025980000,0x0000000025a80000)]
  0x000000001a66d000 JavaThread "jar transforms Thread 33" [_thread_blocked, id=17432, stack(0x0000000025880000,0x0000000025980000)]
  0x000000001a66c000 JavaThread "jar transforms Thread 32" [_thread_blocked, id=12600, stack(0x0000000025780000,0x0000000025880000)]
  0x000000001a66b800 JavaThread "jar transforms Thread 31" [_thread_blocked, id=14152, stack(0x0000000025680000,0x0000000025780000)]
  0x000000001a664000 JavaThread "jar transforms Thread 30" [_thread_blocked, id=2184, stack(0x0000000025580000,0x0000000025680000)]
  0x000000001a66a800 JavaThread "jar transforms Thread 29" [_thread_blocked, id=12156, stack(0x0000000025480000,0x0000000025580000)]
  0x000000001a66a000 JavaThread "jar transforms Thread 28" [_thread_blocked, id=7652, stack(0x0000000025380000,0x0000000025480000)]
  0x000000001a669000 JavaThread "jar transforms Thread 27" [_thread_blocked, id=5184, stack(0x0000000025280000,0x0000000025380000)]
  0x000000001a664800 JavaThread "jar transforms Thread 26" [_thread_blocked, id=16796, stack(0x0000000025180000,0x0000000025280000)]
  0x000000001a668800 JavaThread "jar transforms Thread 25" [_thread_blocked, id=4292, stack(0x0000000025080000,0x0000000025180000)]
  0x000000001a667800 JavaThread "jar transforms Thread 24" [_thread_blocked, id=17904, stack(0x0000000024f80000,0x0000000025080000)]
  0x000000001a661000 JavaThread "jar transforms Thread 23" [_thread_blocked, id=14208, stack(0x0000000024e80000,0x0000000024f80000)]
  0x000000001a660000 JavaThread "jar transforms Thread 22" [_thread_blocked, id=10536, stack(0x0000000024d80000,0x0000000024e80000)]
  0x000000001a667000 JavaThread "jar transforms Thread 21" [_thread_blocked, id=17516, stack(0x0000000024c80000,0x0000000024d80000)]
  0x000000001a665800 JavaThread "jar transforms Thread 20" [_thread_blocked, id=9916, stack(0x0000000024b80000,0x0000000024c80000)]
  0x000000001a65f800 JavaThread "jar transforms Thread 19" [_thread_blocked, id=18048, stack(0x0000000024a80000,0x0000000024b80000)]
  0x000000001a666000 JavaThread "jar transforms Thread 18" [_thread_blocked, id=13664, stack(0x0000000024980000,0x0000000024a80000)]
  0x000000001a663000 JavaThread "jar transforms Thread 17" [_thread_blocked, id=6452, stack(0x0000000024880000,0x0000000024980000)]
  0x000000001a65e800 JavaThread "jar transforms Thread 16" [_thread_blocked, id=18220, stack(0x0000000024780000,0x0000000024880000)]
  0x000000001a662800 JavaThread "jar transforms Thread 15" [_thread_blocked, id=14156, stack(0x0000000024680000,0x0000000024780000)]
  0x000000001a661800 JavaThread "jar transforms Thread 14" [_thread_blocked, id=12724, stack(0x0000000024580000,0x0000000024680000)]
  0x000000001f150800 JavaThread "jar transforms Thread 13" [_thread_blocked, id=9124, stack(0x0000000024480000,0x0000000024580000)]
  0x000000001f14f800 JavaThread "jar transforms Thread 12" [_thread_blocked, id=11032, stack(0x0000000024380000,0x0000000024480000)]
  0x000000001f156800 JavaThread "jar transforms Thread 11" [_thread_blocked, id=8196, stack(0x0000000024280000,0x0000000024380000)]
  0x000000001f155800 JavaThread "jar transforms Thread 10" [_thread_blocked, id=3600, stack(0x0000000024180000,0x0000000024280000)]
  0x000000001f155000 JavaThread "jar transforms Thread 9" [_thread_blocked, id=1464, stack(0x0000000024080000,0x0000000024180000)]
  0x000000001f154000 JavaThread "jar transforms Thread 8" [_thread_blocked, id=12736, stack(0x0000000023f80000,0x0000000024080000)]
  0x000000001f152000 JavaThread "jar transforms Thread 7" [_thread_blocked, id=9260, stack(0x0000000023e80000,0x0000000023f80000)]
  0x000000001f152800 JavaThread "jar transforms Thread 6" [_thread_blocked, id=8460, stack(0x0000000023d80000,0x0000000023e80000)]
  0x000000001f153800 JavaThread "jar transforms Thread 5" [_thread_blocked, id=10612, stack(0x0000000023c80000,0x0000000023d80000)]
  0x000000001f14c800 JavaThread "jar transforms Thread 4" [_thread_blocked, id=12632, stack(0x0000000023b80000,0x0000000023c80000)]
  0x000000001f14c000 JavaThread "jar transforms Thread 3" [_thread_blocked, id=5548, stack(0x0000000023a80000,0x0000000023b80000)]
  0x000000001f14b000 JavaThread "jar transforms Thread 2" [_thread_blocked, id=13632, stack(0x0000000023980000,0x0000000023a80000)]
  0x000000001f151000 JavaThread "Build operations Thread 4" [_thread_blocked, id=16168, stack(0x0000000023880000,0x0000000023980000)]
  0x000000001f148000 JavaThread "Build operations Thread 3" [_thread_blocked, id=17856, stack(0x0000000023780000,0x0000000023880000)]
  0x000000001f14a800 JavaThread "Build operations Thread 2" [_thread_blocked, id=5160, stack(0x0000000023680000,0x0000000023780000)]
  0x000000001f149000 JavaThread "Build operations" [_thread_blocked, id=14588, stack(0x0000000023580000,0x0000000023680000)]
  0x0000000019d4b000 JavaThread "Cache worker for file content cache (C:\Users\USUARIO\.gradle\caches\6.5\fileContent)" [_thread_blocked, id=12628, stack(0x0000000021eb0000,0x0000000021fb0000)]
  0x0000000019d48000 JavaThread "jar transforms" [_thread_blocked, id=5048, stack(0x0000000021db0000,0x0000000021eb0000)]
  0x0000000019d46800 JavaThread "Cache worker for execution history cache (C:\Users\USUARIO\.gradle\caches\6.5\executionHistory)" [_thread_blocked, id=10396, stack(0x00000000216b0000,0x00000000217b0000)]
  0x0000000019d45000 JavaThread "Cache worker for cache directory md-rule (C:\Users\USUARIO\.gradle\caches\6.5\md-rule)" [_thread_blocked, id=4684, stack(0x00000000215b0000,0x00000000216b0000)]
  0x0000000019d49800 JavaThread "Cache worker for cache directory md-supplier (C:\Users\USUARIO\.gradle\caches\6.5\md-supplier)" [_thread_blocked, id=7820, stack(0x0000000020250000,0x0000000020350000)]
  0x0000000019d47000 JavaThread "Cache worker for checksums cache (E:\Cristian Japa\Aplicativos Android\TUBOPLAST SAC\REPLICA CHEMA\SM_TUBO_PLAST\.gradle\checksums)" [_thread_blocked, id=16088, stack(0x0000000020150000,0x0000000020250000)]
  0x0000000019d48800 JavaThread "Cache worker for file hash cache (E:\Cristian Japa\Aplicativos Android\TUBOPLAST SAC\REPLICA CHEMA\SM_TUBO_PLAST\.gradle\6.5\fileHashes)" [_thread_blocked, id=1760, stack(0x000000001dc80000,0x000000001dd80000)]
  0x0000000019d4b800 JavaThread "Cache worker for file hash cache (C:\Users\USUARIO\.gradle\caches\6.5\fileHashes)" [_thread_blocked, id=12076, stack(0x000000001db80000,0x000000001dc80000)]
  0x0000000019d45800 JavaThread "File lock request listener" [_thread_in_native, id=8636, stack(0x000000001da80000,0x000000001db80000)]
  0x000000001b735000 JavaThread "Cache worker for journal cache (C:\Users\USUARIO\.gradle\caches\journal-1)" [_thread_blocked, id=9376, stack(0x000000001d880000,0x000000001d980000)]
  0x000000001b631000 JavaThread "Thread-9" [_thread_blocked, id=10620, stack(0x000000001d580000,0x000000001d680000)]
  0x000000001b630800 JavaThread "Stdin handler" [_thread_blocked, id=16032, stack(0x000000001d480000,0x000000001d580000)]
  0x000000001b635000 JavaThread "Asynchronous log dispatcher for DefaultDaemonConnection: socket connection from /127.0.0.1:55904 to /127.0.0.1:55905" [_thread_blocked, id=14408, stack(0x000000001d380000,0x000000001d480000)]
  0x000000001b632800 JavaThread "Daemon worker" [_thread_in_Java, id=7492, stack(0x000000001d280000,0x000000001d380000)]
  0x000000001b65f800 JavaThread "Cancel handler" [_thread_blocked, id=11632, stack(0x000000001d180000,0x000000001d280000)]
  0x000000001b5f2800 JavaThread "Handler for socket connection from /127.0.0.1:55904 to /127.0.0.1:55905" [_thread_in_native, id=8296, stack(0x000000001d080000,0x000000001d180000)]
  0x000000001b5ed800 JavaThread "Daemon" [_thread_blocked, id=3180, stack(0x000000001cf80000,0x000000001d080000)]
  0x000000001b5bf000 JavaThread "Daemon periodic checks" [_thread_blocked, id=7352, stack(0x000000001cc80000,0x000000001cd80000)]
  0x000000001b5c5800 JavaThread "Incoming local TCP Connector on port 55904" [_thread_in_native, id=4568, stack(0x000000001ca10000,0x000000001cb10000)]
  0x000000001b49c000 JavaThread "Daemon health stats" [_thread_blocked, id=636, stack(0x000000001c3d0000,0x000000001c4d0000)]
  0x0000000019468800 JavaThread "Service Thread" daemon [_thread_blocked, id=14164, stack(0x0000000019830000,0x0000000019930000)]
  0x0000000017adb800 JavaThread "C1 CompilerThread2" daemon [_thread_blocked, id=260, stack(0x0000000019330000,0x0000000019430000)]
  0x0000000017acc000 JavaThread "C2 CompilerThread1" daemon [_thread_in_native, id=15440, stack(0x0000000019230000,0x0000000019330000)]
=>0x0000000017ac3800 JavaThread "C2 CompilerThread0" daemon [_thread_in_native, id=17920, stack(0x0000000019130000,0x0000000019230000)]
  0x0000000017ac3000 JavaThread "Attach Listener" daemon [_thread_blocked, id=15392, stack(0x0000000019030000,0x0000000019130000)]
  0x0000000017ac7800 JavaThread "Signal Dispatcher" daemon [_thread_blocked, id=10016, stack(0x0000000018f30000,0x0000000019030000)]
  0x0000000002dcd000 JavaThread "Finalizer" daemon [_thread_blocked, id=14484, stack(0x0000000018d10000,0x0000000018e10000)]
  0x0000000002dc4000 JavaThread "Reference Handler" daemon [_thread_blocked, id=10112, stack(0x0000000018c10000,0x0000000018d10000)]
  0x0000000002cd2800 JavaThread "main" [_thread_blocked, id=7512, stack(0x0000000002bb0000,0x0000000002cb0000)]

Other Threads:
  0x0000000017a86800 VMThread [stack: 0x0000000018b10000,0x0000000018c10000] [id=3160]
  0x0000000017b1b800 WatcherThread [stack: 0x0000000019930000,0x0000000019a30000] [id=11688]

VM state:not at safepoint (normal execution)

VM Mutex/Monitor currently owned by a thread: None

heap address: 0x0000000080000000, size: 2048 MB, Compressed Oops mode: 32-bit
Narrow klass base: 0x0000000000000000, Narrow klass shift: 3
Compressed class space size: 1073741824 Address: 0x0000000100000000

Heap:
 PSYoungGen      total 165888K, used 101771K [0x00000000d5580000, 0x00000000e1f00000, 0x0000000100000000)
  eden space 159744K, 60% used [0x00000000d5580000,0x00000000db337858,0x00000000df180000)
  from space 6144K, 94% used [0x00000000e1900000,0x00000000e1eab698,0x00000000e1f00000)
  to   space 11776K, 0% used [0x00000000e0800000,0x00000000e0800000,0x00000000e1380000)
 ParOldGen       total 91648K, used 14951K [0x0000000080000000, 0x0000000085980000, 0x00000000d5580000)
  object space 91648K, 16% used [0x0000000080000000,0x0000000080e99fa0,0x0000000085980000)
 Metaspace       used 45674K, capacity 47574K, committed 47832K, reserved 1091584K
  class space    used 6175K, capacity 6549K, committed 6656K, reserved 1048576K

Card table byte_map: [0x0000000012260000,0x0000000012670000] byte_map_base: 0x0000000011e60000

Marking Bits: (ParMarkBitMap*) 0x0000000062f2f030
 Begin Bits: [0x0000000012d20000, 0x0000000014d20000)
 End Bits:   [0x0000000014d20000, 0x0000000016d20000)

Polling page: 0x0000000001380000

CodeCache: size=245760Kb used=14318Kb max_used=14331Kb free=231441Kb
 bounds [0x0000000002ea0000, 0x0000000003cb0000, 0x0000000011ea0000]
 total_blobs=4882 nmethods=4142 adapters=653
 compilation: enabled

Compilation events (10 events):
Event: 6.163 Thread 0x0000000017adb800 4180       2       java.math.BigInteger::bitLengthForInt (8 bytes)
Event: 6.163 Thread 0x0000000017adb800 nmethod 4180 0x0000000003c8e250 code [0x0000000003c8e3a0, 0x0000000003c8e508]
Event: 6.163 Thread 0x0000000017adb800 4182       2       java.math.BigInteger::squareToLen (33 bytes)
Event: 6.164 Thread 0x0000000017adb800 nmethod 4182 0x0000000003c8e590 code [0x0000000003c8e700, 0x0000000003c8e958]
Event: 6.164 Thread 0x0000000017adb800 4183       2       java.math.BigInteger::implSquareToLenChecks (198 bytes)
Event: 6.164 Thread 0x0000000017adb800 nmethod 4183 0x0000000003c8ea50 code [0x0000000003c8ed60, 0x0000000003c8fc78]
Event: 6.187 Thread 0x0000000017adb800 4184       2       org.gradle.internal.service.DefaultServiceRegistry::find (28 bytes)
Event: 6.188 Thread 0x0000000017adb800 nmethod 4184 0x0000000003c90750 code [0x0000000003c908e0, 0x0000000003c90b08]
Event: 6.188 Thread 0x0000000017adb800 4185       2       org.gradle.internal.service.DefaultServiceRegistry::getService (13 bytes)
Event: 6.188 Thread 0x0000000017adb800 nmethod 4185 0x0000000003c90c50 code [0x0000000003c90dc0, 0x0000000003c90f78]

GC Heap History (10 events):
Event: 3.750 GC heap before
{Heap before GC invocations=6 (full 1):
 PSYoungGen      total 75776K, used 65024K [0x00000000d5580000, 0x00000000de980000, 0x0000000100000000)
  eden space 65024K, 100% used [0x00000000d5580000,0x00000000d9500000,0x00000000d9500000)
  from space 10752K, 0% used [0x00000000d9f80000,0x00000000d9f80000,0x00000000daa00000)
  to   space 10752K, 0% used [0x00000000d9500000,0x00000000d9500000,0x00000000d9f80000)
 ParOldGen       total 91648K, used 7133K [0x0000000080000000, 0x0000000085980000, 0x00000000d5580000)
  object space 91648K, 7% used [0x0000000080000000,0x00000000806f7440,0x0000000085980000)
 Metaspace       used 28196K, capacity 29060K, committed 29312K, reserved 1075200K
  class space    used 3887K, capacity 4132K, committed 4224K, reserved 1048576K
Event: 3.755 GC heap after
Heap after GC invocations=6 (full 1):
 PSYoungGen      total 75776K, used 7945K [0x00000000d5580000, 0x00000000dd780000, 0x0000000100000000)
  eden space 65024K, 0% used [0x00000000d5580000,0x00000000d5580000,0x00000000d9500000)
  from space 10752K, 73% used [0x00000000d9500000,0x00000000d9cc2540,0x00000000d9f80000)
  to   space 11776K, 0% used [0x00000000dcc00000,0x00000000dcc00000,0x00000000dd780000)
 ParOldGen       total 91648K, used 7141K [0x0000000080000000, 0x0000000085980000, 0x00000000d5580000)
  object space 91648K, 7% used [0x0000000080000000,0x00000000806f9440,0x0000000085980000)
 Metaspace       used 28196K, capacity 29060K, committed 29312K, reserved 1075200K
  class space    used 3887K, capacity 4132K, committed 4224K, reserved 1048576K
}
Event: 4.247 GC heap before
{Heap before GC invocations=7 (full 1):
 PSYoungGen      total 75776K, used 72969K [0x00000000d5580000, 0x00000000dd780000, 0x0000000100000000)
  eden space 65024K, 100% used [0x00000000d5580000,0x00000000d9500000,0x00000000d9500000)
  from space 10752K, 73% used [0x00000000d9500000,0x00000000d9cc2540,0x00000000d9f80000)
  to   space 11776K, 0% used [0x00000000dcc00000,0x00000000dcc00000,0x00000000dd780000)
 ParOldGen       total 91648K, used 7141K [0x0000000080000000, 0x0000000085980000, 0x00000000d5580000)
  object space 91648K, 7% used [0x0000000080000000,0x00000000806f9440,0x0000000085980000)
 Metaspace       used 32677K, capacity 33842K, committed 33920K, reserved 1079296K
  class space    used 4459K, capacity 4724K, committed 4736K, reserved 1048576K
Event: 4.254 GC heap after
Heap after GC invocations=7 (full 1):
 PSYoungGen      total 120320K, used 9461K [0x00000000d5580000, 0x00000000dd780000, 0x0000000100000000)
  eden space 108544K, 0% used [0x00000000d5580000,0x00000000d5580000,0x00000000dbf80000)
  from space 11776K, 80% used [0x00000000dcc00000,0x00000000dd53d630,0x00000000dd780000)
  to   space 12288K, 0% used [0x00000000dbf80000,0x00000000dbf80000,0x00000000dcb80000)
 ParOldGen       total 91648K, used 7149K [0x0000000080000000, 0x0000000085980000, 0x00000000d5580000)
  object space 91648K, 7% used [0x0000000080000000,0x00000000806fb440,0x0000000085980000)
 Metaspace       used 32677K, capacity 33842K, committed 33920K, reserved 1079296K
  class space    used 4459K, capacity 4724K, committed 4736K, reserved 1048576K
}
Event: 4.561 GC heap before
{Heap before GC invocations=8 (full 1):
 PSYoungGen      total 120320K, used 41932K [0x00000000d5580000, 0x00000000dd780000, 0x0000000100000000)
  eden space 108544K, 29% used [0x00000000d5580000,0x00000000d7535ca0,0x00000000dbf80000)
  from space 11776K, 80% used [0x00000000dcc00000,0x00000000dd53d630,0x00000000dd780000)
  to   space 12288K, 0% used [0x00000000dbf80000,0x00000000dbf80000,0x00000000dcb80000)
 ParOldGen       total 91648K, used 7149K [0x0000000080000000, 0x0000000085980000, 0x00000000d5580000)
  object space 91648K, 7% used [0x0000000080000000,0x00000000806fb440,0x0000000085980000)
 Metaspace       used 33996K, capacity 35182K, committed 35416K, reserved 1079296K
  class space    used 4670K, capacity 4970K, committed 4992K, reserved 1048576K
Event: 4.577 GC heap after
Heap after GC invocations=8 (full 1):
 PSYoungGen      total 120832K, used 8470K [0x00000000d5580000, 0x00000000e2480000, 0x0000000100000000)
  eden space 108544K, 0% used [0x00000000d5580000,0x00000000d5580000,0x00000000dbf80000)
  from space 12288K, 68% used [0x00000000dbf80000,0x00000000dc7c5b48,0x00000000dcb80000)
  to   space 11776K, 0% used [0x00000000e1900000,0x00000000e1900000,0x00000000e2480000)
 ParOldGen       total 91648K, used 7149K [0x0000000080000000, 0x0000000085980000, 0x00000000d5580000)
  object space 91648K, 7% used [0x0000000080000000,0x00000000806fb440,0x0000000085980000)
 Metaspace       used 33996K, capacity 35182K, committed 35416K, reserved 1079296K
  class space    used 4670K, capacity 4970K, committed 4992K, reserved 1048576K
}
Event: 4.577 GC heap before
{Heap before GC invocations=9 (full 2):
 PSYoungGen      total 120832K, used 8470K [0x00000000d5580000, 0x00000000e2480000, 0x0000000100000000)
  eden space 108544K, 0% used [0x00000000d5580000,0x00000000d5580000,0x00000000dbf80000)
  from space 12288K, 68% used [0x00000000dbf80000,0x00000000dc7c5b48,0x00000000dcb80000)
  to   space 11776K, 0% used [0x00000000e1900000,0x00000000e1900000,0x00000000e2480000)
 ParOldGen       total 91648K, used 7149K [0x0000000080000000, 0x0000000085980000, 0x00000000d5580000)
  object space 91648K, 7% used [0x0000000080000000,0x00000000806fb440,0x0000000085980000)
 Metaspace       used 33996K, capacity 35182K, committed 35416K, reserved 1079296K
  class space    used 4670K, capacity 4970K, committed 4992K, reserved 1048576K
Event: 4.634 GC heap after
Heap after GC invocations=9 (full 2):
 PSYoungGen      total 120832K, used 0K [0x00000000d5580000, 0x00000000e2480000, 0x0000000100000000)
  eden space 108544K, 0% used [0x00000000d5580000,0x00000000d5580000,0x00000000dbf80000)
  from space 12288K, 0% used [0x00000000dbf80000,0x00000000dbf80000,0x00000000dcb80000)
  to   space 11776K, 0% used [0x00000000e1900000,0x00000000e1900000,0x00000000e2480000)
 ParOldGen       total 91648K, used 14943K [0x0000000080000000, 0x0000000085980000, 0x00000000d5580000)
  object space 91648K, 16% used [0x0000000080000000,0x0000000080e97fa0,0x0000000085980000)
 Metaspace       used 33996K, capacity 35182K, committed 35416K, reserved 1079296K
  class space    used 4670K, capacity 4970K, committed 4992K, reserved 1048576K
}
Event: 5.270 GC heap before
{Heap before GC invocations=10 (full 2):
 PSYoungGen      total 120832K, used 108544K [0x00000000d5580000, 0x00000000e2480000, 0x0000000100000000)
  eden space 108544K, 100% used [0x00000000d5580000,0x00000000dbf80000,0x00000000dbf80000)
  from space 12288K, 0% used [0x00000000dbf80000,0x00000000dbf80000,0x00000000dcb80000)
  to   space 11776K, 0% used [0x00000000e1900000,0x00000000e1900000,0x00000000e2480000)
 ParOldGen       total 91648K, used 14943K [0x0000000080000000, 0x0000000085980000, 0x00000000d5580000)
  object space 91648K, 16% used [0x0000000080000000,0x0000000080e97fa0,0x0000000085980000)
 Metaspace       used 36611K, capacity 38182K, committed 38360K, reserved 1083392K
  class space    used 5030K, capacity 5340K, committed 5376K, reserved 1048576K
Event: 5.276 GC heap after
Heap after GC invocations=10 (full 2):
 PSYoungGen      total 165888K, used 5805K [0x00000000d5580000, 0x00000000e1f00000, 0x0000000100000000)
  eden space 159744K, 0% used [0x00000000d5580000,0x00000000d5580000,0x00000000df180000)
  from space 6144K, 94% used [0x00000000e1900000,0x00000000e1eab698,0x00000000e1f00000)
  to   space 11776K, 0% used [0x00000000e0800000,0x00000000e0800000,0x00000000e1380000)
 ParOldGen       total 91648K, used 14951K [0x0000000080000000, 0x0000000085980000, 0x00000000d5580000)
  object space 91648K, 16% used [0x0000000080000000,0x0000000080e99fa0,0x0000000085980000)
 Metaspace       used 36611K, capacity 38182K, committed 38360K, reserved 1083392K
  class space    used 5030K, capacity 5340K, committed 5376K, reserved 1048576K
}

Deoptimization events (10 events):
Event: 6.130 Thread 0x000000001b632800 Uncommon trap: reason=unstable_if action=reinterpret pc=0x0000000003a25eec method=java.util.jar.JarFile.maybeInstantiateVerifier()V @ 4
Event: 6.131 Thread 0x000000001b632800 Uncommon trap: reason=predicate action=maybe_recompile pc=0x0000000003bd57b4 method=sun.misc.Resource.getBytes()[B @ 53
Event: 6.131 Thread 0x000000001b632800 Uncommon trap: reason=unstable_if action=reinterpret pc=0x0000000003a28214 method=java.util.jar.JarFile.maybeInstantiateVerifier()V @ 4
Event: 6.132 Thread 0x000000001b632800 Uncommon trap: reason=unstable_if action=reinterpret pc=0x00000000034fd02c method=java.security.CodeSource.getCertificates()[Ljava/security/cert/Certificate; @ 22
Event: 6.132 Thread 0x000000001b632800 Uncommon trap: reason=unstable_if action=reinterpret pc=0x00000000033d47f0 method=java.util.jar.JarFile.maybeInstantiateVerifier()V @ 4
Event: 6.133 Thread 0x000000001b632800 Uncommon trap: reason=unstable_if action=reinterpret pc=0x0000000003be8828 method=java.security.CodeSource.matchCerts(Ljava/security/CodeSource;Z)Z @ 11
Event: 6.133 Thread 0x000000001b632800 Uncommon trap: reason=unstable_if action=reinterpret pc=0x0000000003bbf7e8 method=java.security.CodeSource.getCertificates()[Ljava/security/cert/Certificate; @ 4
Event: 6.133 Thread 0x000000001b632800 Uncommon trap: reason=unstable_if action=reinterpret pc=0x0000000003bbf7e8 method=java.security.CodeSource.getCertificates()[Ljava/security/cert/Certificate; @ 4
Event: 6.152 Thread 0x000000001b632800 Uncommon trap: reason=unstable_if action=reinterpret pc=0x00000000038a00b4 method=java.util.LinkedHashMap.get(Ljava/lang/Object;)Ljava/lang/Object; @ 20
Event: 6.185 Thread 0x000000001b632800 Uncommon trap: reason=unstable_if action=reinterpret pc=0x0000000003be5344 method=java.security.CodeSource.matchCerts(Ljava/security/CodeSource;Z)Z @ 11

Classes redefined (0 events):
No events

Internal exceptions (10 events):
Event: 5.368 Thread 0x000000001b631000 Exception <a 'java/lang/NoSuchMethodError': <clinit>> (0x00000000d57e5da8) thrown at [C:\src\AOSP-openjdk-git\hotspot\src\share\vm\prims\jni.cpp, line 1615]
Event: 5.369 Thread 0x000000001b631000 Exception <a 'java/lang/NoSuchMethodError': <clinit>> (0x00000000d57f9178) thrown at [C:\src\AOSP-openjdk-git\hotspot\src\share\vm\prims\jni.cpp, line 1615]
Event: 5.391 Thread 0x000000001b632800 Exception <a 'java/lang/ClassNotFoundException': build_n63lyrysr3j17l9d046jalb5BeanInfo> (0x00000000d5fc7218) thrown at [C:\src\AOSP-openjdk-git\hotspot\src\share\vm\classfile\systemDictionary.cpp, line 210]
Event: 5.392 Thread 0x000000001b632800 Exception <a 'java/lang/ClassNotFoundException': build_n63lyrysr3j17l9d046jalb5Customizer> (0x00000000d5fd2e38) thrown at [C:\src\AOSP-openjdk-git\hotspot\src\share\vm\classfile\systemDictionary.cpp, line 210]
Event: 5.397 Thread 0x000000001b632800 Exception <a 'java/lang/ClassNotFoundException': org/gradle/plugin/use/internal/PluginRequestCollector$PluginDependenciesSpecImplBeanInfo> (0x00000000d6072978) thrown at [C:\src\AOSP-openjdk-git\hotspot\src\share\vm\classfile\systemDictionary.cpp, line 21
Event: 5.398 Thread 0x000000001b632800 Exception <a 'java/lang/ClassNotFoundException': org/gradle/plugin/use/internal/PluginRequestCollector$PluginDependenciesSpecImplCustomizer> (0x00000000d60b28b8) thrown at [C:\src\AOSP-openjdk-git\hotspot\src\share\vm\classfile\systemDictionary.cpp, line 
Event: 5.424 Thread 0x000000001b632800 Exception <a 'java/lang/ClassNotFoundException': org/gradle/api/internal/plugins/DefaultObjectConfigurationActionBeanInfo> (0x00000000d64c4628) thrown at [C:\src\AOSP-openjdk-git\hotspot\src\share\vm\classfile\systemDictionary.cpp, line 210]
Event: 5.425 Thread 0x000000001b632800 Exception <a 'java/lang/ClassNotFoundException': org/gradle/api/internal/plugins/DefaultObjectConfigurationActionCustomizer> (0x00000000d650b4d8) thrown at [C:\src\AOSP-openjdk-git\hotspot\src\share\vm\classfile\systemDictionary.cpp, line 210]
Event: 5.700 Thread 0x000000001b632800 Exception <a 'sun/nio/fs/WindowsException'> (0x00000000d7ebf320) thrown at [C:\src\AOSP-openjdk-git\hotspot\src\share\vm\prims\jni.cpp, line 710]
Event: 6.076 Thread 0x000000001b632800 Implicit null exception at 0x0000000003a84568 to 0x0000000003a84aad

Events (10 events):
Event: 6.191 loading class com/android/builder/model/ApiVersion
Event: 6.191 loading class com/android/builder/model/ApiVersion done
Event: 6.191 loading class com/android/build/gradle/internal/dsl/AarMetadata
Event: 6.191 loading class com/android/build/gradle/internal/dsl/AarMetadata done
Event: 6.192 loading class com/android/build/api/dsl/AarMetadata
Event: 6.192 loading class com/android/build/api/dsl/AarMetadata done
Event: 6.192 loading class com/android/build/api/dsl/Shaders
Event: 6.192 loading class com/android/build/api/dsl/Shaders done
Event: 6.192 loading class com/android/build/gradle/internal/dsl/ShaderOptions
Event: 6.192 loading class com/android/build/gradle/internal/dsl/ShaderOptions done


Dynamic libraries:
0x00007ff7a5440000 - 0x00007ff7a5471000 	C:\Program Files\Android\Android Studio\jre\bin\java.exe
0x00007fff26130000 - 0x00007fff26325000 	C:\WINDOWS\SYSTEM32\ntdll.dll
0x00007fff24200000 - 0x00007fff242bd000 	C:\WINDOWS\System32\KERNEL32.DLL
0x00007fff23dc0000 - 0x00007fff24088000 	C:\WINDOWS\System32\KERNELBASE.dll
0x00007fff24620000 - 0x00007fff246cc000 	C:\WINDOWS\System32\ADVAPI32.dll
0x00007fff24ce0000 - 0x00007fff24d7e000 	C:\WINDOWS\System32\msvcrt.dll
0x00007fff242c0000 - 0x00007fff2435b000 	C:\WINDOWS\System32\sechost.dll
0x00007fff25910000 - 0x00007fff25a3b000 	C:\WINDOWS\System32\RPCRT4.dll
0x00007fff25ea0000 - 0x00007fff26040000 	C:\WINDOWS\System32\USER32.dll
0x00007fff23870000 - 0x00007fff23892000 	C:\WINDOWS\System32\win32u.dll
0x00007fff24770000 - 0x00007fff2479a000 	C:\WINDOWS\System32\GDI32.dll
0x00007fff238a0000 - 0x00007fff239ab000 	C:\WINDOWS\System32\gdi32full.dll
0x00007fff23ab0000 - 0x00007fff23b4d000 	C:\WINDOWS\System32\msvcp_win.dll
0x00007fff24090000 - 0x00007fff24190000 	C:\WINDOWS\System32\ucrtbase.dll
0x00007fff1c490000 - 0x00007fff1c72a000 	C:\WINDOWS\WinSxS\amd64_microsoft.windows.common-controls_6595b64144ccf1df_6.0.19041.844_none_ca00b6081b84eb1d\COMCTL32.dll
0x00007fff24510000 - 0x00007fff24540000 	C:\WINDOWS\System32\IMM32.DLL
0x000000005fab0000 - 0x000000005fb82000 	C:\Program Files\Android\Android Studio\jre\jre\bin\msvcr100.dll
0x0000000062760000 - 0x0000000062fab000 	C:\Program Files\Android\Android Studio\jre\jre\bin\server\jvm.dll
0x00007fff241f0000 - 0x00007fff241f8000 	C:\WINDOWS\System32\PSAPI.DLL
0x00007fff15350000 - 0x00007fff15359000 	C:\WINDOWS\SYSTEM32\WSOCK32.dll
0x00007fff1a0c0000 - 0x00007fff1a0e7000 	C:\WINDOWS\SYSTEM32\WINMM.dll
0x00007fff1be60000 - 0x00007fff1be6a000 	C:\WINDOWS\SYSTEM32\VERSION.dll
0x00007fff258a0000 - 0x00007fff2590b000 	C:\WINDOWS\System32\WS2_32.dll
0x00007fff181c0000 - 0x00007fff181cf000 	C:\Program Files\Android\Android Studio\jre\jre\bin\verify.dll
0x00007fff153f0000 - 0x00007fff15419000 	C:\Program Files\Android\Android Studio\jre\jre\bin\java.dll
0x00007fff15ea0000 - 0x00007fff15eb6000 	C:\Program Files\Android\Android Studio\jre\jre\bin\zip.dll
0x00007fff25140000 - 0x00007fff25882000 	C:\WINDOWS\System32\SHELL32.dll
0x00007fff219c0000 - 0x00007fff22150000 	C:\WINDOWS\SYSTEM32\windows.storage.dll
0x00007fff24de0000 - 0x00007fff25135000 	C:\WINDOWS\System32\combase.dll
0x00007fff23210000 - 0x00007fff2323c000 	C:\WINDOWS\SYSTEM32\Wldp.dll
0x00007fff26040000 - 0x00007fff260ee000 	C:\WINDOWS\System32\SHCORE.dll
0x00007fff25c10000 - 0x00007fff25c65000 	C:\WINDOWS\System32\shlwapi.dll
0x00007fff237b0000 - 0x00007fff237cf000 	C:\WINDOWS\SYSTEM32\profapi.dll
0x00007fff15de0000 - 0x00007fff15dfa000 	C:\Program Files\Android\Android Studio\jre\jre\bin\net.dll
0x00007fff22f80000 - 0x00007fff22fea000 	C:\WINDOWS\system32\mswsock.dll
0x00007fff12430000 - 0x00007fff12443000 	C:\Program Files\Android\Android Studio\jre\jre\bin\nio.dll
0x00007fff19cb0000 - 0x00007fff19cd7000 	C:\Users\USUARIO\.gradle\native\f6784746aeab05261644944871eae4fe03e0ef1612fff0a4a95f87b438bc6780\windows-amd64\native-platform.dll
0x00007fff181b0000 - 0x00007fff181bd000 	C:\Program Files\Android\Android Studio\jre\jre\bin\management.dll
0x00007fff23150000 - 0x00007fff23168000 	C:\WINDOWS\SYSTEM32\CRYPTSP.dll
0x00007fff22920000 - 0x00007fff22954000 	C:\WINDOWS\system32\rsaenh.dll
0x00007fff23a80000 - 0x00007fff23aa7000 	C:\WINDOWS\System32\bcrypt.dll
0x00007fff23770000 - 0x00007fff2379e000 	C:\WINDOWS\SYSTEM32\USERENV.dll
0x00007fff23a00000 - 0x00007fff23a80000 	C:\WINDOWS\System32\bcryptprimitives.dll
0x00007fff23170000 - 0x00007fff2317c000 	C:\WINDOWS\SYSTEM32\CRYPTBASE.dll
0x00007fff22c70000 - 0x00007fff22cab000 	C:\WINDOWS\SYSTEM32\IPHLPAPI.DLL
0x00007fff24760000 - 0x00007fff24768000 	C:\WINDOWS\System32\NSI.dll
0x00007fff1e490000 - 0x00007fff1e4a7000 	C:\WINDOWS\SYSTEM32\dhcpcsvc6.DLL
0x00007fff1e470000 - 0x00007fff1e48d000 	C:\WINDOWS\SYSTEM32\dhcpcsvc.DLL
0x00007fff22cb0000 - 0x00007fff22d7c000 	C:\WINDOWS\SYSTEM32\DNSAPI.dll
0x00007fff1e4b0000 - 0x00007fff1e4bb000 	C:\WINDOWS\SYSTEM32\WINNSI.DLL

VM Arguments:
jvm_args: -Xmx2048m -Dfile.encoding=UTF-8 -Duser.country=PE -Duser.language=es -Duser.variant 
java_command: org.gradle.launcher.daemon.bootstrap.GradleDaemon 6.5
java_class_path (initial): C:\Users\USUARIO\.gradle\wrapper\dists\gradle-6.5-bin\6nifqtx7604sqp1q6g8wikw7p\gradle-6.5\lib\gradle-launcher-6.5.jar
Launcher Type: SUN_STANDARD

Environment Variables:
PATH=C:\Python38\Scripts\;C:\Python38\;C:\Program Files (x86)\Common Files\Oracle\Java\javapath;C:\WINDOWS\system32;C:\WINDOWS;C:\WINDOWS\System32\Wbem;C:\WINDOWS\System32\WindowsPowerShell\v1.0\;C:\WINDOWS\System32\OpenSSH\;C:\Program Files\dotnet\;C:\Program Files\Microsoft\Web Platform Installer\;C:\Program Files (x86)\PHP\v7.4;C:\ProgramData\ComposerSetup\bin;C:\Program Files\nodejs\;C:\ProgramData\chocolatey\bin;C:\Program Files\Microsoft SQL Server\120\Tools\Binn\;C:\Program Files\Microsoft SQL Server\Client SDK\ODBC\110\Tools\Binn\;C:\Program Files (x86)\Microsoft SQL Server\120\Tools\Binn\;C:\Program Files\Microsoft SQL Server\120\DTS\Binn\;C:\Program Files (x86)\Microsoft SQL Server\120\Tools\Binn\ManagementStudio\;C:\Program Files (x86)\Microsoft SQL Server\120\DTS\Binn\;C:\Users\USUARIO\AppData\Roaming\Microsoft\Windows\Start Menu\Programs\GitHub, Inc;C:\Program Files\Git\cmd;C:\Users\USUARIO\AppData\Local\Programs\Python\Python38\Scripts\;C:\Users\USUARIO\AppData\Local\Programs\Python\Python38\;C:\Users\USUARIO\AppData\Local\Microsoft\WindowsApps;C:\Users\USUARIO\AppData\Local\Android\Sdk\platform-tools;C:\Users\USUARIO\AppData\Roaming\Composer\vendor\bin;C:\Users\USUARIO\AppData\Local\Programs\Microsoft VS Code\bin;C:\Users\USUARIO\AppData\Roaming\npm;C:\Program Files\nodejs;C:\src\flutter\bin;C:\Program Files\heroku\bin;C:\Users\USUARIO\AppData\Local\GitHubDesktop\bin;
USERNAME=USUARIO
OS=Windows_NT
PROCESSOR_IDENTIFIER=Intel64 Family 6 Model 158 Stepping 9, GenuineIntel



---------------  S Y S T E M  ---------------

OS: Windows 10.0 , 64 bit Build 19041 (10.0.19041.928)

CPU:total 4 (initial active 4) (4 cores per cpu, 1 threads per core) family 6 model 158 stepping 9, cmov, cx8, fxsr, mmx, sse, sse2, sse3, ssse3, sse4.1, sse4.2, popcnt, avx, avx2, aes, clmul, erms, 3dnowpref, lzcnt, tsc, tscinvbit, bmi1, bmi2, adx

Memory: 4k page, physical 16634000k(2286204k free), swap 66965648k(7132k free)

vm_info: OpenJDK 64-Bit Server VM (25.242-b01) for windows-amd64 JRE (1.8.0_242-release-1644-b01), built by "builder" with MS VC++ 10.0 (VS2010)

time: Mon May 17 17:20:48 2021
timezone: Hora est. Pacífico, Sudamérica
elapsed time: 6 seconds (0d 0h 0m 6s)

